Generating GRM from plink files..  (job id: 54108337.22 Tue Aug 31 15:06:06 BST 2021)
R version 3.6.1 (2019-07-05)
Platform: x86_64-conda_cos6-linux-gnu (64-bit)
Running under: CentOS Linux 7 (Core)

Matrix products: default
BLAS/LAPACK: /gpfs3/well/lindgren/users/mmq446/conda/skylake/envs/RSAIGE/lib/R/lib/libRblas.so

locale:
[1] C

attached base packages:
[1] stats     graphics  grDevices utils     datasets  methods   base     

other attached packages:
[1] optparse_1.6.4 SAIGE_0.44.6.4

loaded via a namespace (and not attached):
[1] compiler_3.6.1     Matrix_1.2-17      Rcpp_1.0.1         getopt_1.20.3     
[5] grid_3.6.1         RcppParallel_5.1.4 lattice_0.20-44   
$plinkFile
[1] "data/saige/input/ukb_wes_200k_chr22"

$nThreads
[1] 1

$memoryChunk
[1] 2

$outputPrefix
[1] "data/saige/input/ukb_wes_200k_chr22"

$numRandomMarkerforSparseKin
[1] 1000

$relatednessCutoff
[1] 0.125

$isDiagofKinSetAsOne
[1] FALSE

$minMAFforGRM
[1] 0.01

$help
[1] FALSE

sparse GRM will be created
Markers in the Plink file with MAF >=  0.01  will be used to construct GRM
write sample IDs for the sparse GRM to  data/saige/input/ukb_wes_200k_chr22_relatednessCutoff_0.125_1000_randomMarkersUsed.sparseGRM.mtx.sampleIDs.txt 
nbyte: 46833
nbyte: 46833
reserve: 12709052416

M: 271358, N: 187330
size of genoVecofPointers: 7
setgeno mark1
setgeno mark2
