2021-08-11 16:46:13 Hail: INFO: Running Hail version 0.2.64-1ef70187dc78
2021-08-11 16:46:14 SparkContext: WARN: Using an existing SparkContext; some configuration may not take effect.
2021-08-11 16:46:14 root: INFO: RegionPool: initialized for thread 25: Thread-5
2021-08-11 16:46:14 MemoryStore: INFO: Block broadcast_0 stored as values in memory (estimated size 237.3 KB, free 10.5 GB)
2021-08-11 16:46:14 MemoryStore: INFO: Block broadcast_0_piece0 stored as bytes in memory (estimated size 23.0 KB, free 10.5 GB)
2021-08-11 16:46:14 BlockManagerInfo: INFO: Added broadcast_0_piece0 in memory on compe088.hpc.in.bmrc.ox.ac.uk:44075 (size: 23.0 KB, free: 10.5 GB)
2021-08-11 16:46:14 SparkContext: INFO: Created broadcast 0 from broadcast at SparkBackend.scala:259
2021-08-11 16:46:14 root: INFO: globbing path data/tmp/ukb_wes_200k_phased_tmp_chr22.1of1.vcf.gz returned 1 files: ukb_wes_200k_phased_tmp_chr22.1of1.vcf.gz
2021-08-11 16:46:14 root: INFO: globbing path file:/gpfs3/well/lindgren/UKBIOBANK/flassen/projects/KO/wes_ko_ukbb/data/tmp/ukb_wes_200k_phased_tmp_chr22.1of1.vcf.gz returned 1 files: ukb_wes_200k_phased_tmp_chr22.1of1.vcf.gz
2021-08-11 16:46:14 MemoryStore: INFO: Block broadcast_1 stored as values in memory (estimated size 34.9 KB, free 10.5 GB)
2021-08-11 16:46:15 MemoryStore: INFO: Block broadcast_1_piece0 stored as bytes in memory (estimated size 3.2 KB, free 10.5 GB)
2021-08-11 16:46:15 BlockManagerInfo: INFO: Added broadcast_1_piece0 in memory on compe088.hpc.in.bmrc.ox.ac.uk:44075 (size: 3.2 KB, free: 10.5 GB)
2021-08-11 16:46:15 SparkContext: INFO: Created broadcast 1 from broadcast at SparkBackend.scala:259
2021-08-11 16:46:15 root: INFO: RegionPool: FREE: 64.0K allocated (64.0K blocks / 0 chunks), regions.size = 1, 0 current java objects, 0 max java objects, thread 25: Thread-5
2021-08-11 16:46:15 root: INFO: timing SparkBackend.parse_matrix_ir total 658.074ms self 658.074ms children 0.000ms %children 0.00%
2021-08-11 16:46:27 SparkContext: INFO: Invoking stop() from shutdown hook
2021-08-11 16:46:27 AbstractConnector: INFO: Stopped Spark@19b28105{HTTP/1.1,[http/1.1]}{0.0.0.0:4040}
2021-08-11 16:46:27 SparkUI: INFO: Stopped Spark web UI at http://compe088.hpc.in.bmrc.ox.ac.uk:4040
2021-08-11 16:46:27 MapOutputTrackerMasterEndpoint: INFO: MapOutputTrackerMasterEndpoint stopped!
2021-08-11 16:46:27 MemoryStore: INFO: MemoryStore cleared
2021-08-11 16:46:27 BlockManager: INFO: BlockManager stopped
2021-08-11 16:46:27 BlockManagerMaster: INFO: BlockManagerMaster stopped
2021-08-11 16:46:27 OutputCommitCoordinator$OutputCommitCoordinatorEndpoint: INFO: OutputCommitCoordinator stopped!
2021-08-11 16:46:27 SparkContext: INFO: Successfully stopped SparkContext
2021-08-11 16:46:27 ShutdownHookManager: INFO: Shutdown hook called
2021-08-11 16:46:27 ShutdownHookManager: INFO: Deleting directory /gpfs3/well/lindgren/UKBIOBANK/flassen/projects/KO/wes_ko_ukbb/data/tmp/spark/spark-7bea401c-41df-452c-9e49-10c3377d7a4e/pyspark-b06eed3a-1192-44cd-be65-1835d886b6fa
2021-08-11 16:46:27 ShutdownHookManager: INFO: Deleting directory /gpfs3/well/lindgren/UKBIOBANK/flassen/projects/KO/wes_ko_ukbb/data/tmp/spark/spark-7bea401c-41df-452c-9e49-10c3377d7a4e
2021-08-11 16:46:27 ShutdownHookManager: INFO: Deleting directory /tmp/spark-ef1d8e8e-c607-4f07-becf-f2c384ed22ba
