2021-08-10 14:45:44 Hail: INFO: Running Hail version 0.2.64-1ef70187dc78
2021-08-10 14:45:44 SparkContext: WARN: Using an existing SparkContext; some configuration may not take effect.
2021-08-10 14:45:44 root: INFO: RegionPool: initialized for thread 25: Thread-5
2021-08-10 14:45:45 MemoryStore: INFO: Block broadcast_0 stored as values in memory (estimated size 237.3 KB, free 10.5 GB)
2021-08-10 14:45:45 MemoryStore: INFO: Block broadcast_0_piece0 stored as bytes in memory (estimated size 23.0 KB, free 10.5 GB)
2021-08-10 14:45:45 BlockManagerInfo: INFO: Added broadcast_0_piece0 in memory on compe077.hpc.in.bmrc.ox.ac.uk:46750 (size: 23.0 KB, free: 10.5 GB)
2021-08-10 14:45:45 SparkContext: INFO: Created broadcast 0 from broadcast at SparkBackend.scala:259
2021-08-10 14:45:45 root: INFO: globbing path data/tmp/ukb_wes_200k_phased_tmp_chr22.1of1.vcf.gz returned 1 files: ukb_wes_200k_phased_tmp_chr22.1of1.vcf.gz
2021-08-10 14:45:45 root: INFO: globbing path file:/gpfs3/well/lindgren/UKBIOBANK/flassen/projects/KO/wes_ko_ukbb/data/tmp/ukb_wes_200k_phased_tmp_chr22.1of1.vcf.gz returned 1 files: ukb_wes_200k_phased_tmp_chr22.1of1.vcf.gz
2021-08-10 14:45:45 MemoryStore: INFO: Block broadcast_1 stored as values in memory (estimated size 34.9 KB, free 10.5 GB)
2021-08-10 14:45:45 MemoryStore: INFO: Block broadcast_1_piece0 stored as bytes in memory (estimated size 3.2 KB, free 10.5 GB)
2021-08-10 14:45:45 BlockManagerInfo: INFO: Added broadcast_1_piece0 in memory on compe077.hpc.in.bmrc.ox.ac.uk:46750 (size: 3.2 KB, free: 10.5 GB)
2021-08-10 14:45:45 SparkContext: INFO: Created broadcast 1 from broadcast at SparkBackend.scala:259
2021-08-10 14:45:45 root: INFO: RegionPool: FREE: 64.0K allocated (64.0K blocks / 0 chunks), regions.size = 1, 0 current java objects, 0 max java objects, thread 25: Thread-5
2021-08-10 14:45:45 root: INFO: timing SparkBackend.parse_matrix_ir total 723.170ms self 723.170ms children 0.000ms %children 0.00%
2021-08-10 14:45:52 root: INFO: RegionPool: initialized for thread 25: Thread-5
2021-08-10 14:45:52 root: INFO: vep config json: JObject(List((name,JString(VEP)), (config,JString(data/vep/vep_env.json)), (csq,JBool(false)), (blockSize,JInt(1000)), (tolerateParseError,JBool(false))))
2021-08-10 14:45:52 root: INFO: RegionPool: FREE: 64.0K allocated (64.0K blocks / 0 chunks), regions.size = 1, 0 current java objects, 0 max java objects, thread 25: Thread-5
2021-08-10 14:45:52 root: INFO: timing SparkBackend.parse_table_ir total 104.763ms self 104.763ms children 0.000ms %children 0.00%
2021-08-10 14:45:52 root: INFO: RegionPool: initialized for thread 25: Thread-5
2021-08-10 14:45:52 root: INFO: optimize optimize: legacyRelationalLowerer, initial IR: before: IR size 9: 
(TableToTableApply
  "{\"config\":\"data/vep/vep_env.json\",\"csq\":false,\"blockSize\":1000,\"tolerateParseError\":false,\"name\":\"VEP\"}"
  (TableDistinct
    (MatrixRowsTable
      (MatrixMapRows
        (MatrixRead None False False
          "{\"files\":[\"data/tmp/ukb_wes_200k_phased_tmp_chr22.1of1.vcf.gz\"],\"callFields\":[\"PGT\"],\"entryFloatTypeName\":\"Float64\",\"minPartitions\":1,\"rg\":\"GRCh37\",\"contigRecoding\":{},\"arrayElementsRequired\":false,\"skipInvalidLoci\":false,\"gzAsBGZ\":true,\"forceGZ\":false,\"filterAndReplace\":{},\"partitionsJSON\":null,\"name\":\"MatrixVCFReader\"}")
        (InsertFields
          (SelectFields (locus alleles)
            (SelectFields 
              (locus alleles rsid qual filters info)
              (Ref va)))
          None)))))
2021-08-10 14:45:52 root: INFO: optimize optimize: legacyRelationalLowerer, initial IR: after: IR size 4:
(TableToTableApply
  "{\"config\":\"data/vep/vep_env.json\",\"csq\":false,\"blockSize\":1000,\"tolerateParseError\":false,\"name\":\"VEP\"}"
  (TableDistinct
    (MatrixRowsTable
      (MatrixRead
        Matrix{global:Struct{},col_key:[s],col:Struct{s:String},row_key:[[locus,alleles]],row:Struct{locus:Locus(GRCh37),alleles:Array[String]},entry:Struct{}}
        True False
        "{\"files\":[\"data/tmp/ukb_wes_200k_phased_tmp_chr22.1of1.vcf.gz\"],\"callFields\":[\"PGT\"],\"entryFloatTypeName\":\"Float64\",\"minPartitions\":1,\"rg\":\"GRCh37\",\"contigRecoding\":{},\"arrayElementsRequired\":false,\"skipInvalidLoci\":false,\"gzAsBGZ\":true,\"forceGZ\":false,\"filterAndReplace\":{},\"partitionsJSON\":null,\"name\":\"MatrixVCFReader\"}"))))
2021-08-10 14:45:53 root: INFO: optimize optimize: legacyRelationalLowerer, after LowerMatrixToTable: before: IR size 17: 
(TableToTableApply
  "{\"config\":\"data/vep/vep_env.json\",\"csq\":false,\"blockSize\":1000,\"tolerateParseError\":false,\"name\":\"VEP\"}"
  (TableDistinct
    (TableMapRows
      (TableMapGlobals
        (TableMapGlobals
          (TableMapRows
            (TableRead
              Table{global:Struct{__cols:Array[Struct{s:String}]},key:[locus,alleles],row:Struct{locus:Locus(GRCh37),alleles:Array[String],`the entries! [877f12a8827e18f61222c6c8c5fb04a8]`:Array[Struct{}]}}
              False
              "{\"files\":[\"data/tmp/ukb_wes_200k_phased_tmp_chr22.1of1.vcf.gz\"],\"callFields\":[\"PGT\"],\"entryFloatTypeName\":\"Float64\",\"minPartitions\":1,\"rg\":\"GRCh37\",\"contigRecoding\":{},\"arrayElementsRequired\":false,\"skipInvalidLoci\":false,\"gzAsBGZ\":true,\"forceGZ\":false,\"filterAndReplace\":{},\"partitionsJSON\":null,\"name\":\"MatrixVCFReader\"}")
            (InsertFields
              (Ref row)
              None
              (`the entries! [877f12a8827e18f61222c6c8c5fb04a8]`
                (MakeArray Array[Struct{}]))))
          (InsertFields
            (Ref global)
            None
            (__cols (MakeArray Array[Struct{s:String}]))))
        (SelectFields () (Ref global)))
      (SelectFields (locus alleles) (Ref row)))))
2021-08-10 14:45:53 root: INFO: Prune: InsertFields: eliminating field 'the entries! [877f12a8827e18f61222c6c8c5fb04a8]'
2021-08-10 14:45:53 root: INFO: optimize optimize: legacyRelationalLowerer, after LowerMatrixToTable: after: IR size 3:
(TableToTableApply
  "{\"config\":\"data/vep/vep_env.json\",\"csq\":false,\"blockSize\":1000,\"tolerateParseError\":false,\"name\":\"VEP\"}"
  (TableDistinct
    (TableRead
      Table{global:Struct{},key:[locus,alleles],row:Struct{locus:Locus(GRCh37),alleles:Array[String]}}
      False
      "{\"files\":[\"data/tmp/ukb_wes_200k_phased_tmp_chr22.1of1.vcf.gz\"],\"callFields\":[\"PGT\"],\"entryFloatTypeName\":\"Float64\",\"minPartitions\":1,\"rg\":\"GRCh37\",\"contigRecoding\":{},\"arrayElementsRequired\":false,\"skipInvalidLoci\":false,\"gzAsBGZ\":true,\"forceGZ\":false,\"filterAndReplace\":{},\"partitionsJSON\":null,\"name\":\"MatrixVCFReader\"}")))
2021-08-10 14:45:53 root: INFO: optimize optimize: legacyRelationalLowerer, after LegacyInterpretNonCompilable: before: IR size 3: 
(TableToTableApply
  "{\"config\":\"data/vep/vep_env.json\",\"csq\":false,\"blockSize\":1000,\"tolerateParseError\":false,\"name\":\"VEP\"}"
  (TableDistinct
    (TableRead
      Table{global:Struct{},key:[locus,alleles],row:Struct{locus:Locus(GRCh37),alleles:Array[String]}}
      False
      "{\"files\":[\"data/tmp/ukb_wes_200k_phased_tmp_chr22.1of1.vcf.gz\"],\"callFields\":[\"PGT\"],\"entryFloatTypeName\":\"Float64\",\"minPartitions\":1,\"rg\":\"GRCh37\",\"contigRecoding\":{},\"arrayElementsRequired\":false,\"skipInvalidLoci\":false,\"gzAsBGZ\":true,\"forceGZ\":false,\"filterAndReplace\":{},\"partitionsJSON\":null,\"name\":\"MatrixVCFReader\"}")))
2021-08-10 14:45:53 root: INFO: optimize optimize: legacyRelationalLowerer, after LegacyInterpretNonCompilable: after: IR size 3:
(TableToTableApply
  "{\"config\":\"data/vep/vep_env.json\",\"csq\":false,\"blockSize\":1000,\"tolerateParseError\":false,\"name\":\"VEP\"}"
  (TableDistinct
    (TableRead
      Table{global:Struct{},key:[locus,alleles],row:Struct{locus:Locus(GRCh37),alleles:Array[String]}}
      False
      "{\"files\":[\"data/tmp/ukb_wes_200k_phased_tmp_chr22.1of1.vcf.gz\"],\"callFields\":[\"PGT\"],\"entryFloatTypeName\":\"Float64\",\"minPartitions\":1,\"rg\":\"GRCh37\",\"contigRecoding\":{},\"arrayElementsRequired\":false,\"skipInvalidLoci\":false,\"gzAsBGZ\":true,\"forceGZ\":false,\"filterAndReplace\":{},\"partitionsJSON\":null,\"name\":\"MatrixVCFReader\"}")))
2021-08-10 14:45:53 SparkContext: INFO: Starting job: runJob at ContextRDD.scala:238
2021-08-10 14:45:53 DAGScheduler: INFO: Got job 0 (runJob at ContextRDD.scala:238) with 1 output partitions
2021-08-10 14:45:53 DAGScheduler: INFO: Final stage: ResultStage 0 (runJob at ContextRDD.scala:238)
2021-08-10 14:45:53 DAGScheduler: INFO: Parents of final stage: List()
2021-08-10 14:45:53 DAGScheduler: INFO: Missing parents: List()
2021-08-10 14:45:53 DAGScheduler: INFO: Submitting ResultStage 0 (GenericTableValueRDD[1] at RDD at GenericTableValue.scala:87), which has no missing parents
2021-08-10 14:45:53 MemoryStore: INFO: Block broadcast_2 stored as values in memory (estimated size 15.5 KB, free 10.5 GB)
2021-08-10 14:45:53 MemoryStore: INFO: Block broadcast_2_piece0 stored as bytes in memory (estimated size 7.8 KB, free 10.5 GB)
2021-08-10 14:45:53 BlockManagerInfo: INFO: Added broadcast_2_piece0 in memory on compe077.hpc.in.bmrc.ox.ac.uk:46750 (size: 7.8 KB, free: 10.5 GB)
2021-08-10 14:45:53 SparkContext: INFO: Created broadcast 2 from broadcast at DAGScheduler.scala:1161
2021-08-10 14:45:53 DAGScheduler: INFO: Submitting 1 missing tasks from ResultStage 0 (GenericTableValueRDD[1] at RDD at GenericTableValue.scala:87) (first 15 tasks are for partitions Vector(0))
2021-08-10 14:45:53 TaskSchedulerImpl: INFO: Adding task set 0.0 with 1 tasks
2021-08-10 14:45:53 TaskSetManager: INFO: Starting task 0.0 in stage 0.0 (TID 0, localhost, executor driver, partition 0, PROCESS_LOCAL, 8045 bytes)
2021-08-10 14:45:53 Executor: INFO: Running task 0.0 in stage 0.0 (TID 0)
2021-08-10 14:45:53 root: INFO: RegionPool: initialized for thread 82: Executor task launch worker for task 0
2021-08-10 14:45:53 root: INFO: RegionPool: FREE: 128.0K allocated (128.0K blocks / 0 chunks), regions.size = 2, 0 current java objects, 0 max java objects, thread 82: Executor task launch worker for task 0
2021-08-10 14:45:53 Executor: ERROR: Exception in task 0.0 in stage 0.0 (TID 0)
is.hail.utils.HailException: file:/gpfs3/well/lindgren/UKBIOBANK/flassen/projects/KO/wes_ko_ukbb/data/tmp/ukb_wes_200k_phased_tmp_chr22.1of1.vcf.gz:offset 857: error while parsing line
chr22	15528182	chr22_15528182_C_T	C	T	.	.	AC=0;AF=5.00513e-06;CM=0;AN=4	GT	0|0	0|0

	at is.hail.utils.ErrorHandling$class.fatal(ErrorHandling.scala:15)
	at is.hail.utils.package$.fatal(package.scala:77)
	at is.hail.io.vcf.MatrixVCFReader$$anonfun$21$$anonfun$apply$10$$anonfun$apply$11.apply(LoadVCF.scala:1751)
	at is.hail.io.vcf.MatrixVCFReader$$anonfun$21$$anonfun$apply$10$$anonfun$apply$11.apply(LoadVCF.scala:1740)
	at scala.collection.Iterator$$anon$13.hasNext(Iterator.scala:464)
	at scala.collection.Iterator$$anon$11.hasNext(Iterator.scala:409)
	at scala.collection.Iterator$$anon$12.hasNext(Iterator.scala:439)
	at is.hail.rvd.RVD$$anonfun$34.apply(RVD.scala:1220)
	at is.hail.rvd.RVD$$anonfun$34.apply(RVD.scala:1219)
	at is.hail.sparkextras.ContextRDD$$anonfun$crunJobWithIndex$1.apply(ContextRDD.scala:242)
	at is.hail.sparkextras.ContextRDD$$anonfun$crunJobWithIndex$1.apply(ContextRDD.scala:240)
	at org.apache.spark.scheduler.ResultTask.runTask(ResultTask.scala:90)
	at org.apache.spark.scheduler.Task.run(Task.scala:121)
	at org.apache.spark.executor.Executor$TaskRunner$$anonfun$10.apply(Executor.scala:403)
	at org.apache.spark.util.Utils$.tryWithSafeFinally(Utils.scala:1360)
	at org.apache.spark.executor.Executor$TaskRunner.run(Executor.scala:409)
	at java.util.concurrent.ThreadPoolExecutor.runWorker(ThreadPoolExecutor.java:1149)
	at java.util.concurrent.ThreadPoolExecutor$Worker.run(ThreadPoolExecutor.java:624)
	at java.lang.Thread.run(Thread.java:748)
Caused by: is.hail.utils.HailException: Invalid locus 'chr22:15528182' found. Contig 'chr22' is not in the reference genome 'GRCh37'.
	at is.hail.utils.ErrorHandling$class.fatal(ErrorHandling.scala:11)
	at is.hail.utils.package$.fatal(package.scala:77)
	at is.hail.variant.ReferenceGenome.checkLocus(ReferenceGenome.scala:206)
	at is.hail.io.vcf.VCFLine$$anonfun$parseAddVariant$2.apply(LoadVCF.scala:358)
	at is.hail.io.vcf.VCFLine$$anonfun$parseAddVariant$2.apply(LoadVCF.scala:358)
	at scala.Option.foreach(Option.scala:257)
	at is.hail.io.vcf.VCFLine.parseAddVariant(LoadVCF.scala:358)
	at is.hail.io.vcf.LoadVCF$.parseLine(LoadVCF.scala:1306)
	at is.hail.io.vcf.MatrixVCFReader$$anonfun$21$$anonfun$apply$10$$anonfun$apply$11.apply(LoadVCF.scala:1747)
	... 16 more
2021-08-10 14:45:53 TaskSetManager: WARN: Lost task 0.0 in stage 0.0 (TID 0, localhost, executor driver): is.hail.utils.HailException: file:/gpfs3/well/lindgren/UKBIOBANK/flassen/projects/KO/wes_ko_ukbb/data/tmp/ukb_wes_200k_phased_tmp_chr22.1of1.vcf.gz:offset 857: error while parsing line
chr22	15528182	chr22_15528182_C_T	C	T	.	.	AC=0;AF=5.00513e-06;CM=0;AN=4	GT	0|0	0|0

	at is.hail.utils.ErrorHandling$class.fatal(ErrorHandling.scala:15)
	at is.hail.utils.package$.fatal(package.scala:77)
	at is.hail.io.vcf.MatrixVCFReader$$anonfun$21$$anonfun$apply$10$$anonfun$apply$11.apply(LoadVCF.scala:1751)
	at is.hail.io.vcf.MatrixVCFReader$$anonfun$21$$anonfun$apply$10$$anonfun$apply$11.apply(LoadVCF.scala:1740)
	at scala.collection.Iterator$$anon$13.hasNext(Iterator.scala:464)
	at scala.collection.Iterator$$anon$11.hasNext(Iterator.scala:409)
	at scala.collection.Iterator$$anon$12.hasNext(Iterator.scala:439)
	at is.hail.rvd.RVD$$anonfun$34.apply(RVD.scala:1220)
	at is.hail.rvd.RVD$$anonfun$34.apply(RVD.scala:1219)
	at is.hail.sparkextras.ContextRDD$$anonfun$crunJobWithIndex$1.apply(ContextRDD.scala:242)
	at is.hail.sparkextras.ContextRDD$$anonfun$crunJobWithIndex$1.apply(ContextRDD.scala:240)
	at org.apache.spark.scheduler.ResultTask.runTask(ResultTask.scala:90)
	at org.apache.spark.scheduler.Task.run(Task.scala:121)
	at org.apache.spark.executor.Executor$TaskRunner$$anonfun$10.apply(Executor.scala:403)
	at org.apache.spark.util.Utils$.tryWithSafeFinally(Utils.scala:1360)
	at org.apache.spark.executor.Executor$TaskRunner.run(Executor.scala:409)
	at java.util.concurrent.ThreadPoolExecutor.runWorker(ThreadPoolExecutor.java:1149)
	at java.util.concurrent.ThreadPoolExecutor$Worker.run(ThreadPoolExecutor.java:624)
	at java.lang.Thread.run(Thread.java:748)
Caused by: is.hail.utils.HailException: Invalid locus 'chr22:15528182' found. Contig 'chr22' is not in the reference genome 'GRCh37'.
	at is.hail.utils.ErrorHandling$class.fatal(ErrorHandling.scala:11)
	at is.hail.utils.package$.fatal(package.scala:77)
	at is.hail.variant.ReferenceGenome.checkLocus(ReferenceGenome.scala:206)
	at is.hail.io.vcf.VCFLine$$anonfun$parseAddVariant$2.apply(LoadVCF.scala:358)
	at is.hail.io.vcf.VCFLine$$anonfun$parseAddVariant$2.apply(LoadVCF.scala:358)
	at scala.Option.foreach(Option.scala:257)
	at is.hail.io.vcf.VCFLine.parseAddVariant(LoadVCF.scala:358)
	at is.hail.io.vcf.LoadVCF$.parseLine(LoadVCF.scala:1306)
	at is.hail.io.vcf.MatrixVCFReader$$anonfun$21$$anonfun$apply$10$$anonfun$apply$11.apply(LoadVCF.scala:1747)
	... 16 more

2021-08-10 14:45:53 TaskSetManager: ERROR: Task 0 in stage 0.0 failed 1 times; aborting job
2021-08-10 14:45:53 TaskSchedulerImpl: INFO: Removed TaskSet 0.0, whose tasks have all completed, from pool 
2021-08-10 14:45:53 TaskSchedulerImpl: INFO: Cancelling stage 0
2021-08-10 14:45:53 TaskSchedulerImpl: INFO: Killing all running tasks in stage 0: Stage cancelled
2021-08-10 14:45:53 DAGScheduler: INFO: ResultStage 0 (runJob at ContextRDD.scala:238) failed in 0.293 s due to Job aborted due to stage failure: Task 0 in stage 0.0 failed 1 times, most recent failure: Lost task 0.0 in stage 0.0 (TID 0, localhost, executor driver): is.hail.utils.HailException: file:/gpfs3/well/lindgren/UKBIOBANK/flassen/projects/KO/wes_ko_ukbb/data/tmp/ukb_wes_200k_phased_tmp_chr22.1of1.vcf.gz:offset 857: error while parsing line
chr22	15528182	chr22_15528182_C_T	C	T	.	.	AC=0;AF=5.00513e-06;CM=0;AN=4	GT	0|0	0|0

	at is.hail.utils.ErrorHandling$class.fatal(ErrorHandling.scala:15)
	at is.hail.utils.package$.fatal(package.scala:77)
	at is.hail.io.vcf.MatrixVCFReader$$anonfun$21$$anonfun$apply$10$$anonfun$apply$11.apply(LoadVCF.scala:1751)
	at is.hail.io.vcf.MatrixVCFReader$$anonfun$21$$anonfun$apply$10$$anonfun$apply$11.apply(LoadVCF.scala:1740)
	at scala.collection.Iterator$$anon$13.hasNext(Iterator.scala:464)
	at scala.collection.Iterator$$anon$11.hasNext(Iterator.scala:409)
	at scala.collection.Iterator$$anon$12.hasNext(Iterator.scala:439)
	at is.hail.rvd.RVD$$anonfun$34.apply(RVD.scala:1220)
	at is.hail.rvd.RVD$$anonfun$34.apply(RVD.scala:1219)
	at is.hail.sparkextras.ContextRDD$$anonfun$crunJobWithIndex$1.apply(ContextRDD.scala:242)
	at is.hail.sparkextras.ContextRDD$$anonfun$crunJobWithIndex$1.apply(ContextRDD.scala:240)
	at org.apache.spark.scheduler.ResultTask.runTask(ResultTask.scala:90)
	at org.apache.spark.scheduler.Task.run(Task.scala:121)
	at org.apache.spark.executor.Executor$TaskRunner$$anonfun$10.apply(Executor.scala:403)
	at org.apache.spark.util.Utils$.tryWithSafeFinally(Utils.scala:1360)
	at org.apache.spark.executor.Executor$TaskRunner.run(Executor.scala:409)
	at java.util.concurrent.ThreadPoolExecutor.runWorker(ThreadPoolExecutor.java:1149)
	at java.util.concurrent.ThreadPoolExecutor$Worker.run(ThreadPoolExecutor.java:624)
	at java.lang.Thread.run(Thread.java:748)
Caused by: is.hail.utils.HailException: Invalid locus 'chr22:15528182' found. Contig 'chr22' is not in the reference genome 'GRCh37'.
	at is.hail.utils.ErrorHandling$class.fatal(ErrorHandling.scala:11)
	at is.hail.utils.package$.fatal(package.scala:77)
	at is.hail.variant.ReferenceGenome.checkLocus(ReferenceGenome.scala:206)
	at is.hail.io.vcf.VCFLine$$anonfun$parseAddVariant$2.apply(LoadVCF.scala:358)
	at is.hail.io.vcf.VCFLine$$anonfun$parseAddVariant$2.apply(LoadVCF.scala:358)
	at scala.Option.foreach(Option.scala:257)
	at is.hail.io.vcf.VCFLine.parseAddVariant(LoadVCF.scala:358)
	at is.hail.io.vcf.LoadVCF$.parseLine(LoadVCF.scala:1306)
	at is.hail.io.vcf.MatrixVCFReader$$anonfun$21$$anonfun$apply$10$$anonfun$apply$11.apply(LoadVCF.scala:1747)
	... 16 more

Driver stacktrace:
2021-08-10 14:45:53 DAGScheduler: INFO: Job 0 failed: runJob at ContextRDD.scala:238, took 0.342385 s
2021-08-10 14:45:53 root: INFO: RegionPool: FREE: 128.0K allocated (128.0K blocks / 0 chunks), regions.size = 2, 0 current java objects, 0 max java objects, thread 25: Thread-5
2021-08-10 14:45:53 root: ERROR: HailException: Invalid locus 'chr22:15528182' found. Contig 'chr22' is not in the reference genome 'GRCh37'.
From org.apache.spark.SparkException: Job aborted due to stage failure: Task 0 in stage 0.0 failed 1 times, most recent failure: Lost task 0.0 in stage 0.0 (TID 0, localhost, executor driver): is.hail.utils.HailException: file:/gpfs3/well/lindgren/UKBIOBANK/flassen/projects/KO/wes_ko_ukbb/data/tmp/ukb_wes_200k_phased_tmp_chr22.1of1.vcf.gz:offset 857: error while parsing line
chr22	15528182	chr22_15528182_C_T	C	T	.	.	AC=0;AF=5.00513e-06;CM=0;AN=4	GT	0|0	0|0

	at is.hail.utils.ErrorHandling$class.fatal(ErrorHandling.scala:15)
	at is.hail.utils.package$.fatal(package.scala:77)
	at is.hail.io.vcf.MatrixVCFReader$$anonfun$21$$anonfun$apply$10$$anonfun$apply$11.apply(LoadVCF.scala:1751)
	at is.hail.io.vcf.MatrixVCFReader$$anonfun$21$$anonfun$apply$10$$anonfun$apply$11.apply(LoadVCF.scala:1740)
	at scala.collection.Iterator$$anon$13.hasNext(Iterator.scala:464)
	at scala.collection.Iterator$$anon$11.hasNext(Iterator.scala:409)
	at scala.collection.Iterator$$anon$12.hasNext(Iterator.scala:439)
	at is.hail.rvd.RVD$$anonfun$34.apply(RVD.scala:1220)
	at is.hail.rvd.RVD$$anonfun$34.apply(RVD.scala:1219)
	at is.hail.sparkextras.ContextRDD$$anonfun$crunJobWithIndex$1.apply(ContextRDD.scala:242)
	at is.hail.sparkextras.ContextRDD$$anonfun$crunJobWithIndex$1.apply(ContextRDD.scala:240)
	at org.apache.spark.scheduler.ResultTask.runTask(ResultTask.scala:90)
	at org.apache.spark.scheduler.Task.run(Task.scala:121)
	at org.apache.spark.executor.Executor$TaskRunner$$anonfun$10.apply(Executor.scala:403)
	at org.apache.spark.util.Utils$.tryWithSafeFinally(Utils.scala:1360)
	at org.apache.spark.executor.Executor$TaskRunner.run(Executor.scala:409)
	at java.util.concurrent.ThreadPoolExecutor.runWorker(ThreadPoolExecutor.java:1149)
	at java.util.concurrent.ThreadPoolExecutor$Worker.run(ThreadPoolExecutor.java:624)
	at java.lang.Thread.run(Thread.java:748)
Caused by: is.hail.utils.HailException: Invalid locus 'chr22:15528182' found. Contig 'chr22' is not in the reference genome 'GRCh37'.
	at is.hail.utils.ErrorHandling$class.fatal(ErrorHandling.scala:11)
	at is.hail.utils.package$.fatal(package.scala:77)
	at is.hail.variant.ReferenceGenome.checkLocus(ReferenceGenome.scala:206)
	at is.hail.io.vcf.VCFLine$$anonfun$parseAddVariant$2.apply(LoadVCF.scala:358)
	at is.hail.io.vcf.VCFLine$$anonfun$parseAddVariant$2.apply(LoadVCF.scala:358)
	at scala.Option.foreach(Option.scala:257)
	at is.hail.io.vcf.VCFLine.parseAddVariant(LoadVCF.scala:358)
	at is.hail.io.vcf.LoadVCF$.parseLine(LoadVCF.scala:1306)
	at is.hail.io.vcf.MatrixVCFReader$$anonfun$21$$anonfun$apply$10$$anonfun$apply$11.apply(LoadVCF.scala:1747)
	... 16 more

Driver stacktrace:
	at org.apache.spark.scheduler.DAGScheduler.org$apache$spark$scheduler$DAGScheduler$$failJobAndIndependentStages(DAGScheduler.scala:1889)
	at org.apache.spark.scheduler.DAGScheduler$$anonfun$abortStage$1.apply(DAGScheduler.scala:1877)
	at org.apache.spark.scheduler.DAGScheduler$$anonfun$abortStage$1.apply(DAGScheduler.scala:1876)
	at scala.collection.mutable.ResizableArray$class.foreach(ResizableArray.scala:59)
	at scala.collection.mutable.ArrayBuffer.foreach(ArrayBuffer.scala:48)
	at org.apache.spark.scheduler.DAGScheduler.abortStage(DAGScheduler.scala:1876)
	at org.apache.spark.scheduler.DAGScheduler$$anonfun$handleTaskSetFailed$1.apply(DAGScheduler.scala:926)
	at org.apache.spark.scheduler.DAGScheduler$$anonfun$handleTaskSetFailed$1.apply(DAGScheduler.scala:926)
	at scala.Option.foreach(Option.scala:257)
	at org.apache.spark.scheduler.DAGScheduler.handleTaskSetFailed(DAGScheduler.scala:926)
	at org.apache.spark.scheduler.DAGSchedulerEventProcessLoop.doOnReceive(DAGScheduler.scala:2110)
	at org.apache.spark.scheduler.DAGSchedulerEventProcessLoop.onReceive(DAGScheduler.scala:2059)
	at org.apache.spark.scheduler.DAGSchedulerEventProcessLoop.onReceive(DAGScheduler.scala:2048)
	at org.apache.spark.util.EventLoop$$anon$1.run(EventLoop.scala:49)
	at org.apache.spark.scheduler.DAGScheduler.runJob(DAGScheduler.scala:737)
	at org.apache.spark.SparkContext.runJob(SparkContext.scala:2061)
	at org.apache.spark.SparkContext.runJob(SparkContext.scala:2082)
	at org.apache.spark.SparkContext.runJob(SparkContext.scala:2114)
	at is.hail.sparkextras.ContextRDD.crunJobWithIndex(ContextRDD.scala:238)
	at is.hail.rvd.RVD$.getKeyInfo(RVD.scala:1219)
	at is.hail.rvd.RVD$.makeCoercer(RVD.scala:1294)
	at is.hail.expr.ir.GenericTableValue.getRVDCoercer(GenericTableValue.scala:165)
	at is.hail.expr.ir.GenericTableValue.toTableValue(GenericTableValue.scala:191)
	at is.hail.io.vcf.MatrixVCFReader.apply(LoadVCF.scala:1779)
	at is.hail.expr.ir.TableRead.execute(TableIR.scala:1141)
	at is.hail.expr.ir.TableDistinct.execute(TableIR.scala:2378)
	at is.hail.expr.ir.TableToTableApply.execute(TableIR.scala:2808)
	at is.hail.expr.ir.Interpret$.apply(Interpret.scala:23)
	at is.hail.backend.spark.SparkBackend$$anonfun$pyPersistTable$1$$anonfun$apply$9.apply(SparkBackend.scala:476)
	at is.hail.backend.spark.SparkBackend$$anonfun$pyPersistTable$1$$anonfun$apply$9.apply(SparkBackend.scala:475)
	at is.hail.expr.ir.ExecuteContext$$anonfun$scoped$1$$anonfun$apply$1.apply(ExecuteContext.scala:48)
	at is.hail.expr.ir.ExecuteContext$$anonfun$scoped$1$$anonfun$apply$1.apply(ExecuteContext.scala:48)
	at is.hail.utils.package$.using(package.scala:618)
	at is.hail.expr.ir.ExecuteContext$$anonfun$scoped$1.apply(ExecuteContext.scala:48)
	at is.hail.expr.ir.ExecuteContext$$anonfun$scoped$1.apply(ExecuteContext.scala:47)
	at is.hail.utils.package$.using(package.scala:618)
	at is.hail.annotations.RegionPool$.scoped(RegionPool.scala:13)
	at is.hail.expr.ir.ExecuteContext$.scoped(ExecuteContext.scala:47)
	at is.hail.backend.spark.SparkBackend.withExecuteContext(SparkBackend.scala:256)
	at is.hail.backend.spark.SparkBackend$$anonfun$pyPersistTable$1.apply(SparkBackend.scala:475)
	at is.hail.backend.spark.SparkBackend$$anonfun$pyPersistTable$1.apply(SparkBackend.scala:467)
	at is.hail.utils.ExecutionTimer$.time(ExecutionTimer.scala:52)
	at is.hail.utils.ExecutionTimer$.logTime(ExecutionTimer.scala:59)
	at is.hail.backend.spark.SparkBackend.pyPersistTable(SparkBackend.scala:467)
	at sun.reflect.NativeMethodAccessorImpl.invoke0(Native Method)
	at sun.reflect.NativeMethodAccessorImpl.invoke(NativeMethodAccessorImpl.java:62)
	at sun.reflect.DelegatingMethodAccessorImpl.invoke(DelegatingMethodAccessorImpl.java:43)
	at java.lang.reflect.Method.invoke(Method.java:498)
	at py4j.reflection.MethodInvoker.invoke(MethodInvoker.java:244)
	at py4j.reflection.ReflectionEngine.invoke(ReflectionEngine.java:357)
	at py4j.Gateway.invoke(Gateway.java:282)
	at py4j.commands.AbstractCommand.invokeMethod(AbstractCommand.java:132)
	at py4j.commands.CallCommand.execute(CallCommand.java:79)
	at py4j.GatewayConnection.run(GatewayConnection.java:238)
	at java.lang.Thread.run(Thread.java:748)

is.hail.utils.HailException: file:/gpfs3/well/lindgren/UKBIOBANK/flassen/projects/KO/wes_ko_ukbb/data/tmp/ukb_wes_200k_phased_tmp_chr22.1of1.vcf.gz:offset 857: error while parsing line
chr22	15528182	chr22_15528182_C_T	C	T	.	.	AC=0;AF=5.00513e-06;CM=0;AN=4	GT	0|0	0|0

	at is.hail.utils.ErrorHandling$class.fatal(ErrorHandling.scala:15)
	at is.hail.utils.package$.fatal(package.scala:77)
	at is.hail.io.vcf.MatrixVCFReader$$anonfun$21$$anonfun$apply$10$$anonfun$apply$11.apply(LoadVCF.scala:1751)
	at is.hail.io.vcf.MatrixVCFReader$$anonfun$21$$anonfun$apply$10$$anonfun$apply$11.apply(LoadVCF.scala:1740)
	at scala.collection.Iterator$$anon$13.hasNext(Iterator.scala:464)
	at scala.collection.Iterator$$anon$11.hasNext(Iterator.scala:409)
	at scala.collection.Iterator$$anon$12.hasNext(Iterator.scala:439)
	at is.hail.rvd.RVD$$anonfun$34.apply(RVD.scala:1220)
	at is.hail.rvd.RVD$$anonfun$34.apply(RVD.scala:1219)
	at is.hail.sparkextras.ContextRDD$$anonfun$crunJobWithIndex$1.apply(ContextRDD.scala:242)
	at is.hail.sparkextras.ContextRDD$$anonfun$crunJobWithIndex$1.apply(ContextRDD.scala:240)
	at org.apache.spark.scheduler.ResultTask.runTask(ResultTask.scala:90)
	at org.apache.spark.scheduler.Task.run(Task.scala:121)
	at org.apache.spark.executor.Executor$TaskRunner$$anonfun$10.apply(Executor.scala:403)
	at org.apache.spark.util.Utils$.tryWithSafeFinally(Utils.scala:1360)
	at org.apache.spark.executor.Executor$TaskRunner.run(Executor.scala:409)
	at java.util.concurrent.ThreadPoolExecutor.runWorker(ThreadPoolExecutor.java:1149)
	at java.util.concurrent.ThreadPoolExecutor$Worker.run(ThreadPoolExecutor.java:624)
	at java.lang.Thread.run(Thread.java:748)

is.hail.utils.HailException: Invalid locus 'chr22:15528182' found. Contig 'chr22' is not in the reference genome 'GRCh37'.
	at is.hail.utils.ErrorHandling$class.fatal(ErrorHandling.scala:11)
	at is.hail.utils.package$.fatal(package.scala:77)
	at is.hail.variant.ReferenceGenome.checkLocus(ReferenceGenome.scala:206)
	at is.hail.io.vcf.VCFLine$$anonfun$parseAddVariant$2.apply(LoadVCF.scala:358)
	at is.hail.io.vcf.VCFLine$$anonfun$parseAddVariant$2.apply(LoadVCF.scala:358)
	at scala.Option.foreach(Option.scala:257)
	at is.hail.io.vcf.VCFLine.parseAddVariant(LoadVCF.scala:358)
	at is.hail.io.vcf.LoadVCF$.parseLine(LoadVCF.scala:1306)
	at is.hail.io.vcf.MatrixVCFReader$$anonfun$21$$anonfun$apply$10$$anonfun$apply$11.apply(LoadVCF.scala:1747)
	at is.hail.io.vcf.MatrixVCFReader$$anonfun$21$$anonfun$apply$10$$anonfun$apply$11.apply(LoadVCF.scala:1740)
	at scala.collection.Iterator$$anon$13.hasNext(Iterator.scala:464)
	at scala.collection.Iterator$$anon$11.hasNext(Iterator.scala:409)
	at scala.collection.Iterator$$anon$12.hasNext(Iterator.scala:439)
	at is.hail.rvd.RVD$$anonfun$34.apply(RVD.scala:1220)
	at is.hail.rvd.RVD$$anonfun$34.apply(RVD.scala:1219)
	at is.hail.sparkextras.ContextRDD$$anonfun$crunJobWithIndex$1.apply(ContextRDD.scala:242)
	at is.hail.sparkextras.ContextRDD$$anonfun$crunJobWithIndex$1.apply(ContextRDD.scala:240)
	at org.apache.spark.scheduler.ResultTask.runTask(ResultTask.scala:90)
	at org.apache.spark.scheduler.Task.run(Task.scala:121)
	at org.apache.spark.executor.Executor$TaskRunner$$anonfun$10.apply(Executor.scala:403)
	at org.apache.spark.util.Utils$.tryWithSafeFinally(Utils.scala:1360)
	at org.apache.spark.executor.Executor$TaskRunner.run(Executor.scala:409)
	at java.util.concurrent.ThreadPoolExecutor.runWorker(ThreadPoolExecutor.java:1149)
	at java.util.concurrent.ThreadPoolExecutor$Worker.run(ThreadPoolExecutor.java:624)
	at java.lang.Thread.run(Thread.java:748)





2021-08-10 14:46:06 SparkContext: INFO: Invoking stop() from shutdown hook
2021-08-10 14:46:06 AbstractConnector: INFO: Stopped Spark@43e66656{HTTP/1.1,[http/1.1]}{0.0.0.0:4040}
2021-08-10 14:46:06 SparkUI: INFO: Stopped Spark web UI at http://compe077.hpc.in.bmrc.ox.ac.uk:4040
2021-08-10 14:46:06 MapOutputTrackerMasterEndpoint: INFO: MapOutputTrackerMasterEndpoint stopped!
2021-08-10 14:46:06 MemoryStore: INFO: MemoryStore cleared
2021-08-10 14:46:06 BlockManager: INFO: BlockManager stopped
2021-08-10 14:46:06 BlockManagerMaster: INFO: BlockManagerMaster stopped
2021-08-10 14:46:06 OutputCommitCoordinator$OutputCommitCoordinatorEndpoint: INFO: OutputCommitCoordinator stopped!
2021-08-10 14:46:06 SparkContext: INFO: Successfully stopped SparkContext
2021-08-10 14:46:06 ShutdownHookManager: INFO: Shutdown hook called
2021-08-10 14:46:06 ShutdownHookManager: INFO: Deleting directory /gpfs3/well/lindgren/UKBIOBANK/flassen/projects/KO/wes_ko_ukbb/data/tmp/spark/spark-5bda6fe9-e61b-44c4-9c7b-203426a73e4f
2021-08-10 14:46:06 ShutdownHookManager: INFO: Deleting directory /tmp/spark-ece6e26b-c0c1-4bc3-90b1-5082494158df
2021-08-10 14:46:06 ShutdownHookManager: INFO: Deleting directory /gpfs3/well/lindgren/UKBIOBANK/flassen/projects/KO/wes_ko_ukbb/data/tmp/spark/spark-5bda6fe9-e61b-44c4-9c7b-203426a73e4f/pyspark-9fbc0e79-ee2a-44d8-a8c8-efa5a83f27d2
