#
# A fatal error has been detected by the Java Runtime Environment:
#
#  SIGBUS (0x7) at pc=0x00002b61f2b8da50, pid=224432, tid=0x00002b707c401700
#
# JRE version: Java(TM) SE Runtime Environment (8.0_172-b11) (build 1.8.0_172-b11)
# Java VM: Java HotSpot(TM) 64-Bit Server VM (25.172-b11 mixed mode linux-amd64 )
# Problematic frame:
# V  [libjvm.so+0x220a50]
#
# Failed to write core dump. Core dumps have been disabled. To enable core dumping, try "ulimit -c unlimited" before starting Java again
#
# If you would like to submit a bug report, please visit:
#   http://bugreport.java.com/bugreport/crash.jsp
#

---------------  T H R E A D  ---------------

Current thread (0x00002b6fb401e000):  JavaThread "Executor task launch worker for task 2.0 in stage 2.0 (TID 34)" daemon [_thread_in_vm, id=224730, stack(0x00002b707c301000,0x00002b707c402000)]

siginfo: si_signo: 7 (SIGBUS), si_code: 2 (BUS_ADRERR), si_addr: 0x00002b61f2b8da50

Registers:
RAX=0x00002b61f3906240, RBX=0x000000000000000c, RCX=0x0000000000000003, RDX=0x0000000000000001
RSP=0x00002b707c3ff6e8, RBP=0x00002b707c3ff750, RSI=0x000000000000000c, RDI=0x0000000000000001
R8 =0x000000000000013b, R9 =0x00002b6a927f4768, R10=0x00002b61f3331230, R11=0x00002b61f32550d0
R12=0x00002b6a927f4630, R13=0x00002b707c3ff6f0, R14=0x0000000000000027, R15=0x00002b6fb401e000
RIP=0x00002b61f2b8da50, EFLAGS=0x0000000000010206, CSGSFS=0x0000000000000033, ERR=0x0000000000000014
  TRAPNO=0x000000000000000e

Top of Stack: (sp=0x00002b707c3ff6e8)
0x00002b707c3ff6e8:   00002b61f2df543c 00002b6208d36c48
0x00002b707c3ff6f8:   ffffffffffffffff 00002b6208d36c68
0x00002b707c3ff708:   00002b7084d12388 00002b7000000001
0x00002b707c3ff718:   0000000000000004 3f110e8d00000001
0x00002b707c3ff728:   0000000000000000 0000000000000000
0x00002b707c3ff738:   00002b6fb401e058 00000000007f4508
0x00002b707c3ff748:   0000000000000027 00002b707c3ff770
0x00002b707c3ff758:   00002b61f33ef856 00002b707c3ff770
0x00002b707c3ff768:   0000000000000000 00002b707c3ff7c0
0x00002b707c3ff778:   00002b61f2df56eb 00002b6a00000001
0x00002b707c3ff788:   00002b6f467e8208 00002b6fb401e058
0x00002b707c3ff798:   00002b6fb401e000 00002b6f467e8208
0x00002b707c3ff7a8:   000000000000008e 0000000000000027
0x00002b707c3ff7b8:   00002b6a927f4630 00002b707c3ff810
0x00002b707c3ff7c8:   00002b61f34049be 0000000000000002
0x00002b707c3ff7d8:   00002b61fbd5ab1f 00002b6a927f3d88
0x00002b707c3ff7e8:   0000000000000010 00002b6fb401e000
0x00002b707c3ff7f8:   00002b6f467e8208 000000000000008e
0x00002b707c3ff808:   00002b6fb401e000 00002b707c3ff840
0x00002b707c3ff818:   00002b61f3331257 0000000000000010
0x00002b707c3ff828:   00000000000a9f80 00002b6a927f4490
0x00002b707c3ff838:   00002b6a927f4630 0000000000000046
0x00002b707c3ff848:   00002b61f951af87 0000000000000046
0x00002b707c3ff858:   00002b61fa16dc58 00002b6a927f4478
0x00002b707c3ff868:   00002b6a927f42b8 00002b6a927f4490
0x00002b707c3ff878:   00002b6a927f4588 0000008e00000010
0x00002b707c3ff888:   000000000000013b 0000000000000138
0x00002b707c3ff898:   00002b6a927f4478 00002b6a927f42b8
0x00002b707c3ff8a8:   00002b6a927f3de0 00002b6a00000046
0x00002b707c3ff8b8:   000000000000002d 0000000000000028
0x00002b707c3ff8c8:   00002b6100000005 0000000000000005
0x00002b707c3ff8d8:   00002b61fa03f400 00002b6a927f4460 

Instructions: (pc=0x00002b61f2b8da50)
0x00002b61f2b8da30:   ff 25 32 48 d6 00 68 9d 00 00 00 e9 10 f6 ff ff
0x00002b61f2b8da40:   ff 25 2a 48 d6 00 68 9e 00 00 00 e9 00 f6 ff ff
0x00002b61f2b8da50:   ff 25 22 48 d6 00 68 9f 00 00 00 e9 f0 f5 ff ff
0x00002b61f2b8da60:   ff 25 1a 48 d6 00 68 a0 00 00 00 e9 e0 f5 ff ff 

Register to memory mapping:

RAX=0x00002b61f3906240: <offset 0xf99240> in /gpfs3/apps/well/java/jdk1.8.0_172/jre/lib/amd64/server/libjvm.so at 0x00002b61f296d000
RBX=0x000000000000000c is an unknown value
RCX=0x0000000000000003 is an unknown value
RDX=0x0000000000000001 is an unknown value
RSP=0x00002b707c3ff6e8 is pointing into the stack for thread: 0x00002b6fb401e000
RBP=0x00002b707c3ff750 is pointing into the stack for thread: 0x00002b6fb401e000
RSI=0x000000000000000c is an unknown value
RDI=0x0000000000000001 is an unknown value
R8 =0x000000000000013b is an unknown value
R9 =0x00002b6a927f4768 is an oop
