2022-09-30 13:57:03 Hail: INFO: Running Hail version 0.2.78-b17627756568
2022-09-30 13:57:04 SparkContext: WARN: Using an existing SparkContext; some configuration may not take effect.
2022-09-30 13:57:05 root: INFO: RegionPool: initialized for thread 28: Thread-5
2022-09-30 13:57:05 root: INFO: globbing path /well/lindgren/UKBIOBANK/nbaya/resources/ukb11867_pedigree.fam returned 1 files: ukb11867_pedigree.fam
2022-09-30 13:57:05 root: INFO: RegionPool: FREE: 64.0K allocated (64.0K blocks / 0 chunks), regions.size = 1, 0 current java objects, thread 28: Thread-5
2022-09-30 13:57:05 root: INFO: timing SparkBackend.parse_table_ir total 541.480ms self 541.480ms children 0.000ms %children 0.00%
2022-09-30 13:57:05 Hail: INFO: Reading table without type imputation
  Loading field 'FID' as type str (user-supplied)
  Loading field 'IID' as type str (user-supplied)
  Loading field 'PAT' as type str (user-supplied)
  Loading field 'MAT' as type str (user-supplied)
  Loading field 'SEX' as type str (user-supplied)
  Loading field 'PHEN' as type str (user-supplied)
2022-09-30 13:57:23 SparkContext: INFO: Invoking stop() from shutdown hook
2022-09-30 13:57:23 AbstractConnector: INFO: Stopped Spark@6e7fdc5d{HTTP/1.1, (http/1.1)}{0.0.0.0:4040}
2022-09-30 13:57:23 SparkUI: INFO: Stopped Spark web UI at http://compa004.hpc.in.bmrc.ox.ac.uk:4040
2022-09-30 13:57:23 MapOutputTrackerMasterEndpoint: INFO: MapOutputTrackerMasterEndpoint stopped!
2022-09-30 13:57:23 MemoryStore: INFO: MemoryStore cleared
2022-09-30 13:57:23 BlockManager: INFO: BlockManager stopped
2022-09-30 13:57:23 BlockManagerMaster: INFO: BlockManagerMaster stopped
2022-09-30 13:57:23 OutputCommitCoordinator$OutputCommitCoordinatorEndpoint: INFO: OutputCommitCoordinator stopped!
2022-09-30 13:57:23 SparkContext: INFO: Successfully stopped SparkContext
2022-09-30 13:57:23 ShutdownHookManager: INFO: Shutdown hook called
2022-09-30 13:57:23 ShutdownHookManager: INFO: Deleting directory /tmp/spark-1196fb37-6d8e-4270-a0c4-1c86ec4c0b0d/pyspark-245df8a4-1d6b-4f91-a190-0ef59b484c64
2022-09-30 13:57:23 ShutdownHookManager: INFO: Deleting directory /tmp/spark-ea6b21d2-3c39-4d24-a1fc-681b6324b52f
2022-09-30 13:57:23 ShutdownHookManager: INFO: Deleting directory /tmp/spark-1196fb37-6d8e-4270-a0c4-1c86ec4c0b0d
