2022-07-20 11:11:08 Hail: INFO: Running Hail version 0.2.74-0c3a74d12093
2022-07-20 11:11:08 SparkContext: WARN: Using an existing SparkContext; some configuration may not take effect.
2022-07-20 11:11:08 root: ERROR: HailException: MatrixTable and Table files are directories; path 'data/simulation/data/ukb_eur_10000_samples_chr21.mt' is not a directory
From is.hail.utils.HailException: MatrixTable and Table files are directories; path 'data/simulation/data/ukb_eur_10000_samples_chr21.mt' is not a directory
	at is.hail.utils.ErrorHandling.fatal(ErrorHandling.scala:11)
	at is.hail.utils.ErrorHandling.fatal$(ErrorHandling.scala:11)
	at is.hail.utils.package$.fatal(package.scala:77)
	at is.hail.expr.ir.RelationalSpec$.readMetadata(AbstractMatrixTableSpec.scala:31)
	at is.hail.expr.ir.RelationalSpec$.readReferences(AbstractMatrixTableSpec.scala:68)
	at is.hail.variant.ReferenceGenome$.fromHailDataset(ReferenceGenome.scala:584)
	at is.hail.variant.ReferenceGenome.fromHailDataset(ReferenceGenome.scala)
	at sun.reflect.NativeMethodAccessorImpl.invoke0(Native Method)
	at sun.reflect.NativeMethodAccessorImpl.invoke(NativeMethodAccessorImpl.java:62)
	at sun.reflect.DelegatingMethodAccessorImpl.invoke(DelegatingMethodAccessorImpl.java:43)
	at java.lang.reflect.Method.invoke(Method.java:498)
	at py4j.reflection.MethodInvoker.invoke(MethodInvoker.java:244)
	at py4j.reflection.ReflectionEngine.invoke(ReflectionEngine.java:357)
	at py4j.Gateway.invoke(Gateway.java:282)
	at py4j.commands.AbstractCommand.invokeMethod(AbstractCommand.java:132)
	at py4j.commands.CallCommand.execute(CallCommand.java:79)
	at py4j.GatewayConnection.run(GatewayConnection.java:238)
	at java.lang.Thread.run(Thread.java:750)



2022-07-20 11:11:52 SparkContext: INFO: Invoking stop() from shutdown hook
2022-07-20 11:11:52 AbstractConnector: INFO: Stopped Spark@142ed69d{HTTP/1.1, (http/1.1)}{0.0.0.0:4040}
2022-07-20 11:11:52 SparkUI: INFO: Stopped Spark web UI at http://compa023.hpc.in.bmrc.ox.ac.uk:4040
2022-07-20 11:11:52 MapOutputTrackerMasterEndpoint: INFO: MapOutputTrackerMasterEndpoint stopped!
2022-07-20 11:11:52 MemoryStore: INFO: MemoryStore cleared
2022-07-20 11:11:52 BlockManager: INFO: BlockManager stopped
2022-07-20 11:11:52 BlockManagerMaster: INFO: BlockManagerMaster stopped
2022-07-20 11:11:52 OutputCommitCoordinator$OutputCommitCoordinatorEndpoint: INFO: OutputCommitCoordinator stopped!
2022-07-20 11:11:52 SparkContext: INFO: Successfully stopped SparkContext
2022-07-20 11:11:52 ShutdownHookManager: INFO: Shutdown hook called
2022-07-20 11:11:52 ShutdownHookManager: INFO: Deleting directory /tmp/spark-50fc4a0f-d84a-4539-8d67-9ce098f1667f/pyspark-1ac2832a-0a0a-4bd1-abba-ceb018cd41bf
2022-07-20 11:11:52 ShutdownHookManager: INFO: Deleting directory /tmp/spark-50fc4a0f-d84a-4539-8d67-9ce098f1667f
2022-07-20 11:11:52 ShutdownHookManager: INFO: Deleting directory /tmp/spark-c224df9a-6912-4f9a-9a76-d4a69115bedf
