2022-10-27 11:35:31 Hail: INFO: Running Hail version 0.2.102-817f6fb3468f
2022-10-27 11:35:31 SparkContext: WARN: Using an existing SparkContext; some configuration may not take effect.
2022-10-27 11:35:32 root: INFO: RegionPool: initialized for thread 28: Thread-5
2022-10-27 11:35:32 root: INFO: globbing path data/prephased/old/prephased/ukb_eur_wes_union_calls_200k_chr21.vcf.gz returned 0 files: 
2022-10-27 11:35:32 Hail: WARN: 'data/prephased/old/prephased/ukb_eur_wes_union_calls_200k_chr21.vcf.gz' refers to no files
2022-10-27 11:35:32 root: INFO: RegionPool: FREE: 64.0K allocated (64.0K blocks / 0 chunks), regions.size = 1, 0 current java objects, thread 28: Thread-5
2022-10-27 11:35:32 root: ERROR: HailException: arguments refer to no files
From is.hail.utils.HailException: arguments refer to no files
	at is.hail.utils.ErrorHandling.fatal(ErrorHandling.scala:17)
	at is.hail.utils.ErrorHandling.fatal$(ErrorHandling.scala:17)
	at is.hail.utils.package$.fatal(package.scala:78)
	at is.hail.io.vcf.LoadVCF$.globAllVCFs(LoadVCF.scala:1151)
	at is.hail.io.vcf.MatrixVCFReader$.apply(LoadVCF.scala:1590)
	at is.hail.io.vcf.MatrixVCFReader$.fromJValue(LoadVCF.scala:1665)
	at is.hail.expr.ir.MatrixReader$.fromJson(MatrixIR.scala:89)
	at is.hail.expr.ir.IRParser$.matrix_ir_1(Parser.scala:1745)
	at is.hail.expr.ir.IRParser$.$anonfun$matrix_ir$1(Parser.scala:1665)
	at is.hail.utils.StackSafe$More.advance(StackSafe.scala:64)
	at is.hail.utils.StackSafe$.run(StackSafe.scala:16)
	at is.hail.utils.StackSafe$StackFrame.run(StackSafe.scala:32)
	at is.hail.expr.ir.IRParser$.$anonfun$parse_matrix_ir$1(Parser.scala:2025)
	at is.hail.expr.ir.IRParser$.parse(Parser.scala:2010)
	at is.hail.expr.ir.IRParser$.parse_matrix_ir(Parser.scala:2025)
	at is.hail.backend.spark.SparkBackend.$anonfun$parse_matrix_ir$2(SparkBackend.scala:692)
	at is.hail.backend.ExecuteContext$.$anonfun$scoped$3(ExecuteContext.scala:70)
	at is.hail.utils.package$.using(package.scala:635)
	at is.hail.backend.ExecuteContext$.$anonfun$scoped$2(ExecuteContext.scala:70)
	at is.hail.utils.package$.using(package.scala:635)
	at is.hail.annotations.RegionPool$.scoped(RegionPool.scala:17)
	at is.hail.backend.ExecuteContext$.scoped(ExecuteContext.scala:59)
	at is.hail.backend.spark.SparkBackend.withExecuteContext(SparkBackend.scala:310)
	at is.hail.backend.spark.SparkBackend.$anonfun$parse_matrix_ir$1(SparkBackend.scala:691)
	at is.hail.utils.ExecutionTimer$.time(ExecutionTimer.scala:52)
	at is.hail.utils.ExecutionTimer$.logTime(ExecutionTimer.scala:59)
	at is.hail.backend.spark.SparkBackend.parse_matrix_ir(SparkBackend.scala:690)
	at sun.reflect.NativeMethodAccessorImpl.invoke0(Native Method)
	at sun.reflect.NativeMethodAccessorImpl.invoke(NativeMethodAccessorImpl.java:62)
	at sun.reflect.DelegatingMethodAccessorImpl.invoke(DelegatingMethodAccessorImpl.java:43)
	at java.lang.reflect.Method.invoke(Method.java:498)
	at py4j.reflection.MethodInvoker.invoke(MethodInvoker.java:244)
	at py4j.reflection.ReflectionEngine.invoke(ReflectionEngine.java:357)
	at py4j.Gateway.invoke(Gateway.java:282)
	at py4j.commands.AbstractCommand.invokeMethod(AbstractCommand.java:132)
	at py4j.commands.CallCommand.execute(CallCommand.java:79)
	at py4j.GatewayConnection.run(GatewayConnection.java:238)
	at java.lang.Thread.run(Thread.java:748)



2022-10-27 11:35:40 SparkContext: INFO: Invoking stop() from shutdown hook
2022-10-27 11:35:40 AbstractConnector: INFO: Stopped Spark@f11be2{HTTP/1.1, (http/1.1)}{0.0.0.0:4040}
2022-10-27 11:35:40 SparkUI: INFO: Stopped Spark web UI at http://compa000.hpc.in.bmrc.ox.ac.uk:4040
2022-10-27 11:35:40 MapOutputTrackerMasterEndpoint: INFO: MapOutputTrackerMasterEndpoint stopped!
2022-10-27 11:35:40 MemoryStore: INFO: MemoryStore cleared
2022-10-27 11:35:40 BlockManager: INFO: BlockManager stopped
2022-10-27 11:35:40 BlockManagerMaster: INFO: BlockManagerMaster stopped
2022-10-27 11:35:40 OutputCommitCoordinator$OutputCommitCoordinatorEndpoint: INFO: OutputCommitCoordinator stopped!
2022-10-27 11:35:40 SparkContext: INFO: Successfully stopped SparkContext
2022-10-27 11:35:40 ShutdownHookManager: INFO: Shutdown hook called
2022-10-27 11:35:40 ShutdownHookManager: INFO: Deleting directory /gpfs3/well/lindgren/flassen/spark/default/spark-42f6ad6a-1a2a-4978-a399-a899c0714389
2022-10-27 11:35:40 ShutdownHookManager: INFO: Deleting directory /tmp/spark-13002946-739e-446a-af7a-5770e00179d2
2022-10-27 11:35:40 ShutdownHookManager: INFO: Deleting directory /gpfs3/well/lindgren/flassen/spark/default/spark-42f6ad6a-1a2a-4978-a399-a899c0714389/pyspark-e9d041cd-313f-4a78-917a-111e1ef8f241
