Finished running HAIL for chr. Elapsed time: 0 hrs (job id: 54206368.undefined Wed Sep  8 16:03:46 BST 2021)
Finished running HAIL for chr. Elapsed time: 0 hrs (job id: 54206385.undefined Wed Sep  8 16:05:45 BST 2021)
2021-09-08 16:13:13 WARN  NativeCodeLoader:60 - Unable to load native-hadoop library for your platform... using builtin-java classes where applicable
2021-09-08 16:13:14 WARN  Hail:43 - This Hail JAR was compiled for Spark 3.1.1, running with Spark 3.1.2.
  Compatibility is not guaranteed.
2021-09-08 16:13:14 WARN  SparkConf:69 - Note that spark.local.dir will be overridden by the value set by the cluster manager (via SPARK_LOCAL_DIRS in mesos/standalone/kubernetes and LOCAL_DIRS in YARN).
Successfully combined .bgen files for GRM input.. Elapsed time: 2.54 hrs (job id: 54206429.undefined Wed Sep  8 18:45:40 BST 2021)
Successfully generated GRM. Elapsed time: 2.54 hrs (job id: 54206429.undefined Wed Sep  8 18:45:40 BST 2021)
2021-09-08 22:58:40 WARN  NativeCodeLoader:60 - Unable to load native-hadoop library for your platform... using builtin-java classes where applicable
2021-09-08 22:58:41 WARN  Hail:43 - This Hail JAR was compiled for Spark 3.1.1, running with Spark 3.1.2.
  Compatibility is not guaranteed.
2021-09-08 22:58:41 WARN  SparkConf:69 - Note that spark.local.dir will be overridden by the value set by the cluster manager (via SPARK_LOCAL_DIRS in mesos/standalone/kubernetes and LOCAL_DIRS in YARN).
Successfully combined .bgen files for GRM input.. Elapsed time: 9.38 hrs (job id: 54208535.undefined Thu Sep  9 08:21:21 BST 2021)
2021-09-09 11:50:50 WARN  NativeCodeLoader:60 - Unable to load native-hadoop library for your platform... using builtin-java classes where applicable
2021-09-09 11:50:51 WARN  Hail:43 - This Hail JAR was compiled for Spark 3.1.1, running with Spark 3.1.2.
  Compatibility is not guaranteed.
2021-09-09 11:50:51 WARN  SparkConf:69 - Note that spark.local.dir will be overridden by the value set by the cluster manager (via SPARK_LOCAL_DIRS in mesos/standalone/kubernetes and LOCAL_DIRS in YARN).
2021-09-09 12:11:34 WARN  NativeCodeLoader:60 - Unable to load native-hadoop library for your platform... using builtin-java classes where applicable
2021-09-09 12:11:35 WARN  Hail:43 - This Hail JAR was compiled for Spark 3.1.1, running with Spark 3.1.2.
  Compatibility is not guaranteed.
2021-09-09 12:11:35 WARN  SparkConf:69 - Note that spark.local.dir will be overridden by the value set by the cluster manager (via SPARK_LOCAL_DIRS in mesos/standalone/kubernetes and LOCAL_DIRS in YARN).
[get_genetically_european]: Not all samples IDs mapped perfectly (125/487409 IDs are undefined)
[get_genetically_european]:458841/487409 IDs were included as genetically european.
Successfully combined .bgen files for GRM input.. Elapsed time: 10.69 hrs (job id: 54212818.undefined Thu Sep  9 22:52:41 BST 2021)
Successfully generated GRM. Elapsed time: 10.69 hrs (job id: 54212818.undefined Thu Sep  9 22:52:41 BST 2021)
