2021-08-15 16:25:46 WARN  NativeCodeLoader:60 - Unable to load native-hadoop library for your platform... using builtin-java classes where applicable
2021-08-15 16:25:46 WARN  Hail:43 - This Hail JAR was compiled for Spark 3.1.1, running with Spark 3.1.2.
  Compatibility is not guaranteed.
2021-08-15 16:25:46 WARN  SparkConf:69 - Note that spark.local.dir will be overridden by the value set by the cluster manager (via SPARK_LOCAL_DIRS in mesos/standalone/kubernetes and LOCAL_DIRS in YARN).
2021-08-15 16:54:58 WARN  NativeCodeLoader:60 - Unable to load native-hadoop library for your platform... using builtin-java classes where applicable
2021-08-15 16:54:59 WARN  Hail:43 - This Hail JAR was compiled for Spark 3.1.1, running with Spark 3.1.2.
  Compatibility is not guaranteed.
2021-08-15 16:54:59 WARN  SparkConf:69 - Note that spark.local.dir will be overridden by the value set by the cluster manager (via SPARK_LOCAL_DIRS in mesos/standalone/kubernetes and LOCAL_DIRS in YARN).
2021-08-15 17:00:59 WARN  NativeCodeLoader:60 - Unable to load native-hadoop library for your platform... using builtin-java classes where applicable
2021-08-15 17:01:00 WARN  Hail:43 - This Hail JAR was compiled for Spark 3.1.1, running with Spark 3.1.2.
  Compatibility is not guaranteed.
2021-08-15 17:01:00 WARN  SparkConf:69 - Note that spark.local.dir will be overridden by the value set by the cluster manager (via SPARK_LOCAL_DIRS in mesos/standalone/kubernetes and LOCAL_DIRS in YARN).
derived/hail/ukb_wes_200k_phased_chr22
mt
2021-08-15 17:07:28 WARN  NativeCodeLoader:60 - Unable to load native-hadoop library for your platform... using builtin-java classes where applicable
2021-08-15 17:07:28 WARN  Hail:43 - This Hail JAR was compiled for Spark 3.1.1, running with Spark 3.1.2.
  Compatibility is not guaranteed.
2021-08-15 17:07:28 WARN  SparkConf:69 - Note that spark.local.dir will be overridden by the value set by the cluster manager (via SPARK_LOCAL_DIRS in mesos/standalone/kubernetes and LOCAL_DIRS in YARN).
2021-08-15 17:15:00 WARN  NativeCodeLoader:60 - Unable to load native-hadoop library for your platform... using builtin-java classes where applicable
2021-08-15 17:15:01 WARN  Hail:43 - This Hail JAR was compiled for Spark 3.1.1, running with Spark 3.1.2.
  Compatibility is not guaranteed.
2021-08-15 17:15:01 WARN  SparkConf:69 - Note that spark.local.dir will be overridden by the value set by the cluster manager (via SPARK_LOCAL_DIRS in mesos/standalone/kubernetes and LOCAL_DIRS in YARN).
Mapping IDs from UKB app 12788 to 11867
