2021-08-15 17:53:16 Hail: INFO: Running Hail version 0.2.74-0c3a74d12093
2021-08-15 17:53:16 SparkContext: WARN: Using an existing SparkContext; some configuration may not take effect.
2021-08-15 17:53:16 root: INFO: RegionPool: initialized for thread 25: Thread-5
2021-08-15 17:53:17 MemoryStore: INFO: Block broadcast_0 stored as values in memory (estimated size 294.6 KiB, free 10.5 GiB)
2021-08-15 17:53:17 MemoryStore: INFO: Block broadcast_0_piece0 stored as bytes in memory (estimated size 27.1 KiB, free 10.5 GiB)
2021-08-15 17:53:17 BlockManagerInfo: INFO: Added broadcast_0_piece0 in memory on compe078.hpc.in.bmrc.ox.ac.uk:46303 (size: 27.1 KiB, free: 10.5 GiB)
2021-08-15 17:53:17 SparkContext: INFO: Created broadcast 0 from broadcast at SparkBackend.scala:278
2021-08-15 17:53:17 root: INFO: globbing path data/phased/ukb_wes_200k_phased_chr22.1of1.vcf.gz returned 1 files: ukb_wes_200k_phased_chr22.1of1.vcf.gz
2021-08-15 17:53:17 root: INFO: globbing path file:/gpfs3/well/lindgren/UKBIOBANK/flassen/projects/KO/wes_ko_ukbb/data/phased/ukb_wes_200k_phased_chr22.1of1.vcf.gz returned 1 files: ukb_wes_200k_phased_chr22.1of1.vcf.gz
2021-08-15 17:53:18 MemoryStore: INFO: Block broadcast_1 stored as values in memory (estimated size 1699.0 KiB, free 10.5 GiB)
2021-08-15 17:53:18 MemoryStore: INFO: Block broadcast_1_piece0 stored as bytes in memory (estimated size 123.7 KiB, free 10.5 GiB)
2021-08-15 17:53:18 BlockManagerInfo: INFO: Added broadcast_1_piece0 in memory on compe078.hpc.in.bmrc.ox.ac.uk:46303 (size: 123.7 KiB, free: 10.5 GiB)
2021-08-15 17:53:18 SparkContext: INFO: Created broadcast 1 from broadcast at SparkBackend.scala:278
2021-08-15 17:53:18 root: INFO: RegionPool: FREE: 64.0K allocated (64.0K blocks / 0 chunks), regions.size = 1, 0 current java objects, thread 25: Thread-5
2021-08-15 17:53:18 root: INFO: timing SparkBackend.parse_matrix_ir total 1.271s self 1.271s children 0.000ms %children 0.00%
2021-08-15 17:53:18 root: INFO: RegionPool: initialized for thread 25: Thread-5
2021-08-15 17:53:18 root: INFO: globbing path /well/lindgren/UKBIOBANK/nbaya/resources/ukb11867_to_ukb12788.sample_ids.txt returned 1 files: ukb11867_to_ukb12788.sample_ids.txt
2021-08-15 17:53:18 root: INFO: RegionPool: FREE: 64.0K allocated (64.0K blocks / 0 chunks), regions.size = 1, 0 current java objects, thread 25: Thread-5
2021-08-15 17:53:18 root: INFO: timing SparkBackend.parse_table_ir total 95.659ms self 95.659ms children 0.000ms %children 0.00%
2021-08-15 17:53:18 Hail: INFO: Reading table without type imputation
  Loading field 'eid_11867' as type str (not specified)
  Loading field 'eid_12788' as type str (not specified)
2021-08-15 17:53:18 root: INFO: RegionPool: initialized for thread 25: Thread-5
2021-08-15 17:53:18 root: INFO: RegionPool: FREE: 64.0K allocated (64.0K blocks / 0 chunks), regions.size = 1, 0 current java objects, thread 25: Thread-5
2021-08-15 17:53:18 root: INFO: timing SparkBackend.parse_value_ir total 247.011ms self 247.011ms children 0.000ms %children 0.00%
2021-08-15 17:53:18 root: INFO: RegionPool: initialized for thread 25: Thread-5
2021-08-15 17:53:18 root: INFO: starting execution of query hail_query_1 of initial size 59
2021-08-15 17:53:18 root: INFO: optimize optimize: relationalLowerer, initial IR: before: IR size 59: 
(TableAggregate
  (MatrixColsTable
    (MatrixMapCols ("s")
      (MatrixAnnotateColsTable "__uid_4"
        (MatrixMapRows
          (MatrixMapRows
            (MatrixRead None False False
              {\"files\":[\"data/phased/ukb_wes_200k_phased_chr22.1of1.vcf.gz\"],\"callFields\":[\"PGT\"],\"entryFloatTypeName\":\"Float64\",\"minPartitions\":100,\"rg\":\"GRCh38\",\"contigRecoding\":{},\"arrayElementsRequired\":false,\"skipInvalidLoci\":false,\"gzAsBGZ\":true,\"forceGZ\":false,\"filterAndReplace\":{},\"partitionsJSON\":null,\"name\":\"MatrixVCFReader\"})
            (InsertFields
              (SelectFields 
                (locus alleles rsid qual filters info)
                (Ref va))
              None
              (info
                (SelectFields (AF AC CM AN)
                  (Let __uid_3
                    (ApplyAggOp CallStats
                      ((ArrayLen
                          (CastToArray (GetField alleles (Ref va)))))
                      ((GetField GT (Ref g))))
                    (InsertFields
                      (GetField info (Ref va))
                      None
                      (AC (GetField AC (Ref __uid_3)))
                      (AF (GetField AF (Ref __uid_3)))
                      (AN (GetField AN (Ref __uid_3)))
                      (homozygote_count
                        (GetField homozygote_count (Ref __uid_3)))))))))
          (Let __cse_1
            (GetField info (Ref va))
            (InsertFields
              (SelectFields 
                (locus alleles rsid qual filters info)
                (Ref va))
              None
              (info
                (InsertFields
                  (Ref __cse_1)
                  None
                  (AF
                    (ApplyIR 1 indexArray () Float64
                      (GetField AF (Ref __cse_1))
                      (I32 1)))
                  (AC
                    (ApplyIR 2 indexArray () Int32
                      (GetField AC (Ref __cse_1))
                      (I32 1))))))))
        (TableKeyBy (eid_12788) False
          (TableRead None False
            {\"files\":[\"/well/lindgren/UKBIOBANK/nbaya/resources/ukb11867_to_ukb12788.sample_ids.txt\"],\"typeMapStr\":{},\"comment\":[],\"separator\":\"\\\\s+\",\"missing\":[\"NA\"],\"hasHeader\":true,\"quoteStr\":null,\"skipBlankLines\":false,\"forceBGZ\":false,\"filterAndReplace\":{},\"forceGZ\":false,\"name\":\"TextTableReader\"})))
      (InsertFields
        (SelectFields (s) (Ref sa))
        None
        (s
          (GetField eid_11867
            (GetField __uid_4 (Ref sa)))))))
  (ApplyAggOp Sum
    ()
    ((Apply 3 toInt64 () Int64
        (IsNA (GetField s (Ref row)))))))
2021-08-15 17:53:18 root: INFO: Prune: InsertFields: eliminating field 'AC'
2021-08-15 17:53:18 root: INFO: Prune: InsertFields: eliminating field 'AF'
2021-08-15 17:53:18 root: INFO: Prune: InsertFields: eliminating field 'AN'
2021-08-15 17:53:18 root: INFO: Prune: InsertFields: eliminating field 'homozygote_count'
2021-08-15 17:53:18 root: INFO: Prune: InsertFields: eliminating field 'info'
2021-08-15 17:53:18 root: INFO: optimize optimize: relationalLowerer, initial IR: after: IR size 23:
(TableAggregate
  (TableKeyBy () False
    (MatrixColsTable
      (MatrixMapCols ("s")
        (MatrixAnnotateColsTable "__uid_4"
          (MatrixMapRows
            (MatrixKeyRowsBy () False
              (MatrixRead
                Matrix{global:Struct{},col_key:[s],col:Struct{s:String},row_key:[[locus,alleles]],row:Struct{locus:Locus(GRCh38),alleles:Array[String]},entry:Struct{}}
                False False
                {\"files\":[\"data/phased/ukb_wes_200k_phased_chr22.1of1.vcf.gz\"],\"callFields\":[\"PGT\"],\"entryFloatTypeName\":\"Float64\",\"minPartitions\":100,\"rg\":\"GRCh38\",\"contigRecoding\":{},\"arrayElementsRequired\":false,\"skipInvalidLoci\":false,\"gzAsBGZ\":true,\"forceGZ\":false,\"filterAndReplace\":{},\"partitionsJSON\":null,\"name\":\"MatrixVCFReader\"}))
            (SelectFields () (Ref va)))
          (TableKeyBy (eid_12788) False
            (TableRead None False
              {\"files\":[\"/well/lindgren/UKBIOBANK/nbaya/resources/ukb11867_to_ukb12788.sample_ids.txt\"],\"typeMapStr\":{},\"comment\":[],\"separator\":\"\\\\s+\",\"missing\":[\"NA\"],\"hasHeader\":true,\"quoteStr\":null,\"skipBlankLines\":false,\"forceBGZ\":false,\"filterAndReplace\":{},\"forceGZ\":false,\"name\":\"TextTableReader\"})))
        (InsertFields
          (SelectFields (s) (Ref sa))
          None
          (s
            (GetField eid_11867
              (GetField __uid_4 (Ref sa))))))))
  (ApplyAggOp Sum
    ()
    ((Apply 3 toInt64 () Int64
        (IsNA (GetField s (Ref row)))))))
2021-08-15 17:53:19 root: INFO: optimize optimize: relationalLowerer, after LowerMatrixToTable: before: IR size 118: 
(TableAggregate
  (TableKeyBy () False
    (TableKeyBy (s) False
      (TableParallelize None
        (Let __cols_and_globals
          (TableGetGlobals
            (TableMapGlobals
              (TableMapGlobals
                (TableMapRows
                  (TableKeyBy () False
                    (TableRead
                      Table{global:Struct{__cols:Array[Struct{s:String}]},key:[locus,alleles],row:Struct{locus:Locus(GRCh38),alleles:Array[String],`the entries! [877f12a8827e18f61222c6c8c5fb04a8]`:Array[Struct{}]}}
                      False
                      {\"files\":[\"data/phased/ukb_wes_200k_phased_chr22.1of1.vcf.gz\"],\"callFields\":[\"PGT\"],\"entryFloatTypeName\":\"Float64\",\"minPartitions\":100,\"rg\":\"GRCh38\",\"contigRecoding\":{},\"arrayElementsRequired\":false,\"skipInvalidLoci\":false,\"gzAsBGZ\":true,\"forceGZ\":false,\"filterAndReplace\":{},\"partitionsJSON\":null,\"name\":\"MatrixVCFReader\"}))
                  (Let n_cols
                    (ArrayLen (GetField __cols (Ref global)))
                    (InsertFields
                      (Let __iruid_19
                        (MakeStruct)
                        (SelectFields ()
                          (SelectFields (locus alleles) (Ref row))))
                      None
                      (`the entries! [877f12a8827e18f61222c6c8c5fb04a8]`
                        (GetField
                          `the entries! [877f12a8827e18f61222c6c8c5fb04a8]`
                          (Ref row))))))
                (Let __dictfield
                  (ToDict
                    (ToStream False
                      (ToArray
                        (StreamMap __iruid_20
                          (ToStream False
                            (GetField rows
                              (TableCollect
                                (TableKeyBy () False
                                  (TableKeyBy (eid_12788) False
                                    (TableRead None False
                                      {\"files\":[\"/well/lindgren/UKBIOBANK/nbaya/resources/ukb11867_to_ukb12788.sample_ids.txt\"],\"typeMapStr\":{},\"comment\":[],\"separator\":\"\\\\s+\",\"missing\":[\"NA\"],\"hasHeader\":true,\"quoteStr\":null,\"skipBlankLines\":false,\"forceBGZ\":false,\"filterAndReplace\":{},\"forceGZ\":false,\"name\":\"TextTableReader\"}))))))
                          (MakeTuple (0 1)
                            (SelectFields (eid_12788) (Ref __iruid_20))
                            (SelectFields (eid_11867) (Ref __iruid_20)))))))
                  (InsertFields
                    (Ref global)
                    None
                    (__cols
                      (ToArray
                        (StreamMap __iruid_18
                          (ToStream False (GetField __cols (Ref global)))
                          (InsertFields
                            (Ref __iruid_18)
                            None
                            (__uid_4
                              (ApplyIR -1 get () Struct{eid_11867:String}
                                (Ref __dictfield)
                                (MakeStruct
                                  (eid_12788
                                    (GetField s (Ref __iruid_18)))))))))))))
              (InsertFields
                (Ref global)
                None
                (__cols
                  (ToArray
                    (StreamMap __iruid_24
                      (ToStream False
                        (ToArray
                          (StreamRange -1 False
                            (I32 0)
                            (ArrayLen (GetField __cols (Ref global)))
                            (I32 1))))
                      (Let __cols_array
                        (GetField __cols (Ref global))
                        (Let sa
                          (ArrayRef -1 (Ref __cols_array) (Ref __iruid_24))
                          (InsertFields
                            (SelectFields (s) (Ref sa))
                            None
                            (s
                              (GetField eid_11867
                                (GetField __uid_4 (Ref sa)))))))))))))
          (MakeStruct
            (rows
              (ToArray
                (StreamMap elt
                  (ToStream False
                    (ArraySort __iruid_25 __iruid_26
                      (ToStream False
                        (ToArray
                          (StreamMap __cols_element
                            (ToStream False
                              (GetField __cols (Ref __cols_and_globals)))
                            (MakeStruct
                              (_1 (SelectFields (s) (Ref __cols_element)))
                              (_2 (Ref __cols_element))))))
                      (If
                        (True)
                        (ApplyComparisonOp LT
                          (ApplyComparisonOp Compare
                            (GetField _1 (Ref __iruid_25))
                            (GetField _1 (Ref __iruid_26)))
                          (I32 0))
                        (ApplyComparisonOp GT
                          (ApplyComparisonOp Compare
                            (GetField _1 (Ref __iruid_25))
                            (GetField _1 (Ref __iruid_26)))
                          (I32 0)))))
                  (GetField _2 (Ref elt)))))
            (global
              (SelectFields () (Ref __cols_and_globals))))))))
  (ApplyAggOp Sum
    ()
    ((Apply 3 toInt64 () Int64
        (IsNA (GetField s (Ref row)))))))
2021-08-15 17:53:19 root: INFO: optimize optimize: relationalLowerer, after LowerMatrixToTable: after: IR size 71:
(TableAggregate
  (TableParallelize None
    (Let __iruid_104
      (TableGetGlobals
        (TableRead
          Table{global:Struct{__cols:Array[Struct{s:String}]},key:[locus,alleles],row:Struct{locus:Locus(GRCh38),alleles:Array[String]}}
          False
          {\"files\":[\"data/phased/ukb_wes_200k_phased_chr22.1of1.vcf.gz\"],\"callFields\":[\"PGT\"],\"entryFloatTypeName\":\"Float64\",\"minPartitions\":100,\"rg\":\"GRCh38\",\"contigRecoding\":{},\"arrayElementsRequired\":false,\"skipInvalidLoci\":false,\"gzAsBGZ\":true,\"forceGZ\":false,\"filterAndReplace\":{},\"partitionsJSON\":null,\"name\":\"MatrixVCFReader\"}))
      (Let __iruid_105
        (ToDict
          (StreamMap __iruid_106
            (ToStream False
              (GetField rows
                (TableCollect
                  (TableRead None False
                    {\"files\":[\"/well/lindgren/UKBIOBANK/nbaya/resources/ukb11867_to_ukb12788.sample_ids.txt\"],\"typeMapStr\":{},\"comment\":[],\"separator\":\"\\\\s+\",\"missing\":[\"NA\"],\"hasHeader\":true,\"quoteStr\":null,\"skipBlankLines\":false,\"forceBGZ\":false,\"filterAndReplace\":{},\"forceGZ\":false,\"name\":\"TextTableReader\"}))))
            (MakeTuple (0 1)
              (SelectFields (eid_12788) (Ref __iruid_106))
              (SelectFields (eid_11867) (Ref __iruid_106)))))
        (Let __iruid_107
          (ToArray
            (StreamMap __iruid_108
              (ToStream False
                (GetField __cols (Ref __iruid_104)))
              (InsertFields
                (Ref __iruid_108)
                None
                (__uid_4
                  (ApplyIR -1 get () Struct{eid_11867:String}
                    (Ref __iruid_105)
                    (MakeStruct
                      (eid_12788 (GetField s (Ref __iruid_108)))))))))
          (MakeStruct
            (rows
              (ToArray
                (StreamMap __iruid_109
                  (ToStream False
                    (ArraySort __iruid_110 __iruid_111
                      (StreamMap __iruid_112
                        (StreamRange -1 False
                          (I32 0)
                          (ArrayLen (Ref __iruid_107))
                          (I32 1))
                        (Let __iruid_113
                          (ArrayRef -1 (Ref __iruid_107) (Ref __iruid_112))
                          (Let __iruid_114
                            (InsertFields
                              (SelectFields (s) (Ref __iruid_113))
                              None
                              (s
                                (GetField eid_11867
                                  (GetField __uid_4 (Ref __iruid_113)))))
                            (MakeStruct
                              (_1 (Ref __iruid_114))
                              (_2 (Ref __iruid_114))))))
                      (ApplyComparisonOp LT
                        (ApplyComparisonOp Compare
                          (GetField _1 (Ref __iruid_110))
                          (GetField _1 (Ref __iruid_111)))
                        (I32 0))))
                  (GetField _2 (Ref __iruid_109)))))
            (global (SelectFields () (Ref __iruid_104))))))))
  (ApplyAggOp Sum
    ()
    ((Apply 3 toInt64 () Int64
        (IsNA (GetField s (Ref row)))))))
2021-08-15 17:53:19 root: INFO: interpreting non compilable node: TableGetGlobals
2021-08-15 17:53:19 SparkContext: INFO: Starting job: runJob at ContextRDD.scala:238
2021-08-15 17:53:19 DAGScheduler: INFO: Got job 0 (runJob at ContextRDD.scala:238) with 100 output partitions
2021-08-15 17:53:19 DAGScheduler: INFO: Final stage: ResultStage 0 (runJob at ContextRDD.scala:238)
2021-08-15 17:53:19 DAGScheduler: INFO: Parents of final stage: List()
2021-08-15 17:53:19 DAGScheduler: INFO: Missing parents: List()
2021-08-15 17:53:19 DAGScheduler: INFO: Submitting ResultStage 0 (GenericTableValueRDD[1] at RDD at GenericTableValue.scala:88), which has no missing parents
2021-08-15 17:53:19 MemoryStore: INFO: Block broadcast_2 stored as values in memory (estimated size 14.5 KiB, free 10.5 GiB)
2021-08-15 17:53:19 MemoryStore: INFO: Block broadcast_2_piece0 stored as bytes in memory (estimated size 7.7 KiB, free 10.5 GiB)
2021-08-15 17:53:19 BlockManagerInfo: INFO: Added broadcast_2_piece0 in memory on compe078.hpc.in.bmrc.ox.ac.uk:46303 (size: 7.7 KiB, free: 10.5 GiB)
2021-08-15 17:53:19 SparkContext: INFO: Created broadcast 2 from broadcast at DAGScheduler.scala:1388
2021-08-15 17:53:19 DAGScheduler: INFO: Submitting 100 missing tasks from ResultStage 0 (GenericTableValueRDD[1] at RDD at GenericTableValue.scala:88) (first 15 tasks are for partitions Vector(0, 1, 2, 3, 4, 5, 6, 7, 8, 9, 10, 11, 12, 13, 14))
2021-08-15 17:53:19 TaskSchedulerImpl: INFO: Adding task set 0.0 with 100 tasks resource profile 0
2021-08-15 17:53:19 TaskSetManager: INFO: Starting task 0.0 in stage 0.0 (TID 0) (compe078.hpc.in.bmrc.ox.ac.uk, executor driver, partition 0, PROCESS_LOCAL, 4653 bytes) taskResourceAssignments Map()
2021-08-15 17:53:19 TaskSetManager: INFO: Starting task 1.0 in stage 0.0 (TID 1) (compe078.hpc.in.bmrc.ox.ac.uk, executor driver, partition 1, PROCESS_LOCAL, 4658 bytes) taskResourceAssignments Map()
2021-08-15 17:53:19 Executor: INFO: Running task 1.0 in stage 0.0 (TID 1)
2021-08-15 17:53:19 Executor: INFO: Running task 0.0 in stage 0.0 (TID 0)
2021-08-15 17:53:19 root: INFO: RegionPool: initialized for thread 70: Executor task launch worker for task 0.0 in stage 0.0 (TID 0)
2021-08-15 17:53:19 root: INFO: RegionPool: initialized for thread 71: Executor task launch worker for task 1.0 in stage 0.0 (TID 1)
2021-08-15 17:53:19 root: INFO: RegionPool: REPORT_THRESHOLD: 256.0K allocated (256.0K blocks / 0 chunks), regions.size = 3, 0 current java objects, thread 71: Executor task launch worker for task 1.0 in stage 0.0 (TID 1)
2021-08-15 17:53:19 root: INFO: RegionPool: REPORT_THRESHOLD: 512.0K allocated (512.0K blocks / 0 chunks), regions.size = 7, 0 current java objects, thread 71: Executor task launch worker for task 1.0 in stage 0.0 (TID 1)
2021-08-15 17:53:19 root: INFO: RegionPool: REPORT_THRESHOLD: 256.0K allocated (256.0K blocks / 0 chunks), regions.size = 3, 0 current java objects, thread 70: Executor task launch worker for task 0.0 in stage 0.0 (TID 0)
2021-08-15 17:53:19 root: INFO: RegionPool: REPORT_THRESHOLD: 512.0K allocated (512.0K blocks / 0 chunks), regions.size = 7, 0 current java objects, thread 70: Executor task launch worker for task 0.0 in stage 0.0 (TID 0)
2021-08-15 17:53:19 root: INFO: RegionPool: REPORT_THRESHOLD: 1.0M allocated (1.0M blocks / 0 chunks), regions.size = 15, 0 current java objects, thread 71: Executor task launch worker for task 1.0 in stage 0.0 (TID 1)
2021-08-15 17:53:19 root: INFO: RegionPool: REPORT_THRESHOLD: 1.0M allocated (1.0M blocks / 0 chunks), regions.size = 15, 0 current java objects, thread 70: Executor task launch worker for task 0.0 in stage 0.0 (TID 0)
2021-08-15 17:53:19 root: INFO: partition-key-sorted: { locus: { contig: chr22, position: 17108319 }, alleles: [2; C, A] }, { locus: { contig: chr22, position: 17108319 }, alleles: [2; C, T] }
2021-08-15 17:53:21 root: INFO: TaskReport: stage=0, partition=0, attempt=0, peakBytes=1769472, peakBytesReadable=1.69 MiB, chunks requested=0, cache hits=0
2021-08-15 17:53:21 root: INFO: RegionPool: FREE: 1.7M allocated (1.7M blocks / 0 chunks), regions.size = 27, 0 current java objects, thread 70: Executor task launch worker for task 0.0 in stage 0.0 (TID 0)
2021-08-15 17:53:21 Executor: INFO: Finished task 0.0 in stage 0.0 (TID 0). 1720 bytes result sent to driver
2021-08-15 17:53:21 TaskSetManager: INFO: Starting task 2.0 in stage 0.0 (TID 2) (compe078.hpc.in.bmrc.ox.ac.uk, executor driver, partition 2, PROCESS_LOCAL, 4658 bytes) taskResourceAssignments Map()
2021-08-15 17:53:21 Executor: INFO: Running task 2.0 in stage 0.0 (TID 2)
2021-08-15 17:53:21 root: INFO: RegionPool: initialized for thread 70: Executor task launch worker for task 2.0 in stage 0.0 (TID 2)
2021-08-15 17:53:21 root: INFO: RegionPool: REPORT_THRESHOLD: 256.0K allocated (256.0K blocks / 0 chunks), regions.size = 3, 0 current java objects, thread 70: Executor task launch worker for task 2.0 in stage 0.0 (TID 2)
2021-08-15 17:53:21 root: INFO: RegionPool: REPORT_THRESHOLD: 512.0K allocated (512.0K blocks / 0 chunks), regions.size = 7, 0 current java objects, thread 70: Executor task launch worker for task 2.0 in stage 0.0 (TID 2)
2021-08-15 17:53:21 TaskSetManager: INFO: Finished task 0.0 in stage 0.0 (TID 0) in 2224 ms on compe078.hpc.in.bmrc.ox.ac.uk (executor driver) (1/100)
2021-08-15 17:53:21 root: INFO: RegionPool: REPORT_THRESHOLD: 1.0M allocated (1.0M blocks / 0 chunks), regions.size = 15, 0 current java objects, thread 70: Executor task launch worker for task 2.0 in stage 0.0 (TID 2)
2021-08-15 17:53:21 root: INFO: TaskReport: stage=0, partition=1, attempt=0, peakBytes=1769472, peakBytesReadable=1.69 MiB, chunks requested=0, cache hits=0
2021-08-15 17:53:21 root: INFO: RegionPool: FREE: 1.7M allocated (1.7M blocks / 0 chunks), regions.size = 27, 0 current java objects, thread 71: Executor task launch worker for task 1.0 in stage 0.0 (TID 1)
2021-08-15 17:53:21 Executor: INFO: Finished task 1.0 in stage 0.0 (TID 1). 1829 bytes result sent to driver
2021-08-15 17:53:21 TaskSetManager: INFO: Starting task 3.0 in stage 0.0 (TID 3) (compe078.hpc.in.bmrc.ox.ac.uk, executor driver, partition 3, PROCESS_LOCAL, 4658 bytes) taskResourceAssignments Map()
2021-08-15 17:53:21 Executor: INFO: Running task 3.0 in stage 0.0 (TID 3)
2021-08-15 17:53:21 TaskSetManager: INFO: Finished task 1.0 in stage 0.0 (TID 1) in 2369 ms on compe078.hpc.in.bmrc.ox.ac.uk (executor driver) (2/100)
2021-08-15 17:53:21 root: INFO: RegionPool: initialized for thread 71: Executor task launch worker for task 3.0 in stage 0.0 (TID 3)
2021-08-15 17:53:21 root: INFO: RegionPool: REPORT_THRESHOLD: 256.0K allocated (256.0K blocks / 0 chunks), regions.size = 3, 0 current java objects, thread 71: Executor task launch worker for task 3.0 in stage 0.0 (TID 3)
2021-08-15 17:53:21 root: INFO: RegionPool: REPORT_THRESHOLD: 512.0K allocated (512.0K blocks / 0 chunks), regions.size = 7, 0 current java objects, thread 71: Executor task launch worker for task 3.0 in stage 0.0 (TID 3)
2021-08-15 17:53:21 root: INFO: RegionPool: REPORT_THRESHOLD: 1.0M allocated (1.0M blocks / 0 chunks), regions.size = 15, 0 current java objects, thread 71: Executor task launch worker for task 3.0 in stage 0.0 (TID 3)
2021-08-15 17:53:23 root: INFO: partition-key-sorted: { locus: { contig: chr22, position: 17834329 }, alleles: [2; T, A] }, { locus: { contig: chr22, position: 17834329 }, alleles: [2; T, C] }
2021-08-15 17:53:24 root: INFO: TaskReport: stage=0, partition=3, attempt=0, peakBytes=1769472, peakBytesReadable=1.69 MiB, chunks requested=0, cache hits=0
2021-08-15 17:53:24 root: INFO: RegionPool: FREE: 1.7M allocated (1.7M blocks / 0 chunks), regions.size = 27, 0 current java objects, thread 71: Executor task launch worker for task 3.0 in stage 0.0 (TID 3)
2021-08-15 17:53:24 Executor: INFO: Finished task 3.0 in stage 0.0 (TID 3). 1829 bytes result sent to driver
2021-08-15 17:53:24 TaskSetManager: INFO: Starting task 4.0 in stage 0.0 (TID 4) (compe078.hpc.in.bmrc.ox.ac.uk, executor driver, partition 4, PROCESS_LOCAL, 4658 bytes) taskResourceAssignments Map()
2021-08-15 17:53:24 Executor: INFO: Running task 4.0 in stage 0.0 (TID 4)
2021-08-15 17:53:24 TaskSetManager: INFO: Finished task 3.0 in stage 0.0 (TID 3) in 2373 ms on compe078.hpc.in.bmrc.ox.ac.uk (executor driver) (3/100)
2021-08-15 17:53:24 root: INFO: RegionPool: initialized for thread 71: Executor task launch worker for task 4.0 in stage 0.0 (TID 4)
2021-08-15 17:53:24 root: INFO: RegionPool: REPORT_THRESHOLD: 256.0K allocated (256.0K blocks / 0 chunks), regions.size = 3, 0 current java objects, thread 71: Executor task launch worker for task 4.0 in stage 0.0 (TID 4)
2021-08-15 17:53:24 root: INFO: RegionPool: REPORT_THRESHOLD: 512.0K allocated (512.0K blocks / 0 chunks), regions.size = 7, 0 current java objects, thread 71: Executor task launch worker for task 4.0 in stage 0.0 (TID 4)
2021-08-15 17:53:24 root: INFO: RegionPool: REPORT_THRESHOLD: 1.0M allocated (1.0M blocks / 0 chunks), regions.size = 15, 0 current java objects, thread 71: Executor task launch worker for task 4.0 in stage 0.0 (TID 4)
2021-08-15 17:53:24 root: INFO: partition-key-sorted: { locus: { contig: chr22, position: 17739497 }, alleles: [2; A, C] }, { locus: { contig: chr22, position: 17739497 }, alleles: [2; A, G] }
2021-08-15 17:53:24 root: INFO: TaskReport: stage=0, partition=2, attempt=0, peakBytes=1769472, peakBytesReadable=1.69 MiB, chunks requested=0, cache hits=0
2021-08-15 17:53:24 root: INFO: RegionPool: FREE: 1.7M allocated (1.7M blocks / 0 chunks), regions.size = 27, 0 current java objects, thread 70: Executor task launch worker for task 2.0 in stage 0.0 (TID 2)
2021-08-15 17:53:24 Executor: INFO: Finished task 2.0 in stage 0.0 (TID 2). 1829 bytes result sent to driver
2021-08-15 17:53:24 TaskSetManager: INFO: Starting task 5.0 in stage 0.0 (TID 5) (compe078.hpc.in.bmrc.ox.ac.uk, executor driver, partition 5, PROCESS_LOCAL, 4658 bytes) taskResourceAssignments Map()
2021-08-15 17:53:24 Executor: INFO: Running task 5.0 in stage 0.0 (TID 5)
2021-08-15 17:53:24 TaskSetManager: INFO: Finished task 2.0 in stage 0.0 (TID 2) in 2991 ms on compe078.hpc.in.bmrc.ox.ac.uk (executor driver) (4/100)
2021-08-15 17:53:24 root: INFO: RegionPool: initialized for thread 70: Executor task launch worker for task 5.0 in stage 0.0 (TID 5)
2021-08-15 17:53:24 root: INFO: RegionPool: REPORT_THRESHOLD: 256.0K allocated (256.0K blocks / 0 chunks), regions.size = 3, 0 current java objects, thread 70: Executor task launch worker for task 5.0 in stage 0.0 (TID 5)
2021-08-15 17:53:24 root: INFO: RegionPool: REPORT_THRESHOLD: 512.0K allocated (512.0K blocks / 0 chunks), regions.size = 7, 0 current java objects, thread 70: Executor task launch worker for task 5.0 in stage 0.0 (TID 5)
2021-08-15 17:53:24 root: INFO: RegionPool: REPORT_THRESHOLD: 1.0M allocated (1.0M blocks / 0 chunks), regions.size = 15, 0 current java objects, thread 70: Executor task launch worker for task 5.0 in stage 0.0 (TID 5)
2021-08-15 17:53:24 root: INFO: partition-key-sorted: { locus: { contig: chr22, position: 19132238 }, alleles: [2; C, A] }, { locus: { contig: chr22, position: 19132238 }, alleles: [2; C, T] }
2021-08-15 17:53:27 root: INFO: TaskReport: stage=0, partition=4, attempt=0, peakBytes=1769472, peakBytesReadable=1.69 MiB, chunks requested=0, cache hits=0
2021-08-15 17:53:27 root: INFO: RegionPool: FREE: 1.7M allocated (1.7M blocks / 0 chunks), regions.size = 27, 0 current java objects, thread 71: Executor task launch worker for task 4.0 in stage 0.0 (TID 4)
2021-08-15 17:53:27 Executor: INFO: Finished task 4.0 in stage 0.0 (TID 4). 1677 bytes result sent to driver
2021-08-15 17:53:27 TaskSetManager: INFO: Starting task 6.0 in stage 0.0 (TID 6) (compe078.hpc.in.bmrc.ox.ac.uk, executor driver, partition 6, PROCESS_LOCAL, 4658 bytes) taskResourceAssignments Map()
2021-08-15 17:53:27 Executor: INFO: Running task 6.0 in stage 0.0 (TID 6)
2021-08-15 17:53:27 TaskSetManager: INFO: Finished task 4.0 in stage 0.0 (TID 4) in 3203 ms on compe078.hpc.in.bmrc.ox.ac.uk (executor driver) (5/100)
2021-08-15 17:53:27 root: INFO: RegionPool: initialized for thread 71: Executor task launch worker for task 6.0 in stage 0.0 (TID 6)
2021-08-15 17:53:27 root: INFO: RegionPool: REPORT_THRESHOLD: 256.0K allocated (256.0K blocks / 0 chunks), regions.size = 3, 0 current java objects, thread 71: Executor task launch worker for task 6.0 in stage 0.0 (TID 6)
2021-08-15 17:53:27 root: INFO: RegionPool: REPORT_THRESHOLD: 512.0K allocated (512.0K blocks / 0 chunks), regions.size = 7, 0 current java objects, thread 71: Executor task launch worker for task 6.0 in stage 0.0 (TID 6)
2021-08-15 17:53:27 root: INFO: RegionPool: REPORT_THRESHOLD: 1.0M allocated (1.0M blocks / 0 chunks), regions.size = 15, 0 current java objects, thread 71: Executor task launch worker for task 6.0 in stage 0.0 (TID 6)
2021-08-15 17:53:27 root: INFO: TaskReport: stage=0, partition=5, attempt=0, peakBytes=1769472, peakBytesReadable=1.69 MiB, chunks requested=0, cache hits=0
2021-08-15 17:53:27 root: INFO: RegionPool: FREE: 1.7M allocated (1.7M blocks / 0 chunks), regions.size = 27, 0 current java objects, thread 70: Executor task launch worker for task 5.0 in stage 0.0 (TID 5)
2021-08-15 17:53:27 Executor: INFO: Finished task 5.0 in stage 0.0 (TID 5). 1829 bytes result sent to driver
2021-08-15 17:53:27 TaskSetManager: INFO: Starting task 7.0 in stage 0.0 (TID 7) (compe078.hpc.in.bmrc.ox.ac.uk, executor driver, partition 7, PROCESS_LOCAL, 4658 bytes) taskResourceAssignments Map()
2021-08-15 17:53:27 Executor: INFO: Running task 7.0 in stage 0.0 (TID 7)
2021-08-15 17:53:27 TaskSetManager: INFO: Finished task 5.0 in stage 0.0 (TID 5) in 2849 ms on compe078.hpc.in.bmrc.ox.ac.uk (executor driver) (6/100)
2021-08-15 17:53:27 root: INFO: RegionPool: initialized for thread 70: Executor task launch worker for task 7.0 in stage 0.0 (TID 7)
2021-08-15 17:53:27 root: INFO: RegionPool: REPORT_THRESHOLD: 256.0K allocated (256.0K blocks / 0 chunks), regions.size = 3, 0 current java objects, thread 70: Executor task launch worker for task 7.0 in stage 0.0 (TID 7)
2021-08-15 17:53:27 root: INFO: RegionPool: REPORT_THRESHOLD: 512.0K allocated (512.0K blocks / 0 chunks), regions.size = 7, 0 current java objects, thread 70: Executor task launch worker for task 7.0 in stage 0.0 (TID 7)
2021-08-15 17:53:27 root: INFO: RegionPool: REPORT_THRESHOLD: 1.0M allocated (1.0M blocks / 0 chunks), regions.size = 15, 0 current java objects, thread 70: Executor task launch worker for task 7.0 in stage 0.0 (TID 7)
2021-08-15 17:53:27 root: INFO: partition-key-sorted: { locus: { contig: chr22, position: 19291671 }, alleles: [2; G, A] }, { locus: { contig: chr22, position: 19291671 }, alleles: [2; G, T] }
2021-08-15 17:53:30 root: INFO: TaskReport: stage=0, partition=6, attempt=0, peakBytes=1769472, peakBytesReadable=1.69 MiB, chunks requested=0, cache hits=0
2021-08-15 17:53:30 root: INFO: RegionPool: FREE: 1.7M allocated (1.7M blocks / 0 chunks), regions.size = 27, 0 current java objects, thread 71: Executor task launch worker for task 6.0 in stage 0.0 (TID 6)
2021-08-15 17:53:30 Executor: INFO: Finished task 6.0 in stage 0.0 (TID 6). 1829 bytes result sent to driver
2021-08-15 17:53:30 TaskSetManager: INFO: Starting task 8.0 in stage 0.0 (TID 8) (compe078.hpc.in.bmrc.ox.ac.uk, executor driver, partition 8, PROCESS_LOCAL, 4658 bytes) taskResourceAssignments Map()
2021-08-15 17:53:30 Executor: INFO: Running task 8.0 in stage 0.0 (TID 8)
2021-08-15 17:53:30 TaskSetManager: INFO: Finished task 6.0 in stage 0.0 (TID 6) in 2839 ms on compe078.hpc.in.bmrc.ox.ac.uk (executor driver) (7/100)
2021-08-15 17:53:30 root: INFO: RegionPool: initialized for thread 71: Executor task launch worker for task 8.0 in stage 0.0 (TID 8)
2021-08-15 17:53:30 root: INFO: RegionPool: REPORT_THRESHOLD: 256.0K allocated (256.0K blocks / 0 chunks), regions.size = 3, 0 current java objects, thread 71: Executor task launch worker for task 8.0 in stage 0.0 (TID 8)
2021-08-15 17:53:30 root: INFO: RegionPool: REPORT_THRESHOLD: 512.0K allocated (512.0K blocks / 0 chunks), regions.size = 7, 0 current java objects, thread 71: Executor task launch worker for task 8.0 in stage 0.0 (TID 8)
2021-08-15 17:53:30 root: INFO: RegionPool: REPORT_THRESHOLD: 1.0M allocated (1.0M blocks / 0 chunks), regions.size = 15, 0 current java objects, thread 71: Executor task launch worker for task 8.0 in stage 0.0 (TID 8)
2021-08-15 17:53:30 root: INFO: TaskReport: stage=0, partition=7, attempt=0, peakBytes=1769472, peakBytesReadable=1.69 MiB, chunks requested=0, cache hits=0
2021-08-15 17:53:30 root: INFO: RegionPool: FREE: 1.7M allocated (1.7M blocks / 0 chunks), regions.size = 27, 0 current java objects, thread 70: Executor task launch worker for task 7.0 in stage 0.0 (TID 7)
2021-08-15 17:53:30 Executor: INFO: Finished task 7.0 in stage 0.0 (TID 7). 1677 bytes result sent to driver
2021-08-15 17:53:30 TaskSetManager: INFO: Starting task 9.0 in stage 0.0 (TID 9) (compe078.hpc.in.bmrc.ox.ac.uk, executor driver, partition 9, PROCESS_LOCAL, 4658 bytes) taskResourceAssignments Map()
2021-08-15 17:53:30 Executor: INFO: Running task 9.0 in stage 0.0 (TID 9)
2021-08-15 17:53:30 TaskSetManager: INFO: Finished task 7.0 in stage 0.0 (TID 7) in 2875 ms on compe078.hpc.in.bmrc.ox.ac.uk (executor driver) (8/100)
2021-08-15 17:53:30 root: INFO: RegionPool: initialized for thread 70: Executor task launch worker for task 9.0 in stage 0.0 (TID 9)
2021-08-15 17:53:30 root: INFO: RegionPool: REPORT_THRESHOLD: 256.0K allocated (256.0K blocks / 0 chunks), regions.size = 3, 0 current java objects, thread 70: Executor task launch worker for task 9.0 in stage 0.0 (TID 9)
2021-08-15 17:53:30 root: INFO: RegionPool: REPORT_THRESHOLD: 512.0K allocated (512.0K blocks / 0 chunks), regions.size = 7, 0 current java objects, thread 70: Executor task launch worker for task 9.0 in stage 0.0 (TID 9)
2021-08-15 17:53:30 root: INFO: RegionPool: REPORT_THRESHOLD: 1.0M allocated (1.0M blocks / 0 chunks), regions.size = 15, 0 current java objects, thread 70: Executor task launch worker for task 9.0 in stage 0.0 (TID 9)
2021-08-15 17:53:32 root: INFO: partition-key-sorted: { locus: { contig: chr22, position: 19895461 }, alleles: [2; T, A] }, { locus: { contig: chr22, position: 19895461 }, alleles: [2; T, G] }
2021-08-15 17:53:32 root: INFO: TaskReport: stage=0, partition=8, attempt=0, peakBytes=1769472, peakBytesReadable=1.69 MiB, chunks requested=0, cache hits=0
2021-08-15 17:53:32 root: INFO: RegionPool: FREE: 1.7M allocated (1.7M blocks / 0 chunks), regions.size = 27, 0 current java objects, thread 71: Executor task launch worker for task 8.0 in stage 0.0 (TID 8)
2021-08-15 17:53:32 Executor: INFO: Finished task 8.0 in stage 0.0 (TID 8). 1829 bytes result sent to driver
2021-08-15 17:53:32 TaskSetManager: INFO: Starting task 10.0 in stage 0.0 (TID 10) (compe078.hpc.in.bmrc.ox.ac.uk, executor driver, partition 10, PROCESS_LOCAL, 4658 bytes) taskResourceAssignments Map()
2021-08-15 17:53:32 Executor: INFO: Running task 10.0 in stage 0.0 (TID 10)
2021-08-15 17:53:32 TaskSetManager: INFO: Finished task 8.0 in stage 0.0 (TID 8) in 2362 ms on compe078.hpc.in.bmrc.ox.ac.uk (executor driver) (9/100)
2021-08-15 17:53:32 root: INFO: RegionPool: initialized for thread 71: Executor task launch worker for task 10.0 in stage 0.0 (TID 10)
2021-08-15 17:53:32 root: INFO: RegionPool: REPORT_THRESHOLD: 256.0K allocated (256.0K blocks / 0 chunks), regions.size = 3, 0 current java objects, thread 71: Executor task launch worker for task 10.0 in stage 0.0 (TID 10)
2021-08-15 17:53:32 root: INFO: RegionPool: REPORT_THRESHOLD: 512.0K allocated (512.0K blocks / 0 chunks), regions.size = 7, 0 current java objects, thread 71: Executor task launch worker for task 10.0 in stage 0.0 (TID 10)
2021-08-15 17:53:32 root: INFO: RegionPool: REPORT_THRESHOLD: 1.0M allocated (1.0M blocks / 0 chunks), regions.size = 15, 0 current java objects, thread 71: Executor task launch worker for task 10.0 in stage 0.0 (TID 10)
2021-08-15 17:53:32 root: INFO: TaskReport: stage=0, partition=9, attempt=0, peakBytes=1769472, peakBytesReadable=1.69 MiB, chunks requested=0, cache hits=0
2021-08-15 17:53:32 root: INFO: RegionPool: FREE: 1.7M allocated (1.7M blocks / 0 chunks), regions.size = 27, 0 current java objects, thread 70: Executor task launch worker for task 9.0 in stage 0.0 (TID 9)
2021-08-15 17:53:32 Executor: INFO: Finished task 9.0 in stage 0.0 (TID 9). 1677 bytes result sent to driver
2021-08-15 17:53:32 TaskSetManager: INFO: Starting task 11.0 in stage 0.0 (TID 11) (compe078.hpc.in.bmrc.ox.ac.uk, executor driver, partition 11, PROCESS_LOCAL, 4658 bytes) taskResourceAssignments Map()
2021-08-15 17:53:32 Executor: INFO: Running task 11.0 in stage 0.0 (TID 11)
2021-08-15 17:53:32 TaskSetManager: INFO: Finished task 9.0 in stage 0.0 (TID 9) in 2364 ms on compe078.hpc.in.bmrc.ox.ac.uk (executor driver) (10/100)
2021-08-15 17:53:32 root: INFO: RegionPool: initialized for thread 70: Executor task launch worker for task 11.0 in stage 0.0 (TID 11)
2021-08-15 17:53:32 root: INFO: RegionPool: REPORT_THRESHOLD: 256.0K allocated (256.0K blocks / 0 chunks), regions.size = 3, 0 current java objects, thread 70: Executor task launch worker for task 11.0 in stage 0.0 (TID 11)
2021-08-15 17:53:32 root: INFO: RegionPool: REPORT_THRESHOLD: 512.0K allocated (512.0K blocks / 0 chunks), regions.size = 7, 0 current java objects, thread 70: Executor task launch worker for task 11.0 in stage 0.0 (TID 11)
2021-08-15 17:53:32 root: INFO: RegionPool: REPORT_THRESHOLD: 1.0M allocated (1.0M blocks / 0 chunks), regions.size = 15, 0 current java objects, thread 70: Executor task launch worker for task 11.0 in stage 0.0 (TID 11)
2021-08-15 17:53:35 root: INFO: TaskReport: stage=0, partition=11, attempt=0, peakBytes=1769472, peakBytesReadable=1.69 MiB, chunks requested=0, cache hits=0
2021-08-15 17:53:35 root: INFO: RegionPool: FREE: 1.7M allocated (1.7M blocks / 0 chunks), regions.size = 27, 0 current java objects, thread 70: Executor task launch worker for task 11.0 in stage 0.0 (TID 11)
2021-08-15 17:53:35 Executor: INFO: Finished task 11.0 in stage 0.0 (TID 11). 1677 bytes result sent to driver
2021-08-15 17:53:35 TaskSetManager: INFO: Starting task 12.0 in stage 0.0 (TID 12) (compe078.hpc.in.bmrc.ox.ac.uk, executor driver, partition 12, PROCESS_LOCAL, 4658 bytes) taskResourceAssignments Map()
2021-08-15 17:53:35 Executor: INFO: Running task 12.0 in stage 0.0 (TID 12)
2021-08-15 17:53:35 TaskSetManager: INFO: Finished task 11.0 in stage 0.0 (TID 11) in 2507 ms on compe078.hpc.in.bmrc.ox.ac.uk (executor driver) (11/100)
2021-08-15 17:53:35 root: INFO: RegionPool: initialized for thread 70: Executor task launch worker for task 12.0 in stage 0.0 (TID 12)
2021-08-15 17:53:35 root: INFO: RegionPool: REPORT_THRESHOLD: 256.0K allocated (256.0K blocks / 0 chunks), regions.size = 3, 0 current java objects, thread 70: Executor task launch worker for task 12.0 in stage 0.0 (TID 12)
2021-08-15 17:53:35 root: INFO: RegionPool: REPORT_THRESHOLD: 512.0K allocated (512.0K blocks / 0 chunks), regions.size = 7, 0 current java objects, thread 70: Executor task launch worker for task 12.0 in stage 0.0 (TID 12)
2021-08-15 17:53:35 root: INFO: RegionPool: REPORT_THRESHOLD: 1.0M allocated (1.0M blocks / 0 chunks), regions.size = 15, 0 current java objects, thread 70: Executor task launch worker for task 12.0 in stage 0.0 (TID 12)
2021-08-15 17:53:35 root: INFO: partition-key-sorted: { locus: { contig: chr22, position: 20354351 }, alleles: [2; G, A] }, { locus: { contig: chr22, position: 20354351 }, alleles: [2; G, T] }
2021-08-15 17:53:35 root: INFO: TaskReport: stage=0, partition=10, attempt=0, peakBytes=1769472, peakBytesReadable=1.69 MiB, chunks requested=0, cache hits=0
2021-08-15 17:53:35 root: INFO: RegionPool: FREE: 1.7M allocated (1.7M blocks / 0 chunks), regions.size = 27, 0 current java objects, thread 71: Executor task launch worker for task 10.0 in stage 0.0 (TID 10)
2021-08-15 17:53:35 Executor: INFO: Finished task 10.0 in stage 0.0 (TID 10). 1677 bytes result sent to driver
2021-08-15 17:53:35 TaskSetManager: INFO: Starting task 13.0 in stage 0.0 (TID 13) (compe078.hpc.in.bmrc.ox.ac.uk, executor driver, partition 13, PROCESS_LOCAL, 4658 bytes) taskResourceAssignments Map()
2021-08-15 17:53:35 Executor: INFO: Running task 13.0 in stage 0.0 (TID 13)
2021-08-15 17:53:35 TaskSetManager: INFO: Finished task 10.0 in stage 0.0 (TID 10) in 3075 ms on compe078.hpc.in.bmrc.ox.ac.uk (executor driver) (12/100)
2021-08-15 17:53:35 root: INFO: RegionPool: initialized for thread 71: Executor task launch worker for task 13.0 in stage 0.0 (TID 13)
2021-08-15 17:53:35 root: INFO: RegionPool: REPORT_THRESHOLD: 256.0K allocated (256.0K blocks / 0 chunks), regions.size = 3, 0 current java objects, thread 71: Executor task launch worker for task 13.0 in stage 0.0 (TID 13)
2021-08-15 17:53:35 root: INFO: RegionPool: REPORT_THRESHOLD: 512.0K allocated (512.0K blocks / 0 chunks), regions.size = 7, 0 current java objects, thread 71: Executor task launch worker for task 13.0 in stage 0.0 (TID 13)
2021-08-15 17:53:35 root: INFO: RegionPool: REPORT_THRESHOLD: 1.0M allocated (1.0M blocks / 0 chunks), regions.size = 15, 0 current java objects, thread 71: Executor task launch worker for task 13.0 in stage 0.0 (TID 13)
2021-08-15 17:53:37 root: INFO: TaskReport: stage=0, partition=12, attempt=0, peakBytes=1769472, peakBytesReadable=1.69 MiB, chunks requested=0, cache hits=0
2021-08-15 17:53:37 root: INFO: RegionPool: FREE: 1.7M allocated (1.7M blocks / 0 chunks), regions.size = 27, 0 current java objects, thread 70: Executor task launch worker for task 12.0 in stage 0.0 (TID 12)
2021-08-15 17:53:37 Executor: INFO: Finished task 12.0 in stage 0.0 (TID 12). 1829 bytes result sent to driver
2021-08-15 17:53:37 TaskSetManager: INFO: Starting task 14.0 in stage 0.0 (TID 14) (compe078.hpc.in.bmrc.ox.ac.uk, executor driver, partition 14, PROCESS_LOCAL, 4658 bytes) taskResourceAssignments Map()
2021-08-15 17:53:37 Executor: INFO: Running task 14.0 in stage 0.0 (TID 14)
2021-08-15 17:53:37 TaskSetManager: INFO: Finished task 12.0 in stage 0.0 (TID 12) in 2602 ms on compe078.hpc.in.bmrc.ox.ac.uk (executor driver) (13/100)
2021-08-15 17:53:37 root: INFO: RegionPool: initialized for thread 70: Executor task launch worker for task 14.0 in stage 0.0 (TID 14)
2021-08-15 17:53:37 root: INFO: RegionPool: REPORT_THRESHOLD: 256.0K allocated (256.0K blocks / 0 chunks), regions.size = 3, 0 current java objects, thread 70: Executor task launch worker for task 14.0 in stage 0.0 (TID 14)
2021-08-15 17:53:37 root: INFO: RegionPool: REPORT_THRESHOLD: 512.0K allocated (512.0K blocks / 0 chunks), regions.size = 7, 0 current java objects, thread 70: Executor task launch worker for task 14.0 in stage 0.0 (TID 14)
2021-08-15 17:53:37 root: INFO: RegionPool: REPORT_THRESHOLD: 1.0M allocated (1.0M blocks / 0 chunks), regions.size = 15, 0 current java objects, thread 70: Executor task launch worker for task 14.0 in stage 0.0 (TID 14)
2021-08-15 17:53:38 root: INFO: TaskReport: stage=0, partition=13, attempt=0, peakBytes=1769472, peakBytesReadable=1.69 MiB, chunks requested=0, cache hits=0
2021-08-15 17:53:38 root: INFO: RegionPool: FREE: 1.7M allocated (1.7M blocks / 0 chunks), regions.size = 27, 0 current java objects, thread 71: Executor task launch worker for task 13.0 in stage 0.0 (TID 13)
2021-08-15 17:53:38 Executor: INFO: Finished task 13.0 in stage 0.0 (TID 13). 1677 bytes result sent to driver
2021-08-15 17:53:38 TaskSetManager: INFO: Starting task 15.0 in stage 0.0 (TID 15) (compe078.hpc.in.bmrc.ox.ac.uk, executor driver, partition 15, PROCESS_LOCAL, 4658 bytes) taskResourceAssignments Map()
2021-08-15 17:53:38 Executor: INFO: Running task 15.0 in stage 0.0 (TID 15)
2021-08-15 17:53:38 TaskSetManager: INFO: Finished task 13.0 in stage 0.0 (TID 13) in 2909 ms on compe078.hpc.in.bmrc.ox.ac.uk (executor driver) (14/100)
2021-08-15 17:53:38 root: INFO: RegionPool: initialized for thread 71: Executor task launch worker for task 15.0 in stage 0.0 (TID 15)
2021-08-15 17:53:38 root: INFO: RegionPool: REPORT_THRESHOLD: 256.0K allocated (256.0K blocks / 0 chunks), regions.size = 3, 0 current java objects, thread 71: Executor task launch worker for task 15.0 in stage 0.0 (TID 15)
2021-08-15 17:53:38 root: INFO: RegionPool: REPORT_THRESHOLD: 512.0K allocated (512.0K blocks / 0 chunks), regions.size = 7, 0 current java objects, thread 71: Executor task launch worker for task 15.0 in stage 0.0 (TID 15)
2021-08-15 17:53:38 root: INFO: RegionPool: REPORT_THRESHOLD: 1.0M allocated (1.0M blocks / 0 chunks), regions.size = 15, 0 current java objects, thread 71: Executor task launch worker for task 15.0 in stage 0.0 (TID 15)
2021-08-15 17:53:40 root: INFO: TaskReport: stage=0, partition=14, attempt=0, peakBytes=1769472, peakBytesReadable=1.69 MiB, chunks requested=0, cache hits=0
2021-08-15 17:53:40 root: INFO: RegionPool: FREE: 1.7M allocated (1.7M blocks / 0 chunks), regions.size = 27, 0 current java objects, thread 70: Executor task launch worker for task 14.0 in stage 0.0 (TID 14)
2021-08-15 17:53:40 Executor: INFO: Finished task 14.0 in stage 0.0 (TID 14). 1677 bytes result sent to driver
2021-08-15 17:53:40 TaskSetManager: INFO: Starting task 16.0 in stage 0.0 (TID 16) (compe078.hpc.in.bmrc.ox.ac.uk, executor driver, partition 16, PROCESS_LOCAL, 4658 bytes) taskResourceAssignments Map()
2021-08-15 17:53:40 TaskSetManager: INFO: Finished task 14.0 in stage 0.0 (TID 14) in 2746 ms on compe078.hpc.in.bmrc.ox.ac.uk (executor driver) (15/100)
2021-08-15 17:53:40 Executor: INFO: Running task 16.0 in stage 0.0 (TID 16)
2021-08-15 17:53:40 root: INFO: RegionPool: initialized for thread 70: Executor task launch worker for task 16.0 in stage 0.0 (TID 16)
2021-08-15 17:53:40 root: INFO: RegionPool: REPORT_THRESHOLD: 256.0K allocated (256.0K blocks / 0 chunks), regions.size = 3, 0 current java objects, thread 70: Executor task launch worker for task 16.0 in stage 0.0 (TID 16)
2021-08-15 17:53:40 root: INFO: RegionPool: REPORT_THRESHOLD: 512.0K allocated (512.0K blocks / 0 chunks), regions.size = 7, 0 current java objects, thread 70: Executor task launch worker for task 16.0 in stage 0.0 (TID 16)
2021-08-15 17:53:40 root: INFO: RegionPool: REPORT_THRESHOLD: 1.0M allocated (1.0M blocks / 0 chunks), regions.size = 15, 0 current java objects, thread 70: Executor task launch worker for task 16.0 in stage 0.0 (TID 16)
2021-08-15 17:53:41 root: INFO: TaskReport: stage=0, partition=15, attempt=0, peakBytes=1769472, peakBytesReadable=1.69 MiB, chunks requested=0, cache hits=0
2021-08-15 17:53:41 root: INFO: RegionPool: FREE: 1.7M allocated (1.7M blocks / 0 chunks), regions.size = 27, 0 current java objects, thread 71: Executor task launch worker for task 15.0 in stage 0.0 (TID 15)
2021-08-15 17:53:41 Executor: INFO: Finished task 15.0 in stage 0.0 (TID 15). 1677 bytes result sent to driver
2021-08-15 17:53:41 TaskSetManager: INFO: Starting task 17.0 in stage 0.0 (TID 17) (compe078.hpc.in.bmrc.ox.ac.uk, executor driver, partition 17, PROCESS_LOCAL, 4658 bytes) taskResourceAssignments Map()
2021-08-15 17:53:41 Executor: INFO: Running task 17.0 in stage 0.0 (TID 17)
2021-08-15 17:53:41 TaskSetManager: INFO: Finished task 15.0 in stage 0.0 (TID 15) in 2608 ms on compe078.hpc.in.bmrc.ox.ac.uk (executor driver) (16/100)
2021-08-15 17:53:41 root: INFO: RegionPool: initialized for thread 71: Executor task launch worker for task 17.0 in stage 0.0 (TID 17)
2021-08-15 17:53:41 root: INFO: RegionPool: REPORT_THRESHOLD: 256.0K allocated (256.0K blocks / 0 chunks), regions.size = 3, 0 current java objects, thread 71: Executor task launch worker for task 17.0 in stage 0.0 (TID 17)
2021-08-15 17:53:41 root: INFO: RegionPool: REPORT_THRESHOLD: 512.0K allocated (512.0K blocks / 0 chunks), regions.size = 7, 0 current java objects, thread 71: Executor task launch worker for task 17.0 in stage 0.0 (TID 17)
2021-08-15 17:53:41 root: INFO: RegionPool: REPORT_THRESHOLD: 1.0M allocated (1.0M blocks / 0 chunks), regions.size = 15, 0 current java objects, thread 71: Executor task launch worker for task 17.0 in stage 0.0 (TID 17)
