2021-09-22 20:14:35 WARN  NativeCodeLoader:60 - Unable to load native-hadoop library for your platform... using builtin-java classes where applicable
2021-09-22 20:14:35 WARN  NativeCodeLoader:60 - Unable to load native-hadoop library for your platform... using builtin-java classes where applicable
2021-09-22 20:14:35 WARN  NativeCodeLoader:60 - Unable to load native-hadoop library for your platform... using builtin-java classes where applicable
2021-09-22 20:14:35 WARN  NativeCodeLoader:60 - Unable to load native-hadoop library for your platform... using builtin-java classes where applicable
2021-09-22 20:14:35 WARN  NativeCodeLoader:60 - Unable to load native-hadoop library for your platform... using builtin-java classes where applicable
2021-09-22 20:14:35 WARN  NativeCodeLoader:60 - Unable to load native-hadoop library for your platform... using builtin-java classes where applicable
2021-09-22 20:14:35 WARN  NativeCodeLoader:60 - Unable to load native-hadoop library for your platform... using builtin-java classes where applicable
2021-09-22 20:14:35 WARN  NativeCodeLoader:60 - Unable to load native-hadoop library for your platform... using builtin-java classes where applicable
2021-09-22 20:14:35 WARN  NativeCodeLoader:60 - Unable to load native-hadoop library for your platform... using builtin-java classes where applicable
2021-09-22 20:14:35 WARN  NativeCodeLoader:60 - Unable to load native-hadoop library for your platform... using builtin-java classes where applicable
2021-09-22 20:14:35 WARN  NativeCodeLoader:60 - Unable to load native-hadoop library for your platform... using builtin-java classes where applicable
2021-09-22 20:14:35 WARN  NativeCodeLoader:60 - Unable to load native-hadoop library for your platform... using builtin-java classes where applicable
2021-09-22 20:14:35 WARN  NativeCodeLoader:60 - Unable to load native-hadoop library for your platform... using builtin-java classes where applicable
2021-09-22 20:14:35 WARN  NativeCodeLoader:60 - Unable to load native-hadoop library for your platform... using builtin-java classes where applicable
2021-09-22 20:14:35 WARN  NativeCodeLoader:60 - Unable to load native-hadoop library for your platform... using builtin-java classes where applicable
2021-09-22 20:14:35 WARN  NativeCodeLoader:60 - Unable to load native-hadoop library for your platform... using builtin-java classes where applicable
2021-09-22 20:14:35 WARN  NativeCodeLoader:60 - Unable to load native-hadoop library for your platform... using builtin-java classes where applicable
2021-09-22 20:14:35 WARN  NativeCodeLoader:60 - Unable to load native-hadoop library for your platform... using builtin-java classes where applicable
2021-09-22 20:14:35 WARN  NativeCodeLoader:60 - Unable to load native-hadoop library for your platform... using builtin-java classes where applicable
2021-09-22 20:14:35 WARN  NativeCodeLoader:60 - Unable to load native-hadoop library for your platform... using builtin-java classes where applicable
2021-09-22 20:14:35 WARN  NativeCodeLoader:60 - Unable to load native-hadoop library for your platform... using builtin-java classes where applicable
2021-09-22 20:14:35 WARN  NativeCodeLoader:60 - Unable to load native-hadoop library for your platform... using builtin-java classes where applicable
2021-09-22 20:14:35 WARN  Hail:43 - This Hail JAR was compiled for Spark 3.1.1, running with Spark 3.1.2.
  Compatibility is not guaranteed.
2021-09-22 20:14:35 WARN  Hail:43 - This Hail JAR was compiled for Spark 3.1.1, running with Spark 3.1.2.
  Compatibility is not guaranteed.
2021-09-22 20:14:35 WARN  Hail:43 - This Hail JAR was compiled for Spark 3.1.1, running with Spark 3.1.2.
  Compatibility is not guaranteed.
2021-09-22 20:14:35 WARN  SparkConf:69 - Note that spark.local.dir will be overridden by the value set by the cluster manager (via SPARK_LOCAL_DIRS in mesos/standalone/kubernetes and LOCAL_DIRS in YARN).
2021-09-22 20:14:35 WARN  SparkConf:69 - Note that spark.local.dir will be overridden by the value set by the cluster manager (via SPARK_LOCAL_DIRS in mesos/standalone/kubernetes and LOCAL_DIRS in YARN).
2021-09-22 20:14:35 WARN  SparkConf:69 - Note that spark.local.dir will be overridden by the value set by the cluster manager (via SPARK_LOCAL_DIRS in mesos/standalone/kubernetes and LOCAL_DIRS in YARN).
2021-09-22 20:14:35 WARN  Hail:43 - This Hail JAR was compiled for Spark 3.1.1, running with Spark 3.1.2.
  Compatibility is not guaranteed.
2021-09-22 20:14:35 WARN  Hail:43 - This Hail JAR was compiled for Spark 3.1.1, running with Spark 3.1.2.
  Compatibility is not guaranteed.
2021-09-22 20:14:35 WARN  Hail:43 - This Hail JAR was compiled for Spark 3.1.1, running with Spark 3.1.2.
  Compatibility is not guaranteed.
2021-09-22 20:14:35 WARN  Hail:43 - This Hail JAR was compiled for Spark 3.1.1, running with Spark 3.1.2.
  Compatibility is not guaranteed.
2021-09-22 20:14:35 WARN  SparkConf:69 - Note that spark.local.dir will be overridden by the value set by the cluster manager (via SPARK_LOCAL_DIRS in mesos/standalone/kubernetes and LOCAL_DIRS in YARN).
2021-09-22 20:14:35 WARN  SparkConf:69 - Note that spark.local.dir will be overridden by the value set by the cluster manager (via SPARK_LOCAL_DIRS in mesos/standalone/kubernetes and LOCAL_DIRS in YARN).
2021-09-22 20:14:35 WARN  SparkConf:69 - Note that spark.local.dir will be overridden by the value set by the cluster manager (via SPARK_LOCAL_DIRS in mesos/standalone/kubernetes and LOCAL_DIRS in YARN).
2021-09-22 20:14:35 WARN  SparkConf:69 - Note that spark.local.dir will be overridden by the value set by the cluster manager (via SPARK_LOCAL_DIRS in mesos/standalone/kubernetes and LOCAL_DIRS in YARN).
2021-09-22 20:14:35 WARN  Hail:43 - This Hail JAR was compiled for Spark 3.1.1, running with Spark 3.1.2.
  Compatibility is not guaranteed.
2021-09-22 20:14:35 WARN  Hail:43 - This Hail JAR was compiled for Spark 3.1.1, running with Spark 3.1.2.
  Compatibility is not guaranteed.
2021-09-22 20:14:35 WARN  Hail:43 - This Hail JAR was compiled for Spark 3.1.1, running with Spark 3.1.2.
  Compatibility is not guaranteed.
2021-09-22 20:14:35 WARN  Hail:43 - This Hail JAR was compiled for Spark 3.1.1, running with Spark 3.1.2.
  Compatibility is not guaranteed.
2021-09-22 20:14:35 WARN  Hail:43 - This Hail JAR was compiled for Spark 3.1.1, running with Spark 3.1.2.
  Compatibility is not guaranteed.
2021-09-22 20:14:35 WARN  Hail:43 - This Hail JAR was compiled for Spark 3.1.1, running with Spark 3.1.2.
  Compatibility is not guaranteed.
2021-09-22 20:14:35 WARN  Hail:43 - This Hail JAR was compiled for Spark 3.1.1, running with Spark 3.1.2.
  Compatibility is not guaranteed.
2021-09-22 20:14:35 WARN  Hail:43 - This Hail JAR was compiled for Spark 3.1.1, running with Spark 3.1.2.
  Compatibility is not guaranteed.
2021-09-22 20:14:35 WARN  Hail:43 - This Hail JAR was compiled for Spark 3.1.1, running with Spark 3.1.2.
  Compatibility is not guaranteed.
2021-09-22 20:14:35 WARN  SparkConf:69 - Note that spark.local.dir will be overridden by the value set by the cluster manager (via SPARK_LOCAL_DIRS in mesos/standalone/kubernetes and LOCAL_DIRS in YARN).
2021-09-22 20:14:35 WARN  SparkConf:69 - Note that spark.local.dir will be overridden by the value set by the cluster manager (via SPARK_LOCAL_DIRS in mesos/standalone/kubernetes and LOCAL_DIRS in YARN).
2021-09-22 20:14:35 WARN  SparkConf:69 - Note that spark.local.dir will be overridden by the value set by the cluster manager (via SPARK_LOCAL_DIRS in mesos/standalone/kubernetes and LOCAL_DIRS in YARN).
2021-09-22 20:14:35 WARN  SparkConf:69 - Note that spark.local.dir will be overridden by the value set by the cluster manager (via SPARK_LOCAL_DIRS in mesos/standalone/kubernetes and LOCAL_DIRS in YARN).
2021-09-22 20:14:35 WARN  SparkConf:69 - Note that spark.local.dir will be overridden by the value set by the cluster manager (via SPARK_LOCAL_DIRS in mesos/standalone/kubernetes and LOCAL_DIRS in YARN).
2021-09-22 20:14:35 WARN  SparkConf:69 - Note that spark.local.dir will be overridden by the value set by the cluster manager (via SPARK_LOCAL_DIRS in mesos/standalone/kubernetes and LOCAL_DIRS in YARN).
2021-09-22 20:14:35 WARN  SparkConf:69 - Note that spark.local.dir will be overridden by the value set by the cluster manager (via SPARK_LOCAL_DIRS in mesos/standalone/kubernetes and LOCAL_DIRS in YARN).
2021-09-22 20:14:35 WARN  SparkConf:69 - Note that spark.local.dir will be overridden by the value set by the cluster manager (via SPARK_LOCAL_DIRS in mesos/standalone/kubernetes and LOCAL_DIRS in YARN).
2021-09-22 20:14:35 WARN  SparkConf:69 - Note that spark.local.dir will be overridden by the value set by the cluster manager (via SPARK_LOCAL_DIRS in mesos/standalone/kubernetes and LOCAL_DIRS in YARN).
2021-09-22 20:14:35 WARN  Hail:43 - This Hail JAR was compiled for Spark 3.1.1, running with Spark 3.1.2.
  Compatibility is not guaranteed.
2021-09-22 20:14:35 WARN  Hail:43 - This Hail JAR was compiled for Spark 3.1.1, running with Spark 3.1.2.
  Compatibility is not guaranteed.
2021-09-22 20:14:35 WARN  SparkConf:69 - Note that spark.local.dir will be overridden by the value set by the cluster manager (via SPARK_LOCAL_DIRS in mesos/standalone/kubernetes and LOCAL_DIRS in YARN).
2021-09-22 20:14:35 WARN  SparkConf:69 - Note that spark.local.dir will be overridden by the value set by the cluster manager (via SPARK_LOCAL_DIRS in mesos/standalone/kubernetes and LOCAL_DIRS in YARN).
2021-09-22 20:14:35 WARN  Hail:43 - This Hail JAR was compiled for Spark 3.1.1, running with Spark 3.1.2.
  Compatibility is not guaranteed.
2021-09-22 20:14:35 WARN  Hail:43 - This Hail JAR was compiled for Spark 3.1.1, running with Spark 3.1.2.
  Compatibility is not guaranteed.
2021-09-22 20:14:35 WARN  Hail:43 - This Hail JAR was compiled for Spark 3.1.1, running with Spark 3.1.2.
  Compatibility is not guaranteed.
2021-09-22 20:14:35 WARN  Hail:43 - This Hail JAR was compiled for Spark 3.1.1, running with Spark 3.1.2.
  Compatibility is not guaranteed.
2021-09-22 20:14:35 WARN  SparkConf:69 - Note that spark.local.dir will be overridden by the value set by the cluster manager (via SPARK_LOCAL_DIRS in mesos/standalone/kubernetes and LOCAL_DIRS in YARN).
2021-09-22 20:14:35 WARN  SparkConf:69 - Note that spark.local.dir will be overridden by the value set by the cluster manager (via SPARK_LOCAL_DIRS in mesos/standalone/kubernetes and LOCAL_DIRS in YARN).
2021-09-22 20:14:35 WARN  SparkConf:69 - Note that spark.local.dir will be overridden by the value set by the cluster manager (via SPARK_LOCAL_DIRS in mesos/standalone/kubernetes and LOCAL_DIRS in YARN).
2021-09-22 20:14:35 WARN  SparkConf:69 - Note that spark.local.dir will be overridden by the value set by the cluster manager (via SPARK_LOCAL_DIRS in mesos/standalone/kubernetes and LOCAL_DIRS in YARN).
2021-09-24 11:21:48 WARN  NativeCodeLoader:60 - Unable to load native-hadoop library for your platform... using builtin-java classes where applicable
2021-09-24 11:21:49 WARN  Hail:43 - This Hail JAR was compiled for Spark 3.1.1, running with Spark 3.1.2.
  Compatibility is not guaranteed.
2021-09-24 11:21:49 WARN  SparkConf:69 - Note that spark.local.dir will be overridden by the value set by the cluster manager (via SPARK_LOCAL_DIRS in mesos/standalone/kubernetes and LOCAL_DIRS in YARN).
2021-09-24 11:27:32 WARN  NativeCodeLoader:60 - Unable to load native-hadoop library for your platform... using builtin-java classes where applicable
2021-09-24 11:27:33 WARN  Hail:43 - This Hail JAR was compiled for Spark 3.1.1, running with Spark 3.1.2.
  Compatibility is not guaranteed.
2021-09-24 11:27:33 WARN  SparkConf:69 - Note that spark.local.dir will be overridden by the value set by the cluster manager (via SPARK_LOCAL_DIRS in mesos/standalone/kubernetes and LOCAL_DIRS in YARN).

Exporting to VCF: derived/ptvs_only/ukb_wes_200k_maf002_miss005_ptv_chr22_ko.vcf.bgz

Finished running HAIL for chr22. Elapsed time: .15 hrs (job id: 54445852.22 Fri Sep 24 11:36:20 BST 2021)
/apps/eb/2020b/skylake/software/BCFtools/1.12-GCC-10.3.0/bin/bcftools
Finished tabix of derived/ptvs_only/ukb_wes_200k_maf002_miss005_ptv_chr22_ko.vcf.bgz. Elapsed time: 0 hrs (job id: 54445852.22 Fri Sep 24 11:36:22 BST 2021)
