2021-10-08 17:51:46 WARN  NativeCodeLoader:60 - Unable to load native-hadoop library for your platform... using builtin-java classes where applicable
2021-10-08 17:51:47 WARN  Hail:43 - This Hail JAR was compiled for Spark 3.1.1, running with Spark 3.1.2.
  Compatibility is not guaranteed.
2021-10-08 17:51:47 WARN  SparkConf:69 - Note that spark.local.dir will be overridden by the value set by the cluster manager (via SPARK_LOCAL_DIRS in mesos/standalone/kubernetes and LOCAL_DIRS in YARN).
2021-10-08 17:54:15 WARN  NativeCodeLoader:60 - Unable to load native-hadoop library for your platform... using builtin-java classes where applicable
2021-10-08 17:54:16 WARN  Hail:43 - This Hail JAR was compiled for Spark 3.1.1, running with Spark 3.1.2.
  Compatibility is not guaranteed.
2021-10-08 17:54:16 WARN  SparkConf:69 - Note that spark.local.dir will be overridden by the value set by the cluster manager (via SPARK_LOCAL_DIRS in mesos/standalone/kubernetes and LOCAL_DIRS in YARN).
2021-10-08 17:59:15 WARN  NativeCodeLoader:60 - Unable to load native-hadoop library for your platform... using builtin-java classes where applicable
2021-10-08 17:59:16 WARN  Hail:43 - This Hail JAR was compiled for Spark 3.1.1, running with Spark 3.1.2.
  Compatibility is not guaranteed.
2021-10-08 17:59:16 WARN  SparkConf:69 - Note that spark.local.dir will be overridden by the value set by the cluster manager (via SPARK_LOCAL_DIRS in mesos/standalone/kubernetes and LOCAL_DIRS in YARN).

Writing to MT: data/unphased/post-qc/ukb_wes_200k_filtered_chr1.mt

2021-10-08 18:00:55 WARN  NativeCodeLoader:60 - Unable to load native-hadoop library for your platform... using builtin-java classes where applicable
2021-10-08 18:00:55 WARN  Hail:43 - This Hail JAR was compiled for Spark 3.1.1, running with Spark 3.1.2.
  Compatibility is not guaranteed.
2021-10-08 18:00:55 WARN  SparkConf:69 - Note that spark.local.dir will be overridden by the value set by the cluster manager (via SPARK_LOCAL_DIRS in mesos/standalone/kubernetes and LOCAL_DIRS in YARN).
2021-10-08 18:00:57 WARN  NativeCodeLoader:60 - Unable to load native-hadoop library for your platform... using builtin-java classes where applicable
2021-10-08 18:00:57 WARN  Hail:43 - This Hail JAR was compiled for Spark 3.1.1, running with Spark 3.1.2.
  Compatibility is not guaranteed.
2021-10-08 18:00:57 WARN  SparkConf:69 - Note that spark.local.dir will be overridden by the value set by the cluster manager (via SPARK_LOCAL_DIRS in mesos/standalone/kubernetes and LOCAL_DIRS in YARN).
2021-10-08 18:01:19 WARN  NativeCodeLoader:60 - Unable to load native-hadoop library for your platform... using builtin-java classes where applicable
2021-10-08 18:01:20 WARN  Hail:43 - This Hail JAR was compiled for Spark 3.1.1, running with Spark 3.1.2.
  Compatibility is not guaranteed.
2021-10-08 18:01:20 WARN  SparkConf:69 - Note that spark.local.dir will be overridden by the value set by the cluster manager (via SPARK_LOCAL_DIRS in mesos/standalone/kubernetes and LOCAL_DIRS in YARN).
