Loading required package: optparse
/var/spool/default/compe084/job_scripts/54366897: line 46: python3: command not found
/well/lindgren/users/mmq446/conda/skylake/envs/RSAIGE/etc/conda/activate.d/activate-binutils_linux-64.sh: line 67: HOST: unbound variable
/well/lindgren/users/mmq446/conda/skylake/envs/RSAIGE/etc/conda/activate.d/activate-binutils_linux-64.sh: line 67: HOST: unbound variable
Loading required package: optparse
Loading required package: optparse
Loading required package: optparse
Loading required package: optparse
Loading required package: optparse
Loading required package: optparse
Loading required package: optparse
Loading required package: optparse
Loading required package: optparse
Loading required package: optparse
Loading required package: optparse
Loading required package: optparse
Warning message:
glm.fit: fitted probabilities numerically 0 or 1 occurred 
/well/lindgren/users/mmq446/conda/skylake/envs/RSAIGE/lib/R/bin/R: line 240: /well/lindgren/users/mmq446/conda/skylake/envs/RSAIGE/lib/R/etc/ldpaths: No such file or directory
/well/lindgren/users/mmq446/conda/skylake/envs/RSAIGE/lib/R/bin/R: line 240: /well/lindgren/users/mmq446/conda/skylake/envs/RSAIGE/lib/R/etc/ldpaths: No such file or directory
/well/lindgren/users/mmq446/conda/skylake/envs/RSAIGE/lib/R/bin/R: line 240: /well/lindgren/users/mmq446/conda/skylake/envs/RSAIGE/lib/R/etc/ldpaths: No such file or directory
Loading required package: optparse
Loading required package: optparse
Loading required package: optparse
Loading required package: optparse
Loading required package: optparse
Loading required package: optparse
Loading required package: optparse
Warning message:
glm.fit: fitted probabilities numerically 0 or 1 occurred 
Loading required package: optparse
Loading required package: optparse
Loading required package: optparse
Loading required package: optparse
Loading required package: optparse
/var/spool/default/compe076/job_scripts/54445808: line 74: [: too many arguments
/var/spool/default/compe094/job_scripts/54445812: line 74: [: too many arguments
/var/spool/default/compe076/job_scripts/54445812: line 74: [: too many arguments
/var/spool/default/compe048/job_scripts/54445812: line 74: [: too many arguments
/var/spool/default/compe006/job_scripts/54445812: line 74: [: too many arguments
/var/spool/default/compe076/job_scripts/54445812: line 74: [: too many arguments
/var/spool/default/compe091/job_scripts/54445812: line 74: [: too many arguments
/var/spool/default/compe072/job_scripts/54445812: line 74: [: too many arguments
/var/spool/default/compe092/job_scripts/54445812: line 74: [: too many arguments
/var/spool/default/compe003/job_scripts/54445812: line 74: [: too many arguments
/var/spool/default/compe058/job_scripts/54445812: line 74: [: too many arguments
/var/spool/default/compe090/job_scripts/54445812: line 74: [: too many arguments
/var/spool/default/compe082/job_scripts/54445812: line 74: [: too many arguments
/var/spool/default/compe094/job_scripts/54445812: line 74: [: too many arguments
/var/spool/default/compe048/job_scripts/54445812: line 74: [: too many arguments
/var/spool/default/compe006/job_scripts/54445812: line 74: [: too many arguments
/var/spool/default/compe004/job_scripts/54445812: line 74: [: too many arguments
/var/spool/default/compe086/job_scripts/54445812: line 74: [: too many arguments
/var/spool/default/compe049/job_scripts/54445812: line 74: [: too many arguments
/var/spool/default/compe053/job_scripts/54445812: line 74: [: too many arguments
/var/spool/default/compe088/job_scripts/54445812: line 74: [: too many arguments
/var/spool/default/compe060/job_scripts/54445812: line 74: [: too many arguments
/var/spool/default/compe007/job_scripts/54445812: line 74: [: too many arguments
/var/spool/default/compe084/job_scripts/54445812: line 74: [: too many arguments
/var/spool/default/compe074/job_scripts/54445812: line 74: [: too many arguments
/var/spool/default/compe093/job_scripts/54445812: line 74: [: too many arguments
/var/spool/default/compe001/job_scripts/54445812: line 74: [: too many arguments
/var/spool/default/compe081/job_scripts/54445812: line 74: [: too many arguments
/var/spool/default/compe051/job_scripts/54445812: line 74: [: too many arguments
/var/spool/default/compe070/job_scripts/54445812: line 74: [: too many arguments
/var/spool/default/compe068/job_scripts/54445812: line 74: [: too many arguments
/var/spool/default/compe083/job_scripts/54445812: line 74: [: too many arguments
/var/spool/default/compe087/job_scripts/54445812: line 74: [: too many arguments
/var/spool/default/compe079/job_scripts/54445812: line 74: [: too many arguments
/var/spool/default/compe005/job_scripts/54445812: line 74: [: too many arguments
/var/spool/default/compe044/job_scripts/54445812: line 74: [: too many arguments
/var/spool/default/compe077/job_scripts/54445812: line 74: [: too many arguments
/var/spool/default/compe073/job_scripts/54445812: line 74: [: too many arguments
/var/spool/default/compe002/job_scripts/54445812: line 74: [: too many arguments
/var/spool/default/compe054/job_scripts/54445812: line 74: [: too many arguments
/var/spool/default/compe061/job_scripts/54445812: line 74: [: too many arguments
/var/spool/default/compe075/job_scripts/54445812: line 74: [: too many arguments
/var/spool/default/compe056/job_scripts/54445812: line 74: [: too many arguments
/var/spool/default/compe058/job_scripts/54445819: line 74: [: too many arguments
/var/spool/default/compe072/job_scripts/54445819: line 74: [: too many arguments
/var/spool/default/compe092/job_scripts/54445819: line 74: [: too many arguments
/var/spool/default/compe094/job_scripts/54445819: line 74: [: too many arguments
/var/spool/default/compe090/job_scripts/54445819: line 74: [: too many arguments
/var/spool/default/compe006/job_scripts/54445819: line 74: [: derived/saige/binary/step1/ukb_wes_200k_breast_cancer.rda: binary operator expected
/var/spool/default/compe048/job_scripts/54445819: line 74: [: too many arguments
/var/spool/default/compe076/job_scripts/54445819: line 74: [: too many arguments
Loading required package: optparse
/well/lindgren/users/mmq446/conda/skylake/envs/RSAIGE/lib/R/bin/R: line 240: /well/lindgren/users/mmq446/conda/skylake/envs/RSAIGE/lib/R/etc/ldpaths: No such file or directory
Loading required package: optparse
Loading required package: optparse
Loading required package: optparse
Loading required package: optparse
Loading required package: optparse
Loading required package: optparse
Loading required package: optparse
Loading required package: optparse
Loading required package: optparse
Loading required package: optparse
Loading required package: optparse
Loading required package: optparse
Loading required package: optparse
Loading required package: optparse
Loading required package: optparse
Loading required package: optparse
Loading required package: optparse
Loading required package: optparse
Loading required package: optparse
Loading required package: optparse
Loading required package: optparse
Loading required package: optparse
Loading required package: optparse
Loading required package: optparse
Loading required package: optparse
Loading required package: optparse
Loading required package: optparse
Loading required package: optparse
Loading required package: optparse
Loading required package: optparse
Loading required package: optparse
Loading required package: optparse

error: inv_sympd(): matrix is singular or not positive definite

error: inv_sympd(): matrix is singular or not positive definite
