Could not find conda environment: hail-updated
You can list all discoverable environments with `conda info --envs`.

Traceback (most recent call last):
  File "utils/create_grm_input.py", line 2, in <module>
    import hail as hl
  File "/users/gms/mmq446/.local/lib/python3.8/site-packages/hail/__init__.py", line 34, in <module>
    from .table import Table, GroupedTable, asc, desc  # noqa: E402
  File "/users/gms/mmq446/.local/lib/python3.8/site-packages/hail/table.py", line 4, in <module>
    import pyspark
  File "/users/gms/mmq446/.local/lib/python3.8/site-packages/pyspark/__init__.py", line 51, in <module>
    from pyspark.context import SparkContext
  File "/users/gms/mmq446/.local/lib/python3.8/site-packages/pyspark/context.py", line 31, in <module>
    from pyspark import accumulators
  File "/users/gms/mmq446/.local/lib/python3.8/site-packages/pyspark/accumulators.py", line 97, in <module>
    from pyspark.serializers import read_int, PickleSerializer
  File "/users/gms/mmq446/.local/lib/python3.8/site-packages/pyspark/serializers.py", line 71, in <module>
    from pyspark import cloudpickle
  File "/users/gms/mmq446/.local/lib/python3.8/site-packages/pyspark/cloudpickle.py", line 145, in <module>
    _cell_set_template_code = _make_cell_set_template_code()
  File "/users/gms/mmq446/.local/lib/python3.8/site-packages/pyspark/cloudpickle.py", line 126, in _make_cell_set_template_code
    return types.CodeType(
TypeError: an integer is required (got type bytes)
Could not find conda environment: RSAIGE
You can list all discoverable environments with `conda info --envs`.

/var/spool/default/compd024/job_scripts/54408585: line 45: Rscript: command not found
Could not find conda environment: hail-updated
You can list all discoverable environments with `conda info --envs`.

Traceback (most recent call last):
  File "utils/create_grm_input.py", line 2, in <module>
    import hail as hl
  File "/users/gms/mmq446/.local/lib/python3.8/site-packages/hail/__init__.py", line 34, in <module>
    from .table import Table, GroupedTable, asc, desc  # noqa: E402
  File "/users/gms/mmq446/.local/lib/python3.8/site-packages/hail/table.py", line 4, in <module>
    import pyspark
  File "/users/gms/mmq446/.local/lib/python3.8/site-packages/pyspark/__init__.py", line 51, in <module>
    from pyspark.context import SparkContext
  File "/users/gms/mmq446/.local/lib/python3.8/site-packages/pyspark/context.py", line 31, in <module>
    from pyspark import accumulators
  File "/users/gms/mmq446/.local/lib/python3.8/site-packages/pyspark/accumulators.py", line 97, in <module>
    from pyspark.serializers import read_int, PickleSerializer
  File "/users/gms/mmq446/.local/lib/python3.8/site-packages/pyspark/serializers.py", line 71, in <module>
    from pyspark import cloudpickle
  File "/users/gms/mmq446/.local/lib/python3.8/site-packages/pyspark/cloudpickle.py", line 145, in <module>
    _cell_set_template_code = _make_cell_set_template_code()
  File "/users/gms/mmq446/.local/lib/python3.8/site-packages/pyspark/cloudpickle.py", line 126, in _make_cell_set_template_code
    return types.CodeType(
TypeError: an integer is required (got type bytes)
Could not find conda environment: jupyter-hail
You can list all discoverable environments with `conda info --envs`.

Traceback (most recent call last):
  File "utils/create_grm_input.py", line 2, in <module>
    import hail as hl
  File "/users/gms/mmq446/.local/lib/python3.8/site-packages/hail/__init__.py", line 34, in <module>
    from .table import Table, GroupedTable, asc, desc  # noqa: E402
  File "/users/gms/mmq446/.local/lib/python3.8/site-packages/hail/table.py", line 4, in <module>
    import pyspark
  File "/users/gms/mmq446/.local/lib/python3.8/site-packages/pyspark/__init__.py", line 51, in <module>
    from pyspark.context import SparkContext
  File "/users/gms/mmq446/.local/lib/python3.8/site-packages/pyspark/context.py", line 31, in <module>
    from pyspark import accumulators
  File "/users/gms/mmq446/.local/lib/python3.8/site-packages/pyspark/accumulators.py", line 97, in <module>
    from pyspark.serializers import read_int, PickleSerializer
  File "/users/gms/mmq446/.local/lib/python3.8/site-packages/pyspark/serializers.py", line 71, in <module>
    from pyspark import cloudpickle
  File "/users/gms/mmq446/.local/lib/python3.8/site-packages/pyspark/cloudpickle.py", line 145, in <module>
    _cell_set_template_code = _make_cell_set_template_code()
  File "/users/gms/mmq446/.local/lib/python3.8/site-packages/pyspark/cloudpickle.py", line 126, in _make_cell_set_template_code
    return types.CodeType(
TypeError: an integer is required (got type bytes)
Could not find conda environment: jupyter-hail
You can list all discoverable environments with `conda info --envs`.

Traceback (most recent call last):
  File "utils/create_grm_input.py", line 2, in <module>
    import hail as hl
  File "/users/gms/mmq446/.local/lib/python3.8/site-packages/hail/__init__.py", line 34, in <module>
    from .table import Table, GroupedTable, asc, desc  # noqa: E402
  File "/users/gms/mmq446/.local/lib/python3.8/site-packages/hail/table.py", line 4, in <module>
    import pyspark
  File "/users/gms/mmq446/.local/lib/python3.8/site-packages/pyspark/__init__.py", line 51, in <module>
    from pyspark.context import SparkContext
  File "/users/gms/mmq446/.local/lib/python3.8/site-packages/pyspark/context.py", line 31, in <module>
    from pyspark import accumulators
  File "/users/gms/mmq446/.local/lib/python3.8/site-packages/pyspark/accumulators.py", line 97, in <module>
    from pyspark.serializers import read_int, PickleSerializer
  File "/users/gms/mmq446/.local/lib/python3.8/site-packages/pyspark/serializers.py", line 71, in <module>
    from pyspark import cloudpickle
  File "/users/gms/mmq446/.local/lib/python3.8/site-packages/pyspark/cloudpickle.py", line 145, in <module>
    _cell_set_template_code = _make_cell_set_template_code()
  File "/users/gms/mmq446/.local/lib/python3.8/site-packages/pyspark/cloudpickle.py", line 126, in _make_cell_set_template_code
    return types.CodeType(
TypeError: an integer is required (got type bytes)
Could not find conda environment: hail-updated
You can list all discoverable environments with `conda info --envs`.

Could not find conda environment: hail-updated
You can list all discoverable environments with `conda info --envs`.

Could not find conda environment: hail-updated
You can list all discoverable environments with `conda info --envs`.

Could not find conda environment: hail-updated
You can list all discoverable environments with `conda info --envs`.

Could not find conda environment: jupyter-hail
You can list all discoverable environments with `conda info --envs`.

Setting default log level to "WARN".
To adjust logging level use sc.setLogLevel(newLevel). For SparkR, use setLogLevel(newLevel).
