foss/2018b(23):ERROR:150: Module 'foss/2018b' conflicts with the currently loaded module(s) 'foss/2019a'
foss/2018b(23):ERROR:102: Tcl command execution failed: conflict foss

Perl/5.28.0-GCCcore-7.3.0(116):ERROR:150: Module 'Perl/5.28.0-GCCcore-7.3.0' conflicts with the currently loaded module(s) 'Perl/5.28.1-GCCcore-8.2.0'
Perl/5.28.0-GCCcore-7.3.0(116):ERROR:102: Tcl command execution failed: conflict Perl

DBD-mysql/4.048-foss-2018b-Perl-5.28.0(22):ERROR:150: Module 'DBD-mysql/4.048-foss-2018b-Perl-5.28.0' conflicts with the currently loaded module(s) 'DBD-mysql/4.050-foss-2019a-Perl-5.28.1'
DBD-mysql/4.048-foss-2018b-Perl-5.28.0(22):ERROR:102: Tcl command execution failed: conflict DBD-mysql

BioPerl/1.7.2-foss-2018b-Perl-5.28.0(24):ERROR:150: Module 'BioPerl/1.7.2-foss-2018b-Perl-5.28.0' conflicts with the currently loaded module(s) 'BioPerl/1.7.2-GCCcore-8.2.0-Perl-5.28.1'
BioPerl/1.7.2-foss-2018b-Perl-5.28.0(24):ERROR:102: Tcl command execution failed: conflict BioPerl

Bio-DB-HTS/2.11-foss-2018b-Perl-5.28.0(22):ERROR:150: Module 'Bio-DB-HTS/2.11-foss-2018b-Perl-5.28.0' conflicts with the currently loaded module(s) 'Bio-DB-HTS/3.01-GCC-8.2.0-2.31.1-Perl-5.28.1'
Bio-DB-HTS/2.11-foss-2018b-Perl-5.28.0(22):ERROR:102: Tcl command execution failed: conflict Bio-DB-HTS

Smartmatch is experimental at /well/lindgren/flassen/software/VEP/plugins_grch38/de_novo_donor.pl line 175.
Smartmatch is experimental at /well/lindgren/flassen/software/VEP/plugins_grch38/de_novo_donor.pl line 214.
Smartmatch is experimental at /well/lindgren/flassen/software/VEP/plugins_grch38/splice_site_scan.pl line 191.
Smartmatch is experimental at /well/lindgren/flassen/software/VEP/plugins_grch38/splice_site_scan.pl line 194.
Smartmatch is experimental at /well/lindgren/flassen/software/VEP/plugins_grch38/splice_site_scan.pl line 238.
Smartmatch is experimental at /well/lindgren/flassen/software/VEP/plugins_grch38/splice_site_scan.pl line 241.
WARNING: No input file format specified - detected vcf format
foss/2018b(23):ERROR:150: Module 'foss/2018b' conflicts with the currently loaded module(s) 'foss/2019a'
foss/2018b(23):ERROR:102: Tcl command execution failed: conflict foss

Perl/5.28.0-GCCcore-7.3.0(116):ERROR:150: Module 'Perl/5.28.0-GCCcore-7.3.0' conflicts with the currently loaded module(s) 'Perl/5.28.1-GCCcore-8.2.0'
Perl/5.28.0-GCCcore-7.3.0(116):ERROR:102: Tcl command execution failed: conflict Perl

DBD-mysql/4.048-foss-2018b-Perl-5.28.0(21):ERROR:150: Module 'DBD-mysql/4.048-foss-2018b-Perl-5.28.0' conflicts with the currently loaded module(s) 'DBD-mysql/4.050-foss-2019a-Perl-5.28.1'
DBD-mysql/4.048-foss-2018b-Perl-5.28.0(21):ERROR:102: Tcl command execution failed: conflict DBD-mysql

BioPerl/1.7.2-foss-2018b-Perl-5.28.0(23):ERROR:150: Module 'BioPerl/1.7.2-foss-2018b-Perl-5.28.0' conflicts with the currently loaded module(s) 'BioPerl/1.7.2-GCCcore-8.2.0-Perl-5.28.1'
BioPerl/1.7.2-foss-2018b-Perl-5.28.0(23):ERROR:102: Tcl command execution failed: conflict BioPerl

Bio-DB-HTS/2.11-foss-2018b-Perl-5.28.0(21):ERROR:150: Module 'Bio-DB-HTS/2.11-foss-2018b-Perl-5.28.0' conflicts with the currently loaded module(s) 'Bio-DB-HTS/3.01-GCC-8.2.0-2.31.1-Perl-5.28.1'
Bio-DB-HTS/2.11-foss-2018b-Perl-5.28.0(21):ERROR:102: Tcl command execution failed: conflict Bio-DB-HTS

Smartmatch is experimental at /well/lindgren/flassen/software/VEP/plugins_grch38/de_novo_donor.pl line 175.
Smartmatch is experimental at /well/lindgren/flassen/software/VEP/plugins_grch38/de_novo_donor.pl line 214.
Smartmatch is experimental at /well/lindgren/flassen/software/VEP/plugins_grch38/splice_site_scan.pl line 191.
Smartmatch is experimental at /well/lindgren/flassen/software/VEP/plugins_grch38/splice_site_scan.pl line 194.
Smartmatch is experimental at /well/lindgren/flassen/software/VEP/plugins_grch38/splice_site_scan.pl line 238.
Smartmatch is experimental at /well/lindgren/flassen/software/VEP/plugins_grch38/splice_site_scan.pl line 241.
WARNING: No input file format specified - detected vcf format
/var/spool/default/compd016/job_scripts/53912290: line 32: 22174 Illegal instruction     bcftools query -f '%CHROM %POS %ID %REF %ALT %AC %QUAL\n' "${RAW_ROOT}${RAW_FILE}" -o "${OUT_ROOT}${TMP_FILE}"
/var/spool/default/compd008/job_scripts/53912290: line 32: 23508 Illegal instruction     bcftools query -f '%CHROM %POS %ID %REF %ALT %AC %QUAL\n' "${RAW_ROOT}${RAW_FILE}" -o "${OUT_ROOT}${TMP_FILE}"
/var/spool/default/compd014/job_scripts/53912290: line 32:  5579 Illegal instruction     bcftools query -f '%CHROM %POS %ID %REF %ALT %AC %QUAL\n' "${RAW_ROOT}${RAW_FILE}" -o "${OUT_ROOT}${TMP_FILE}"
/var/spool/default/compd019/job_scripts/53912290: line 32:   521 Illegal instruction     bcftools query -f '%CHROM %POS %ID %REF %ALT %AC %QUAL\n' "${RAW_ROOT}${RAW_FILE}" -o "${OUT_ROOT}${TMP_FILE}"
/var/spool/default/compd018/job_scripts/53912290: line 32:  5536 Illegal instruction     bcftools query -f '%CHROM %POS %ID %REF %ALT %AC %QUAL\n' "${RAW_ROOT}${RAW_FILE}" -o "${OUT_ROOT}${TMP_FILE}"
/var/spool/default/compd011/job_scripts/53912290: line 32: 16316 Illegal instruction     bcftools query -f '%CHROM %POS %ID %REF %ALT %AC %QUAL\n' "${RAW_ROOT}${RAW_FILE}" -o "${OUT_ROOT}${TMP_FILE}"
foss/2018b(23):ERROR:150: Module 'foss/2018b' conflicts with the currently loaded module(s) 'foss/2019a'
foss/2018b(23):ERROR:102: Tcl command execution failed: conflict foss

Perl/5.28.0-GCCcore-7.3.0(116):ERROR:150: Module 'Perl/5.28.0-GCCcore-7.3.0' conflicts with the currently loaded module(s) 'Perl/5.28.1-GCCcore-8.2.0'
Perl/5.28.0-GCCcore-7.3.0(116):ERROR:102: Tcl command execution failed: conflict Perl

DBD-mysql/4.048-foss-2018b-Perl-5.28.0(21):ERROR:150: Module 'DBD-mysql/4.048-foss-2018b-Perl-5.28.0' conflicts with the currently loaded module(s) 'DBD-mysql/4.050-foss-2019a-Perl-5.28.1'
DBD-mysql/4.048-foss-2018b-Perl-5.28.0(21):ERROR:102: Tcl command execution failed: conflict DBD-mysql

BioPerl/1.7.2-foss-2018b-Perl-5.28.0(23):ERROR:150: Module 'BioPerl/1.7.2-foss-2018b-Perl-5.28.0' conflicts with the currently loaded module(s) 'BioPerl/1.7.2-GCCcore-8.2.0-Perl-5.28.1'
BioPerl/1.7.2-foss-2018b-Perl-5.28.0(23):ERROR:102: Tcl command execution failed: conflict BioPerl

Bio-DB-HTS/2.11-foss-2018b-Perl-5.28.0(21):ERROR:150: Module 'Bio-DB-HTS/2.11-foss-2018b-Perl-5.28.0' conflicts with the currently loaded module(s) 'Bio-DB-HTS/3.01-GCC-8.2.0-2.31.1-Perl-5.28.1'
Bio-DB-HTS/2.11-foss-2018b-Perl-5.28.0(21):ERROR:102: Tcl command execution failed: conflict Bio-DB-HTS

Smartmatch is experimental at /well/lindgren/flassen/software/VEP/plugins_grch38/de_novo_donor.pl line 175.
Smartmatch is experimental at /well/lindgren/flassen/software/VEP/plugins_grch38/de_novo_donor.pl line 214.
Smartmatch is experimental at /well/lindgren/flassen/software/VEP/plugins_grch38/splice_site_scan.pl line 191.
Smartmatch is experimental at /well/lindgren/flassen/software/VEP/plugins_grch38/splice_site_scan.pl line 194.
Smartmatch is experimental at /well/lindgren/flassen/software/VEP/plugins_grch38/splice_site_scan.pl line 238.
Smartmatch is experimental at /well/lindgren/flassen/software/VEP/plugins_grch38/splice_site_scan.pl line 241.
WARNING: No input file format specified - detected vcf format
foss/2018b(23):ERROR:150: Module 'foss/2018b' conflicts with the currently loaded module(s) 'foss/2019a'
foss/2018b(23):ERROR:102: Tcl command execution failed: conflict foss

Perl/5.28.0-GCCcore-7.3.0(116):ERROR:150: Module 'Perl/5.28.0-GCCcore-7.3.0' conflicts with the currently loaded module(s) 'Perl/5.28.1-GCCcore-8.2.0'
Perl/5.28.0-GCCcore-7.3.0(116):ERROR:102: Tcl command execution failed: conflict Perl

DBD-mysql/4.048-foss-2018b-Perl-5.28.0(21):ERROR:150: Module 'DBD-mysql/4.048-foss-2018b-Perl-5.28.0' conflicts with the currently loaded module(s) 'DBD-mysql/4.050-foss-2019a-Perl-5.28.1'
DBD-mysql/4.048-foss-2018b-Perl-5.28.0(21):ERROR:102: Tcl command execution failed: conflict DBD-mysql

BioPerl/1.7.2-foss-2018b-Perl-5.28.0(23):ERROR:150: Module 'BioPerl/1.7.2-foss-2018b-Perl-5.28.0' conflicts with the currently loaded module(s) 'BioPerl/1.7.2-GCCcore-8.2.0-Perl-5.28.1'
BioPerl/1.7.2-foss-2018b-Perl-5.28.0(23):ERROR:102: Tcl command execution failed: conflict BioPerl

Bio-DB-HTS/2.11-foss-2018b-Perl-5.28.0(21):ERROR:150: Module 'Bio-DB-HTS/2.11-foss-2018b-Perl-5.28.0' conflicts with the currently loaded module(s) 'Bio-DB-HTS/3.01-GCC-8.2.0-2.31.1-Perl-5.28.1'
Bio-DB-HTS/2.11-foss-2018b-Perl-5.28.0(21):ERROR:102: Tcl command execution failed: conflict Bio-DB-HTS

Smartmatch is experimental at /well/lindgren/flassen/software/VEP/plugins_grch38/de_novo_donor.pl line 175.
Smartmatch is experimental at /well/lindgren/flassen/software/VEP/plugins_grch38/de_novo_donor.pl line 214.
Smartmatch is experimental at /well/lindgren/flassen/software/VEP/plugins_grch38/splice_site_scan.pl line 191.
Smartmatch is experimental at /well/lindgren/flassen/software/VEP/plugins_grch38/splice_site_scan.pl line 194.
Smartmatch is experimental at /well/lindgren/flassen/software/VEP/plugins_grch38/splice_site_scan.pl line 238.
Smartmatch is experimental at /well/lindgren/flassen/software/VEP/plugins_grch38/splice_site_scan.pl line 241.
WARNING: No input file format specified - detected vcf format
foss/2018b(23):ERROR:150: Module 'foss/2018b' conflicts with the currently loaded module(s) 'foss/2019a'
foss/2018b(23):ERROR:102: Tcl command execution failed: conflict foss

Perl/5.28.0-GCCcore-7.3.0(116):ERROR:150: Module 'Perl/5.28.0-GCCcore-7.3.0' conflicts with the currently loaded module(s) 'Perl/5.28.1-GCCcore-8.2.0'
Perl/5.28.0-GCCcore-7.3.0(116):ERROR:102: Tcl command execution failed: conflict Perl

DBD-mysql/4.048-foss-2018b-Perl-5.28.0(21):ERROR:150: Module 'DBD-mysql/4.048-foss-2018b-Perl-5.28.0' conflicts with the currently loaded module(s) 'DBD-mysql/4.050-foss-2019a-Perl-5.28.1'
DBD-mysql/4.048-foss-2018b-Perl-5.28.0(21):ERROR:102: Tcl command execution failed: conflict DBD-mysql

BioPerl/1.7.2-foss-2018b-Perl-5.28.0(23):ERROR:150: Module 'BioPerl/1.7.2-foss-2018b-Perl-5.28.0' conflicts with the currently loaded module(s) 'BioPerl/1.7.2-GCCcore-8.2.0-Perl-5.28.1'
BioPerl/1.7.2-foss-2018b-Perl-5.28.0(23):ERROR:102: Tcl command execution failed: conflict BioPerl

Bio-DB-HTS/2.11-foss-2018b-Perl-5.28.0(21):ERROR:150: Module 'Bio-DB-HTS/2.11-foss-2018b-Perl-5.28.0' conflicts with the currently loaded module(s) 'Bio-DB-HTS/3.01-GCC-8.2.0-2.31.1-Perl-5.28.1'
Bio-DB-HTS/2.11-foss-2018b-Perl-5.28.0(21):ERROR:102: Tcl command execution failed: conflict Bio-DB-HTS

Smartmatch is experimental at /well/lindgren/flassen/software/VEP/plugins_grch38/de_novo_donor.pl line 175.
Smartmatch is experimental at /well/lindgren/flassen/software/VEP/plugins_grch38/de_novo_donor.pl line 214.
Smartmatch is experimental at /well/lindgren/flassen/software/VEP/plugins_grch38/splice_site_scan.pl line 191.
Smartmatch is experimental at /well/lindgren/flassen/software/VEP/plugins_grch38/splice_site_scan.pl line 194.
Smartmatch is experimental at /well/lindgren/flassen/software/VEP/plugins_grch38/splice_site_scan.pl line 238.
Smartmatch is experimental at /well/lindgren/flassen/software/VEP/plugins_grch38/splice_site_scan.pl line 241.
WARNING: No input file format specified - detected vcf format
foss/2018b(23):ERROR:150: Module 'foss/2018b' conflicts with the currently loaded module(s) 'foss/2019a'
foss/2018b(23):ERROR:102: Tcl command execution failed: conflict foss

Perl/5.28.0-GCCcore-7.3.0(116):ERROR:150: Module 'Perl/5.28.0-GCCcore-7.3.0' conflicts with the currently loaded module(s) 'Perl/5.28.1-GCCcore-8.2.0'
Perl/5.28.0-GCCcore-7.3.0(116):ERROR:102: Tcl command execution failed: conflict Perl

DBD-mysql/4.048-foss-2018b-Perl-5.28.0(21):ERROR:150: Module 'DBD-mysql/4.048-foss-2018b-Perl-5.28.0' conflicts with the currently loaded module(s) 'DBD-mysql/4.050-foss-2019a-Perl-5.28.1'
DBD-mysql/4.048-foss-2018b-Perl-5.28.0(21):ERROR:102: Tcl command execution failed: conflict DBD-mysql

BioPerl/1.7.2-foss-2018b-Perl-5.28.0(23):ERROR:150: Module 'BioPerl/1.7.2-foss-2018b-Perl-5.28.0' conflicts with the currently loaded module(s) 'BioPerl/1.7.2-GCCcore-8.2.0-Perl-5.28.1'
BioPerl/1.7.2-foss-2018b-Perl-5.28.0(23):ERROR:102: Tcl command execution failed: conflict BioPerl

Bio-DB-HTS/2.11-foss-2018b-Perl-5.28.0(21):ERROR:150: Module 'Bio-DB-HTS/2.11-foss-2018b-Perl-5.28.0' conflicts with the currently loaded module(s) 'Bio-DB-HTS/3.01-GCC-8.2.0-2.31.1-Perl-5.28.1'
Bio-DB-HTS/2.11-foss-2018b-Perl-5.28.0(21):ERROR:102: Tcl command execution failed: conflict Bio-DB-HTS

Smartmatch is experimental at /well/lindgren/flassen/software/VEP/plugins_grch38/de_novo_donor.pl line 175.
Smartmatch is experimental at /well/lindgren/flassen/software/VEP/plugins_grch38/de_novo_donor.pl line 214.
Smartmatch is experimental at /well/lindgren/flassen/software/VEP/plugins_grch38/splice_site_scan.pl line 191.
Smartmatch is experimental at /well/lindgren/flassen/software/VEP/plugins_grch38/splice_site_scan.pl line 194.
Smartmatch is experimental at /well/lindgren/flassen/software/VEP/plugins_grch38/splice_site_scan.pl line 238.
Smartmatch is experimental at /well/lindgren/flassen/software/VEP/plugins_grch38/splice_site_scan.pl line 241.
WARNING: No input file format specified - detected vcf format
foss/2018b(23):ERROR:150: Module 'foss/2018b' conflicts with the currently loaded module(s) 'foss/2019a'
foss/2018b(23):ERROR:102: Tcl command execution failed: conflict foss

Perl/5.28.0-GCCcore-7.3.0(116):ERROR:150: Module 'Perl/5.28.0-GCCcore-7.3.0' conflicts with the currently loaded module(s) 'Perl/5.28.1-GCCcore-8.2.0'
Perl/5.28.0-GCCcore-7.3.0(116):ERROR:102: Tcl command execution failed: conflict Perl

DBD-mysql/4.048-foss-2018b-Perl-5.28.0(21):ERROR:150: Module 'DBD-mysql/4.048-foss-2018b-Perl-5.28.0' conflicts with the currently loaded module(s) 'DBD-mysql/4.050-foss-2019a-Perl-5.28.1'
DBD-mysql/4.048-foss-2018b-Perl-5.28.0(21):ERROR:102: Tcl command execution failed: conflict DBD-mysql

BioPerl/1.7.2-foss-2018b-Perl-5.28.0(23):ERROR:150: Module 'BioPerl/1.7.2-foss-2018b-Perl-5.28.0' conflicts with the currently loaded module(s) 'BioPerl/1.7.2-GCCcore-8.2.0-Perl-5.28.1'
BioPerl/1.7.2-foss-2018b-Perl-5.28.0(23):ERROR:102: Tcl command execution failed: conflict BioPerl

Bio-DB-HTS/2.11-foss-2018b-Perl-5.28.0(21):ERROR:150: Module 'Bio-DB-HTS/2.11-foss-2018b-Perl-5.28.0' conflicts with the currently loaded module(s) 'Bio-DB-HTS/3.01-GCC-8.2.0-2.31.1-Perl-5.28.1'
Bio-DB-HTS/2.11-foss-2018b-Perl-5.28.0(21):ERROR:102: Tcl command execution failed: conflict Bio-DB-HTS

Smartmatch is experimental at /well/lindgren/flassen/software/VEP/plugins_grch38/de_novo_donor.pl line 175.
Smartmatch is experimental at /well/lindgren/flassen/software/VEP/plugins_grch38/de_novo_donor.pl line 214.
Smartmatch is experimental at /well/lindgren/flassen/software/VEP/plugins_grch38/splice_site_scan.pl line 191.
Smartmatch is experimental at /well/lindgren/flassen/software/VEP/plugins_grch38/splice_site_scan.pl line 194.
Smartmatch is experimental at /well/lindgren/flassen/software/VEP/plugins_grch38/splice_site_scan.pl line 238.
Smartmatch is experimental at /well/lindgren/flassen/software/VEP/plugins_grch38/splice_site_scan.pl line 241.
WARNING: No input file format specified - detected vcf format
foss/2018b(23):ERROR:150: Module 'foss/2018b' conflicts with the currently loaded module(s) 'foss/2019a'
foss/2018b(23):ERROR:102: Tcl command execution failed: conflict foss

Perl/5.28.0-GCCcore-7.3.0(116):ERROR:150: Module 'Perl/5.28.0-GCCcore-7.3.0' conflicts with the currently loaded module(s) 'Perl/5.28.1-GCCcore-8.2.0'
Perl/5.28.0-GCCcore-7.3.0(116):ERROR:102: Tcl command execution failed: conflict Perl

DBD-mysql/4.048-foss-2018b-Perl-5.28.0(21):ERROR:150: Module 'DBD-mysql/4.048-foss-2018b-Perl-5.28.0' conflicts with the currently loaded module(s) 'DBD-mysql/4.050-foss-2019a-Perl-5.28.1'
DBD-mysql/4.048-foss-2018b-Perl-5.28.0(21):ERROR:102: Tcl command execution failed: conflict DBD-mysql

BioPerl/1.7.2-foss-2018b-Perl-5.28.0(23):ERROR:150: Module 'BioPerl/1.7.2-foss-2018b-Perl-5.28.0' conflicts with the currently loaded module(s) 'BioPerl/1.7.2-GCCcore-8.2.0-Perl-5.28.1'
BioPerl/1.7.2-foss-2018b-Perl-5.28.0(23):ERROR:102: Tcl command execution failed: conflict BioPerl

Bio-DB-HTS/2.11-foss-2018b-Perl-5.28.0(21):ERROR:150: Module 'Bio-DB-HTS/2.11-foss-2018b-Perl-5.28.0' conflicts with the currently loaded module(s) 'Bio-DB-HTS/3.01-GCC-8.2.0-2.31.1-Perl-5.28.1'
Bio-DB-HTS/2.11-foss-2018b-Perl-5.28.0(21):ERROR:102: Tcl command execution failed: conflict Bio-DB-HTS

Smartmatch is experimental at /well/lindgren/flassen/software/VEP/plugins_grch38/de_novo_donor.pl line 175.
Smartmatch is experimental at /well/lindgren/flassen/software/VEP/plugins_grch38/de_novo_donor.pl line 214.
Smartmatch is experimental at /well/lindgren/flassen/software/VEP/plugins_grch38/splice_site_scan.pl line 191.
Smartmatch is experimental at /well/lindgren/flassen/software/VEP/plugins_grch38/splice_site_scan.pl line 194.
Smartmatch is experimental at /well/lindgren/flassen/software/VEP/plugins_grch38/splice_site_scan.pl line 238.
Smartmatch is experimental at /well/lindgren/flassen/software/VEP/plugins_grch38/splice_site_scan.pl line 241.
WARNING: No input file format specified - detected vcf format
foss/2018b(23):ERROR:150: Module 'foss/2018b' conflicts with the currently loaded module(s) 'foss/2019a'
foss/2018b(23):ERROR:102: Tcl command execution failed: conflict foss

Perl/5.28.0-GCCcore-7.3.0(116):ERROR:150: Module 'Perl/5.28.0-GCCcore-7.3.0' conflicts with the currently loaded module(s) 'Perl/5.28.1-GCCcore-8.2.0'
Perl/5.28.0-GCCcore-7.3.0(116):ERROR:102: Tcl command execution failed: conflict Perl

DBD-mysql/4.048-foss-2018b-Perl-5.28.0(21):ERROR:150: Module 'DBD-mysql/4.048-foss-2018b-Perl-5.28.0' conflicts with the currently loaded module(s) 'DBD-mysql/4.050-foss-2019a-Perl-5.28.1'
DBD-mysql/4.048-foss-2018b-Perl-5.28.0(21):ERROR:102: Tcl command execution failed: conflict DBD-mysql

BioPerl/1.7.2-foss-2018b-Perl-5.28.0(23):ERROR:150: Module 'BioPerl/1.7.2-foss-2018b-Perl-5.28.0' conflicts with the currently loaded module(s) 'BioPerl/1.7.2-GCCcore-8.2.0-Perl-5.28.1'
BioPerl/1.7.2-foss-2018b-Perl-5.28.0(23):ERROR:102: Tcl command execution failed: conflict BioPerl

Bio-DB-HTS/2.11-foss-2018b-Perl-5.28.0(21):ERROR:150: Module 'Bio-DB-HTS/2.11-foss-2018b-Perl-5.28.0' conflicts with the currently loaded module(s) 'Bio-DB-HTS/3.01-GCC-8.2.0-2.31.1-Perl-5.28.1'
Bio-DB-HTS/2.11-foss-2018b-Perl-5.28.0(21):ERROR:102: Tcl command execution failed: conflict Bio-DB-HTS

Smartmatch is experimental at /well/lindgren/flassen/software/VEP/plugins_grch38/de_novo_donor.pl line 175.
Smartmatch is experimental at /well/lindgren/flassen/software/VEP/plugins_grch38/de_novo_donor.pl line 214.
Smartmatch is experimental at /well/lindgren/flassen/software/VEP/plugins_grch38/splice_site_scan.pl line 191.
Smartmatch is experimental at /well/lindgren/flassen/software/VEP/plugins_grch38/splice_site_scan.pl line 194.
Smartmatch is experimental at /well/lindgren/flassen/software/VEP/plugins_grch38/splice_site_scan.pl line 238.
Smartmatch is experimental at /well/lindgren/flassen/software/VEP/plugins_grch38/splice_site_scan.pl line 241.
WARNING: No input file format specified - detected vcf format
foss/2018b(23):ERROR:150: Module 'foss/2018b' conflicts with the currently loaded module(s) 'foss/2019a'
foss/2018b(23):ERROR:102: Tcl command execution failed: conflict foss

Perl/5.28.0-GCCcore-7.3.0(116):ERROR:150: Module 'Perl/5.28.0-GCCcore-7.3.0' conflicts with the currently loaded module(s) 'Perl/5.28.1-GCCcore-8.2.0'
Perl/5.28.0-GCCcore-7.3.0(116):ERROR:102: Tcl command execution failed: conflict Perl

DBD-mysql/4.048-foss-2018b-Perl-5.28.0(21):ERROR:150: Module 'DBD-mysql/4.048-foss-2018b-Perl-5.28.0' conflicts with the currently loaded module(s) 'DBD-mysql/4.050-foss-2019a-Perl-5.28.1'
DBD-mysql/4.048-foss-2018b-Perl-5.28.0(21):ERROR:102: Tcl command execution failed: conflict DBD-mysql

BioPerl/1.7.2-foss-2018b-Perl-5.28.0(23):ERROR:150: Module 'BioPerl/1.7.2-foss-2018b-Perl-5.28.0' conflicts with the currently loaded module(s) 'BioPerl/1.7.2-GCCcore-8.2.0-Perl-5.28.1'
BioPerl/1.7.2-foss-2018b-Perl-5.28.0(23):ERROR:102: Tcl command execution failed: conflict BioPerl

Bio-DB-HTS/2.11-foss-2018b-Perl-5.28.0(21):ERROR:150: Module 'Bio-DB-HTS/2.11-foss-2018b-Perl-5.28.0' conflicts with the currently loaded module(s) 'Bio-DB-HTS/3.01-GCC-8.2.0-2.31.1-Perl-5.28.1'
Bio-DB-HTS/2.11-foss-2018b-Perl-5.28.0(21):ERROR:102: Tcl command execution failed: conflict Bio-DB-HTS

Smartmatch is experimental at /well/lindgren/flassen/software/VEP/plugins_grch38/de_novo_donor.pl line 175.
Smartmatch is experimental at /well/lindgren/flassen/software/VEP/plugins_grch38/de_novo_donor.pl line 214.
Smartmatch is experimental at /well/lindgren/flassen/software/VEP/plugins_grch38/splice_site_scan.pl line 191.
Smartmatch is experimental at /well/lindgren/flassen/software/VEP/plugins_grch38/splice_site_scan.pl line 194.
Smartmatch is experimental at /well/lindgren/flassen/software/VEP/plugins_grch38/splice_site_scan.pl line 238.
Smartmatch is experimental at /well/lindgren/flassen/software/VEP/plugins_grch38/splice_site_scan.pl line 241.
WARNING: No input file format specified - detected vcf format
foss/2018b(23):ERROR:150: Module 'foss/2018b' conflicts with the currently loaded module(s) 'foss/2019a'
foss/2018b(23):ERROR:102: Tcl command execution failed: conflict foss

Perl/5.28.0-GCCcore-7.3.0(116):ERROR:150: Module 'Perl/5.28.0-GCCcore-7.3.0' conflicts with the currently loaded module(s) 'Perl/5.28.1-GCCcore-8.2.0'
Perl/5.28.0-GCCcore-7.3.0(116):ERROR:102: Tcl command execution failed: conflict Perl

DBD-mysql/4.048-foss-2018b-Perl-5.28.0(21):ERROR:150: Module 'DBD-mysql/4.048-foss-2018b-Perl-5.28.0' conflicts with the currently loaded module(s) 'DBD-mysql/4.050-foss-2019a-Perl-5.28.1'
DBD-mysql/4.048-foss-2018b-Perl-5.28.0(21):ERROR:102: Tcl command execution failed: conflict DBD-mysql

BioPerl/1.7.2-foss-2018b-Perl-5.28.0(23):ERROR:150: Module 'BioPerl/1.7.2-foss-2018b-Perl-5.28.0' conflicts with the currently loaded module(s) 'BioPerl/1.7.2-GCCcore-8.2.0-Perl-5.28.1'
BioPerl/1.7.2-foss-2018b-Perl-5.28.0(23):ERROR:102: Tcl command execution failed: conflict BioPerl

Bio-DB-HTS/2.11-foss-2018b-Perl-5.28.0(21):ERROR:150: Module 'Bio-DB-HTS/2.11-foss-2018b-Perl-5.28.0' conflicts with the currently loaded module(s) 'Bio-DB-HTS/3.01-GCC-8.2.0-2.31.1-Perl-5.28.1'
Bio-DB-HTS/2.11-foss-2018b-Perl-5.28.0(21):ERROR:102: Tcl command execution failed: conflict Bio-DB-HTS

Smartmatch is experimental at /well/lindgren/flassen/software/VEP/plugins_grch38/de_novo_donor.pl line 175.
Smartmatch is experimental at /well/lindgren/flassen/software/VEP/plugins_grch38/de_novo_donor.pl line 214.
Smartmatch is experimental at /well/lindgren/flassen/software/VEP/plugins_grch38/splice_site_scan.pl line 191.
Smartmatch is experimental at /well/lindgren/flassen/software/VEP/plugins_grch38/splice_site_scan.pl line 194.
Smartmatch is experimental at /well/lindgren/flassen/software/VEP/plugins_grch38/splice_site_scan.pl line 238.
Smartmatch is experimental at /well/lindgren/flassen/software/VEP/plugins_grch38/splice_site_scan.pl line 241.
WARNING: No input file format specified - detected vcf format
foss/2018b(23):ERROR:150: Module 'foss/2018b' conflicts with the currently loaded module(s) 'foss/2019a'
foss/2018b(23):ERROR:102: Tcl command execution failed: conflict foss

Perl/5.28.0-GCCcore-7.3.0(116):ERROR:150: Module 'Perl/5.28.0-GCCcore-7.3.0' conflicts with the currently loaded module(s) 'Perl/5.28.1-GCCcore-8.2.0'
Perl/5.28.0-GCCcore-7.3.0(116):ERROR:102: Tcl command execution failed: conflict Perl

DBD-mysql/4.048-foss-2018b-Perl-5.28.0(21):ERROR:150: Module 'DBD-mysql/4.048-foss-2018b-Perl-5.28.0' conflicts with the currently loaded module(s) 'DBD-mysql/4.050-foss-2019a-Perl-5.28.1'
DBD-mysql/4.048-foss-2018b-Perl-5.28.0(21):ERROR:102: Tcl command execution failed: conflict DBD-mysql

BioPerl/1.7.2-foss-2018b-Perl-5.28.0(23):ERROR:150: Module 'BioPerl/1.7.2-foss-2018b-Perl-5.28.0' conflicts with the currently loaded module(s) 'BioPerl/1.7.2-GCCcore-8.2.0-Perl-5.28.1'
BioPerl/1.7.2-foss-2018b-Perl-5.28.0(23):ERROR:102: Tcl command execution failed: conflict BioPerl

Bio-DB-HTS/2.11-foss-2018b-Perl-5.28.0(21):ERROR:150: Module 'Bio-DB-HTS/2.11-foss-2018b-Perl-5.28.0' conflicts with the currently loaded module(s) 'Bio-DB-HTS/3.01-GCC-8.2.0-2.31.1-Perl-5.28.1'
Bio-DB-HTS/2.11-foss-2018b-Perl-5.28.0(21):ERROR:102: Tcl command execution failed: conflict Bio-DB-HTS

Smartmatch is experimental at /well/lindgren/flassen/software/VEP/plugins_grch38/de_novo_donor.pl line 175.
Smartmatch is experimental at /well/lindgren/flassen/software/VEP/plugins_grch38/de_novo_donor.pl line 214.
Smartmatch is experimental at /well/lindgren/flassen/software/VEP/plugins_grch38/splice_site_scan.pl line 191.
Smartmatch is experimental at /well/lindgren/flassen/software/VEP/plugins_grch38/splice_site_scan.pl line 194.
Smartmatch is experimental at /well/lindgren/flassen/software/VEP/plugins_grch38/splice_site_scan.pl line 238.
Smartmatch is experimental at /well/lindgren/flassen/software/VEP/plugins_grch38/splice_site_scan.pl line 241.
WARNING: No input file format specified - detected vcf format
foss/2018b(23):ERROR:150: Module 'foss/2018b' conflicts with the currently loaded module(s) 'foss/2019a'
foss/2018b(23):ERROR:102: Tcl command execution failed: conflict foss

Perl/5.28.0-GCCcore-7.3.0(116):ERROR:150: Module 'Perl/5.28.0-GCCcore-7.3.0' conflicts with the currently loaded module(s) 'Perl/5.28.1-GCCcore-8.2.0'
Perl/5.28.0-GCCcore-7.3.0(116):ERROR:102: Tcl command execution failed: conflict Perl

DBD-mysql/4.048-foss-2018b-Perl-5.28.0(21):ERROR:150: Module 'DBD-mysql/4.048-foss-2018b-Perl-5.28.0' conflicts with the currently loaded module(s) 'DBD-mysql/4.050-foss-2019a-Perl-5.28.1'
DBD-mysql/4.048-foss-2018b-Perl-5.28.0(21):ERROR:102: Tcl command execution failed: conflict DBD-mysql

BioPerl/1.7.2-foss-2018b-Perl-5.28.0(23):ERROR:150: Module 'BioPerl/1.7.2-foss-2018b-Perl-5.28.0' conflicts with the currently loaded module(s) 'BioPerl/1.7.2-GCCcore-8.2.0-Perl-5.28.1'
BioPerl/1.7.2-foss-2018b-Perl-5.28.0(23):ERROR:102: Tcl command execution failed: conflict BioPerl

Bio-DB-HTS/2.11-foss-2018b-Perl-5.28.0(21):ERROR:150: Module 'Bio-DB-HTS/2.11-foss-2018b-Perl-5.28.0' conflicts with the currently loaded module(s) 'Bio-DB-HTS/3.01-GCC-8.2.0-2.31.1-Perl-5.28.1'
Bio-DB-HTS/2.11-foss-2018b-Perl-5.28.0(21):ERROR:102: Tcl command execution failed: conflict Bio-DB-HTS

Smartmatch is experimental at /well/lindgren/flassen/software/VEP/plugins_grch38/de_novo_donor.pl line 175.
Smartmatch is experimental at /well/lindgren/flassen/software/VEP/plugins_grch38/de_novo_donor.pl line 214.
Smartmatch is experimental at /well/lindgren/flassen/software/VEP/plugins_grch38/splice_site_scan.pl line 191.
Smartmatch is experimental at /well/lindgren/flassen/software/VEP/plugins_grch38/splice_site_scan.pl line 194.
Smartmatch is experimental at /well/lindgren/flassen/software/VEP/plugins_grch38/splice_site_scan.pl line 238.
Smartmatch is experimental at /well/lindgren/flassen/software/VEP/plugins_grch38/splice_site_scan.pl line 241.
WARNING: No input file format specified - detected vcf format
foss/2018b(23):ERROR:150: Module 'foss/2018b' conflicts with the currently loaded module(s) 'foss/2019a'
foss/2018b(23):ERROR:102: Tcl command execution failed: conflict foss

Perl/5.28.0-GCCcore-7.3.0(116):ERROR:150: Module 'Perl/5.28.0-GCCcore-7.3.0' conflicts with the currently loaded module(s) 'Perl/5.28.1-GCCcore-8.2.0'
Perl/5.28.0-GCCcore-7.3.0(116):ERROR:102: Tcl command execution failed: conflict Perl

DBD-mysql/4.048-foss-2018b-Perl-5.28.0(21):ERROR:150: Module 'DBD-mysql/4.048-foss-2018b-Perl-5.28.0' conflicts with the currently loaded module(s) 'DBD-mysql/4.050-foss-2019a-Perl-5.28.1'
DBD-mysql/4.048-foss-2018b-Perl-5.28.0(21):ERROR:102: Tcl command execution failed: conflict DBD-mysql

BioPerl/1.7.2-foss-2018b-Perl-5.28.0(23):ERROR:150: Module 'BioPerl/1.7.2-foss-2018b-Perl-5.28.0' conflicts with the currently loaded module(s) 'BioPerl/1.7.2-GCCcore-8.2.0-Perl-5.28.1'
BioPerl/1.7.2-foss-2018b-Perl-5.28.0(23):ERROR:102: Tcl command execution failed: conflict BioPerl

Bio-DB-HTS/2.11-foss-2018b-Perl-5.28.0(21):ERROR:150: Module 'Bio-DB-HTS/2.11-foss-2018b-Perl-5.28.0' conflicts with the currently loaded module(s) 'Bio-DB-HTS/3.01-GCC-8.2.0-2.31.1-Perl-5.28.1'
Bio-DB-HTS/2.11-foss-2018b-Perl-5.28.0(21):ERROR:102: Tcl command execution failed: conflict Bio-DB-HTS

Smartmatch is experimental at /well/lindgren/flassen/software/VEP/plugins_grch38/de_novo_donor.pl line 175.
Smartmatch is experimental at /well/lindgren/flassen/software/VEP/plugins_grch38/de_novo_donor.pl line 214.
Smartmatch is experimental at /well/lindgren/flassen/software/VEP/plugins_grch38/splice_site_scan.pl line 191.
Smartmatch is experimental at /well/lindgren/flassen/software/VEP/plugins_grch38/splice_site_scan.pl line 194.
Smartmatch is experimental at /well/lindgren/flassen/software/VEP/plugins_grch38/splice_site_scan.pl line 238.
Smartmatch is experimental at /well/lindgren/flassen/software/VEP/plugins_grch38/splice_site_scan.pl line 241.
WARNING: No input file format specified - detected vcf format
foss/2018b(23):ERROR:150: Module 'foss/2018b' conflicts with the currently loaded module(s) 'foss/2019a'
foss/2018b(23):ERROR:102: Tcl command execution failed: conflict foss

Perl/5.28.0-GCCcore-7.3.0(116):ERROR:150: Module 'Perl/5.28.0-GCCcore-7.3.0' conflicts with the currently loaded module(s) 'Perl/5.28.1-GCCcore-8.2.0'
Perl/5.28.0-GCCcore-7.3.0(116):ERROR:102: Tcl command execution failed: conflict Perl

DBD-mysql/4.048-foss-2018b-Perl-5.28.0(21):ERROR:150: Module 'DBD-mysql/4.048-foss-2018b-Perl-5.28.0' conflicts with the currently loaded module(s) 'DBD-mysql/4.050-foss-2019a-Perl-5.28.1'
DBD-mysql/4.048-foss-2018b-Perl-5.28.0(21):ERROR:102: Tcl command execution failed: conflict DBD-mysql

BioPerl/1.7.2-foss-2018b-Perl-5.28.0(23):ERROR:150: Module 'BioPerl/1.7.2-foss-2018b-Perl-5.28.0' conflicts with the currently loaded module(s) 'BioPerl/1.7.2-GCCcore-8.2.0-Perl-5.28.1'
BioPerl/1.7.2-foss-2018b-Perl-5.28.0(23):ERROR:102: Tcl command execution failed: conflict BioPerl

Bio-DB-HTS/2.11-foss-2018b-Perl-5.28.0(21):ERROR:150: Module 'Bio-DB-HTS/2.11-foss-2018b-Perl-5.28.0' conflicts with the currently loaded module(s) 'Bio-DB-HTS/3.01-GCC-8.2.0-2.31.1-Perl-5.28.1'
Bio-DB-HTS/2.11-foss-2018b-Perl-5.28.0(21):ERROR:102: Tcl command execution failed: conflict Bio-DB-HTS

Smartmatch is experimental at /well/lindgren/flassen/software/VEP/plugins_grch38/de_novo_donor.pl line 175.
Smartmatch is experimental at /well/lindgren/flassen/software/VEP/plugins_grch38/de_novo_donor.pl line 214.
Smartmatch is experimental at /well/lindgren/flassen/software/VEP/plugins_grch38/splice_site_scan.pl line 191.
Smartmatch is experimental at /well/lindgren/flassen/software/VEP/plugins_grch38/splice_site_scan.pl line 194.
Smartmatch is experimental at /well/lindgren/flassen/software/VEP/plugins_grch38/splice_site_scan.pl line 238.
Smartmatch is experimental at /well/lindgren/flassen/software/VEP/plugins_grch38/splice_site_scan.pl line 241.
WARNING: No input file format specified - detected vcf format
foss/2018b(23):ERROR:150: Module 'foss/2018b' conflicts with the currently loaded module(s) 'foss/2019a'
foss/2018b(23):ERROR:102: Tcl command execution failed: conflict foss

Perl/5.28.0-GCCcore-7.3.0(116):ERROR:150: Module 'Perl/5.28.0-GCCcore-7.3.0' conflicts with the currently loaded module(s) 'Perl/5.28.1-GCCcore-8.2.0'
Perl/5.28.0-GCCcore-7.3.0(116):ERROR:102: Tcl command execution failed: conflict Perl

DBD-mysql/4.048-foss-2018b-Perl-5.28.0(21):ERROR:150: Module 'DBD-mysql/4.048-foss-2018b-Perl-5.28.0' conflicts with the currently loaded module(s) 'DBD-mysql/4.050-foss-2019a-Perl-5.28.1'
DBD-mysql/4.048-foss-2018b-Perl-5.28.0(21):ERROR:102: Tcl command execution failed: conflict DBD-mysql

BioPerl/1.7.2-foss-2018b-Perl-5.28.0(23):ERROR:150: Module 'BioPerl/1.7.2-foss-2018b-Perl-5.28.0' conflicts with the currently loaded module(s) 'BioPerl/1.7.2-GCCcore-8.2.0-Perl-5.28.1'
BioPerl/1.7.2-foss-2018b-Perl-5.28.0(23):ERROR:102: Tcl command execution failed: conflict BioPerl

Bio-DB-HTS/2.11-foss-2018b-Perl-5.28.0(21):ERROR:150: Module 'Bio-DB-HTS/2.11-foss-2018b-Perl-5.28.0' conflicts with the currently loaded module(s) 'Bio-DB-HTS/3.01-GCC-8.2.0-2.31.1-Perl-5.28.1'
Bio-DB-HTS/2.11-foss-2018b-Perl-5.28.0(21):ERROR:102: Tcl command execution failed: conflict Bio-DB-HTS

Smartmatch is experimental at /well/lindgren/flassen/software/VEP/plugins_grch38/de_novo_donor.pl line 175.
Smartmatch is experimental at /well/lindgren/flassen/software/VEP/plugins_grch38/de_novo_donor.pl line 214.
Smartmatch is experimental at /well/lindgren/flassen/software/VEP/plugins_grch38/splice_site_scan.pl line 191.
Smartmatch is experimental at /well/lindgren/flassen/software/VEP/plugins_grch38/splice_site_scan.pl line 194.
Smartmatch is experimental at /well/lindgren/flassen/software/VEP/plugins_grch38/splice_site_scan.pl line 238.
Smartmatch is experimental at /well/lindgren/flassen/software/VEP/plugins_grch38/splice_site_scan.pl line 241.
WARNING: No input file format specified - detected vcf format
data/vep/output/ukb_wes_200k_vep_chr1.vcf already exists. Skipping... 
data/vep/output/ukb_wes_200k_vep_chr1.vcf already exists. Skipping... 
data/vep/output/ukb_wes_200k_vep_chr2.vcf already exists. Skipping... 
data/vep/output/ukb_wes_200k_vep_chr4.vcf already exists. Skipping... 
data/vep/output/ukb_wes_200k_vep_chr9.vcf already exists. Skipping... 
data/vep/output/ukb_wes_200k_vep_chr5.vcf already exists. Skipping... 
data/vep/output/ukb_wes_200k_vep_chr6.vcf already exists. Skipping... 
data/vep/output/ukb_wes_200k_vep_chr11.vcf already exists. Skipping... 
data/vep/output/ukb_wes_200k_vep_chr10.vcf already exists. Skipping... 
data/vep/output/ukb_wes_200k_vep_chr13.vcf already exists. Skipping... 
data/vep/output/ukb_wes_200k_vep_chr14.vcf already exists. Skipping... 
data/vep/output/ukb_wes_200k_vep_chr17.vcf already exists. Skipping... 
data/vep/output/ukb_wes_200k_vep_chr16.vcf already exists. Skipping... 
data/vep/output/ukb_wes_200k_vep_chr20.vcf already exists. Skipping... 
data/vep/output/ukb_wes_200k_vep_chr21.vcf already exists. Skipping... 
data/vep/output/ukb_wes_200k_vep_chr22.vcf already exists. Skipping... 
data/vep/output/ukb_wes_200k_vep_chr19.vcf already exists. Skipping... 
/var/spool/default/compd012/job_scripts/53929569: line 75:  1342 Illegal instruction     bcftools query -f '%CHROM %POS %ID %REF %ALT %AC %QUAL\n' "${RAW_ROOT}${RAW_FILE}" -o "${OUT_ROOT}${TMP_FILE}"
/var/spool/default/compd013/job_scripts/53929569: line 75:  9372 Illegal instruction     bcftools query -f '%CHROM %POS %ID %REF %ALT %AC %QUAL\n' "${RAW_ROOT}${RAW_FILE}" -o "${OUT_ROOT}${TMP_FILE}"
