foss/2018b(23):ERROR:150: Module 'foss/2018b' conflicts with the currently loaded module(s) 'foss/2019a'
foss/2018b(23):ERROR:102: Tcl command execution failed: conflict foss

Perl/5.28.0-GCCcore-7.3.0(116):ERROR:150: Module 'Perl/5.28.0-GCCcore-7.3.0' conflicts with the currently loaded module(s) 'Perl/5.28.1-GCCcore-8.2.0'
Perl/5.28.0-GCCcore-7.3.0(116):ERROR:102: Tcl command execution failed: conflict Perl

DBD-mysql/4.048-foss-2018b-Perl-5.28.0(21):ERROR:150: Module 'DBD-mysql/4.048-foss-2018b-Perl-5.28.0' conflicts with the currently loaded module(s) 'DBD-mysql/4.050-foss-2019a-Perl-5.28.1'
DBD-mysql/4.048-foss-2018b-Perl-5.28.0(21):ERROR:102: Tcl command execution failed: conflict DBD-mysql

BioPerl/1.7.2-foss-2018b-Perl-5.28.0(23):ERROR:150: Module 'BioPerl/1.7.2-foss-2018b-Perl-5.28.0' conflicts with the currently loaded module(s) 'BioPerl/1.7.2-GCCcore-8.2.0-Perl-5.28.1'
BioPerl/1.7.2-foss-2018b-Perl-5.28.0(23):ERROR:102: Tcl command execution failed: conflict BioPerl

Bio-DB-HTS/2.11-foss-2018b-Perl-5.28.0(21):ERROR:150: Module 'Bio-DB-HTS/2.11-foss-2018b-Perl-5.28.0' conflicts with the currently loaded module(s) 'Bio-DB-HTS/3.01-GCC-8.2.0-2.31.1-Perl-5.28.1'
Bio-DB-HTS/2.11-foss-2018b-Perl-5.28.0(21):ERROR:102: Tcl command execution failed: conflict Bio-DB-HTS


-------------------- EXCEPTION --------------------
MSG: ERROR: Can't use --most_severe and --symbol together

STACK Bio::EnsEMBL::VEP::Config::check_config /gpfs3/apps/eb/skylake/software/VEP/95.0-foss-2018b-Perl-5.28.0/modules/Bio/EnsEMBL/VEP/Config.pm:657
STACK Bio::EnsEMBL::VEP::Config::new /gpfs3/apps/eb/skylake/software/VEP/95.0-foss-2018b-Perl-5.28.0/modules/Bio/EnsEMBL/VEP/Config.pm:487
STACK Bio::EnsEMBL::VEP::BaseRunner::new /gpfs3/apps/eb/skylake/software/VEP/95.0-foss-2018b-Perl-5.28.0/modules/Bio/EnsEMBL/VEP/BaseRunner.pm:92
STACK toplevel /apps/eb/skylake/software/VEP/95.0-foss-2018b-Perl-5.28.0/vep:216
Date (localtime)    = Fri Aug 13 15:04:51 2021
Ensembl API version = 95
---------------------------------------------------
foss/2018b(23):ERROR:150: Module 'foss/2018b' conflicts with the currently loaded module(s) 'foss/2019a'
foss/2018b(23):ERROR:102: Tcl command execution failed: conflict foss

Perl/5.28.0-GCCcore-7.3.0(116):ERROR:150: Module 'Perl/5.28.0-GCCcore-7.3.0' conflicts with the currently loaded module(s) 'Perl/5.28.1-GCCcore-8.2.0'
Perl/5.28.0-GCCcore-7.3.0(116):ERROR:102: Tcl command execution failed: conflict Perl

DBD-mysql/4.048-foss-2018b-Perl-5.28.0(21):ERROR:150: Module 'DBD-mysql/4.048-foss-2018b-Perl-5.28.0' conflicts with the currently loaded module(s) 'DBD-mysql/4.050-foss-2019a-Perl-5.28.1'
DBD-mysql/4.048-foss-2018b-Perl-5.28.0(21):ERROR:102: Tcl command execution failed: conflict DBD-mysql

BioPerl/1.7.2-foss-2018b-Perl-5.28.0(23):ERROR:150: Module 'BioPerl/1.7.2-foss-2018b-Perl-5.28.0' conflicts with the currently loaded module(s) 'BioPerl/1.7.2-GCCcore-8.2.0-Perl-5.28.1'
BioPerl/1.7.2-foss-2018b-Perl-5.28.0(23):ERROR:102: Tcl command execution failed: conflict BioPerl

Bio-DB-HTS/2.11-foss-2018b-Perl-5.28.0(21):ERROR:150: Module 'Bio-DB-HTS/2.11-foss-2018b-Perl-5.28.0' conflicts with the currently loaded module(s) 'Bio-DB-HTS/3.01-GCC-8.2.0-2.31.1-Perl-5.28.1'
Bio-DB-HTS/2.11-foss-2018b-Perl-5.28.0(21):ERROR:102: Tcl command execution failed: conflict Bio-DB-HTS


-------------------- EXCEPTION --------------------
MSG: ERROR: Can't use --most_severe and --symbol together

STACK Bio::EnsEMBL::VEP::Config::check_config /gpfs3/apps/eb/skylake/software/VEP/95.0-foss-2018b-Perl-5.28.0/modules/Bio/EnsEMBL/VEP/Config.pm:657
STACK Bio::EnsEMBL::VEP::Config::new /gpfs3/apps/eb/skylake/software/VEP/95.0-foss-2018b-Perl-5.28.0/modules/Bio/EnsEMBL/VEP/Config.pm:487
STACK Bio::EnsEMBL::VEP::BaseRunner::new /gpfs3/apps/eb/skylake/software/VEP/95.0-foss-2018b-Perl-5.28.0/modules/Bio/EnsEMBL/VEP/BaseRunner.pm:92
STACK toplevel /apps/eb/skylake/software/VEP/95.0-foss-2018b-Perl-5.28.0/vep:216
Date (localtime)    = Fri Aug 13 15:32:05 2021
Ensembl API version = 95
---------------------------------------------------
