foss/2018b(23):ERROR:150: Module 'foss/2018b' conflicts with the currently loaded module(s) 'foss/2019a'
foss/2018b(23):ERROR:102: Tcl command execution failed: conflict foss

Perl/5.28.0-GCCcore-7.3.0(116):ERROR:150: Module 'Perl/5.28.0-GCCcore-7.3.0' conflicts with the currently loaded module(s) 'Perl/5.28.1-GCCcore-8.2.0'
Perl/5.28.0-GCCcore-7.3.0(116):ERROR:102: Tcl command execution failed: conflict Perl

DBD-mysql/4.048-foss-2018b-Perl-5.28.0(21):ERROR:150: Module 'DBD-mysql/4.048-foss-2018b-Perl-5.28.0' conflicts with the currently loaded module(s) 'DBD-mysql/4.050-foss-2019a-Perl-5.28.1'
DBD-mysql/4.048-foss-2018b-Perl-5.28.0(21):ERROR:102: Tcl command execution failed: conflict DBD-mysql

BioPerl/1.7.2-foss-2018b-Perl-5.28.0(23):ERROR:150: Module 'BioPerl/1.7.2-foss-2018b-Perl-5.28.0' conflicts with the currently loaded module(s) 'BioPerl/1.7.2-GCCcore-8.2.0-Perl-5.28.1'
BioPerl/1.7.2-foss-2018b-Perl-5.28.0(23):ERROR:102: Tcl command execution failed: conflict BioPerl

Bio-DB-HTS/2.11-foss-2018b-Perl-5.28.0(21):ERROR:150: Module 'Bio-DB-HTS/2.11-foss-2018b-Perl-5.28.0' conflicts with the currently loaded module(s) 'Bio-DB-HTS/3.01-GCC-8.2.0-2.31.1-Perl-5.28.1'
Bio-DB-HTS/2.11-foss-2018b-Perl-5.28.0(21):ERROR:102: Tcl command execution failed: conflict Bio-DB-HTS

Smartmatch is experimental at /well/lindgren/flassen/software/VEP/plugins_grch38/de_novo_donor.pl line 175.
Smartmatch is experimental at /well/lindgren/flassen/software/VEP/plugins_grch38/de_novo_donor.pl line 214.
Smartmatch is experimental at /well/lindgren/flassen/software/VEP/plugins_grch38/splice_site_scan.pl line 191.
Smartmatch is experimental at /well/lindgren/flassen/software/VEP/plugins_grch38/splice_site_scan.pl line 194.
Smartmatch is experimental at /well/lindgren/flassen/software/VEP/plugins_grch38/splice_site_scan.pl line 238.
Smartmatch is experimental at /well/lindgren/flassen/software/VEP/plugins_grch38/splice_site_scan.pl line 241.
WARNING: No input file format specified - detected vcf format
Use of uninitialized value in split at /well/lindgren/flassen/software/VEP/plugins_grch38/LoF.pm line 562, <__ANONIO__> line 10001.
Use of uninitialized value $number_of_exons in subtraction (-) at /well/lindgren/flassen/software/VEP/plugins_grch38/LoF.pm line 575, <__ANONIO__> line 10001.
Use of uninitialized value in split at /well/lindgren/flassen/software/VEP/plugins_grch38/LoF.pm line 562, <__ANONIO__> line 30001.
Use of uninitialized value $number_of_exons in subtraction (-) at /well/lindgren/flassen/software/VEP/plugins_grch38/LoF.pm line 575, <__ANONIO__> line 30001.
Use of uninitialized value in split at /well/lindgren/flassen/software/VEP/plugins_grch38/LoF.pm line 562, <__ANONIO__> line 60001.
Use of uninitialized value $number_of_exons in subtraction (-) at /well/lindgren/flassen/software/VEP/plugins_grch38/LoF.pm line 575, <__ANONIO__> line 60001.
Use of uninitialized value in split at /well/lindgren/flassen/software/VEP/plugins_grch38/LoF.pm line 562, <__ANONIO__> line 95001.
Use of uninitialized value $number_of_exons in subtraction (-) at /well/lindgren/flassen/software/VEP/plugins_grch38/LoF.pm line 575, <__ANONIO__> line 95001.
Use of uninitialized value in split at /well/lindgren/flassen/software/VEP/plugins_grch38/LoF.pm line 562, <__ANONIO__> line 140001.
Use of uninitialized value $number_of_exons in subtraction (-) at /well/lindgren/flassen/software/VEP/plugins_grch38/LoF.pm line 575, <__ANONIO__> line 140001.
